#! /usr/bin/vvp
:ivl_version "10.3 (stable)";
:ivl_delay_selection "TYPICAL";
:vpi_time_precision - 12;
:vpi_module "system";
:vpi_module "vhdl_sys";
:vpi_module "v2005_math";
:vpi_module "va_math";
S_0x55bb42328120 .scope module, "microprocessor_tb" "microprocessor_tb" 2 2;
 .timescale -9 -12;
v0x55bb424318b0_0 .var "clk", 0 0;
v0x55bb42431970_0 .var "en", 0 0;
v0x55bb42431a30_0 .var "rst", 0 0;
S_0x55bb4232e3e0 .scope module, "u_microprocessor" "Microprocessor" 2 9, 3 1 0, S_0x55bb42328120;
 .timescale -9 -12;
    .port_info 0 /INPUT 1 "clk"
    .port_info 1 /INPUT 1 "rst"
    .port_info 2 /INPUT 1 "en"
    .port_info 3 /INPUT 32 "instruction"
v0x55bb42430700_0 .net "address_out", 31 0, v0x55bb42426c20_0;  1 drivers
v0x55bb424307e0_0 .net "clk", 0 0, v0x55bb424318b0_0;  1 drivers
v0x55bb424308a0_0 .net "data_mem_request", 0 0, v0x55bb42429b70_0;  1 drivers
v0x55bb424309d0_0 .net "data_mem_valid", 0 0, v0x55bb4242ee20_0;  1 drivers
v0x55bb42430b00_0 .net "data_mem_we_re", 0 0, v0x55bb42429d70_0;  1 drivers
v0x55bb42430c30_0 .net "data_out", 31 0, v0x55bb4242f9f0_0;  1 drivers
v0x55bb42430cd0_0 .net "en", 0 0, v0x55bb42431970_0;  1 drivers
v0x55bb42430d70_0 .net "instruc_mask_signal", 3 0, v0x55bb42428170_0;  1 drivers
v0x55bb42430ec0_0 .net "instruc_mem_request", 0 0, L_0x55bb423c0440;  1 drivers
v0x55bb42430ff0_0 .net "instruc_mem_valid", 0 0, v0x55bb42430450_0;  1 drivers
v0x55bb42431090_0 .net "instruc_mem_we_re", 0 0, v0x55bb424285d0_0;  1 drivers
o0x7f72413da8e8 .functor BUFZ 32, C4<zzzzzzzzzzzzzzzzzzzzzzzzzzzzzzzz>; HiZ drive
v0x55bb424311c0_0 .net "instruction", 31 0, o0x7f72413da8e8;  0 drivers
v0x55bb42431280_0 .net "load_signal", 0 0, L_0x55bb42432b70;  1 drivers
v0x55bb42431320_0 .net "mask", 3 0, v0x55bb42429250_0;  1 drivers
v0x55bb424313e0_0 .net "res_o", 31 0, L_0x55bb42432dd0;  1 drivers
v0x55bb424314a0_0 .net "rst", 0 0, v0x55bb42431a30_0;  1 drivers
v0x55bb42431540_0 .net "wrap_load_out", 31 0, v0x55bb4242e250_0;  1 drivers
v0x55bb424316f0_0 .net "wrap_out", 31 0, v0x55bb42429590_0;  1 drivers
o0x7f72413da1f8 .functor BUFZ 1, C4<z>; HiZ drive
v0x55bb424317b0_0 .net "write", 0 0, o0x7f72413da1f8;  0 drivers
L_0x55bb42432ee0 .part L_0x55bb42432dd0, 2, 12;
L_0x55bb42432f80 .part v0x55bb42426c20_0, 2, 12;
S_0x55bb4232d7a0 .scope module, "u_core" "core" 3 32, 4 1 0, S_0x55bb4232e3e0;
 .timescale -9 -12;
    .port_info 0 /INPUT 1 "clk"
    .port_info 1 /INPUT 1 "rst"
    .port_info 2 /INPUT 32 "instruction"
    .port_info 3 /INPUT 32 "load_data_in"
    .port_info 4 /INPUT 1 "instruc_mem_valid"
    .port_info 5 /INPUT 1 "data_mem_valid"
    .port_info 6 /OUTPUT 1 "write"
    .port_info 7 /OUTPUT 1 "load_signal"
    .port_info 8 /OUTPUT 4 "mask_signal"
    .port_info 9 /OUTPUT 32 "store_data_out"
    .port_info 10 /OUTPUT 32 "alu_out_address"
    .port_info 11 /OUTPUT 32 "pc_address"
    .port_info 12 /OUTPUT 1 "instruc_mem_we_re"
    .port_info 13 /OUTPUT 1 "instrucmem_req"
    .port_info 14 /OUTPUT 1 "data_mem_we_re"
    .port_info 15 /OUTPUT 1 "data_mem_request"
    .port_info 16 /OUTPUT 4 "instruc_mask_signal"
L_0x55bb423c0440 .functor BUFZ 1, v0x55bb42428250_0, C4<0>, C4<0>, C4<0>;
L_0x55bb42431be0 .functor BUFZ 32, v0x55bb4242f9f0_0, C4<00000000000000000000000000000000>, C4<00000000000000000000000000000000>, C4<00000000000000000000000000000000>;
L_0x55bb42432b70 .functor BUFZ 1, v0x55bb4241cf80_0, C4<0>, C4<0>, C4<0>;
L_0x55bb42432dd0 .functor BUFZ 32, v0x55bb42425ce0_0, C4<00000000000000000000000000000000>, C4<00000000000000000000000000000000>, C4<00000000000000000000000000000000>;
L_0x55bb42432e70 .functor BUFZ 4, L_0x55bb42432e70, C4<0000>, C4<0000>, C4<0000>;
v0x55bb4242b480_0 .net "Jal", 0 0, v0x55bb4241c530_0;  1 drivers
v0x55bb4242b540_0 .net "Jalr", 0 0, v0x55bb4241c5d0_0;  1 drivers
v0x55bb4242b600_0 .net "adder_out", 31 0, v0x55bb42425560_0;  1 drivers
o0x7f72413d9208 .functor BUFZ 32, C4<zzzzzzzzzzzzzzzzzzzzzzzzzzzzzzzz>; HiZ drive
v0x55bb4242b730_0 .net "address_in", 31 0, o0x7f72413d9208;  0 drivers
v0x55bb4242b7d0_0 .net "address_out", 0 0, L_0x55bb42431c50;  1 drivers
v0x55bb4242b8e0_0 .net "alu_control", 3 0, v0x55bb4241c7a0_0;  1 drivers
v0x55bb4242b9a0_0 .net "alu_out_address", 31 0, L_0x55bb42432dd0;  alias, 1 drivers
v0x55bb4242ba80_0 .net "branch_result", 0 0, v0x55bb423dd610_0;  1 drivers
v0x55bb4242bb20_0 .net "clk", 0 0, v0x55bb424318b0_0;  alias, 1 drivers
v0x55bb4242bce0_0 .net "data_mem_request", 0 0, v0x55bb42429b70_0;  alias, 1 drivers
v0x55bb4242bd80_0 .net "data_mem_valid", 0 0, v0x55bb4242ee20_0;  alias, 1 drivers
v0x55bb4242be20_0 .net "data_mem_we_re", 0 0, v0x55bb42429d70_0;  alias, 1 drivers
v0x55bb4242bec0_0 .net "instruc_mask_signal", 3 0, v0x55bb42428170_0;  alias, 1 drivers
v0x55bb4242bf60_0 .net "instruc_mem_valid", 0 0, v0x55bb42430450_0;  alias, 1 drivers
v0x55bb4242c000_0 .net "instruc_mem_we_re", 0 0, v0x55bb424285d0_0;  alias, 1 drivers
v0x55bb4242c0a0_0 .net "instrucmem_req", 0 0, L_0x55bb423c0440;  alias, 1 drivers
v0x55bb4242c140_0 .net "instruction", 31 0, v0x55bb4242f9f0_0;  alias, 1 drivers
v0x55bb4242c2f0_0 .net "instruction_memory_request", 0 0, v0x55bb42428250_0;  1 drivers
RS_0x7f72413d9538 .resolv tri, v0x55bb42427f80_0, L_0x55bb42431be0;
v0x55bb4242c390_0 .net8 "instruction_out", 31 0, RS_0x7f72413d9538;  2 drivers
v0x55bb4242c430_0 .net "load", 0 0, v0x55bb4241cf80_0;  1 drivers
v0x55bb4242c4d0_0 .net "load_data_in", 31 0, v0x55bb4242e250_0;  alias, 1 drivers
v0x55bb4242c5c0_0 .net "load_signal", 0 0, L_0x55bb42432b70;  alias, 1 drivers
v0x55bb4242c660_0 .net "mask", 3 0, L_0x55bb42432e70;  1 drivers
v0x55bb4242c740_0 .net "mask_signal", 3 0, v0x55bb42429250_0;  alias, 1 drivers
v0x55bb4242c850_0 .net "mem_to_reg", 1 0, v0x55bb4241d1c0_0;  1 drivers
v0x55bb4242c910_0 .net "op2_regfile_to_mem", 31 0, L_0x55bb42432770;  1 drivers
v0x55bb4242c9d0_0 .net "opa_mux_out", 31 0, L_0x55bb42432a40;  1 drivers
v0x55bb4242ca90_0 .net "opb_mux_out", 31 0, L_0x55bb42432910;  1 drivers
v0x55bb4242cbe0_0 .net "pc_address", 31 0, v0x55bb42426c20_0;  alias, 1 drivers
o0x7f72413da1c8 .functor BUFZ 32, C4<zzzzzzzzzzzzzzzzzzzzzzzzzzzzzzzz>; HiZ drive
v0x55bb4242cca0_0 .net "pc_address_out", 31 0, o0x7f72413da1c8;  0 drivers
v0x55bb4242cd80_0 .net "pre_address", 31 0, v0x55bb42427470_0;  1 drivers
v0x55bb4242ce40_0 .net "res_o", 31 0, v0x55bb42425ce0_0;  1 drivers
v0x55bb4242cf00_0 .net "rst", 0 0, v0x55bb42431a30_0;  alias, 1 drivers
v0x55bb4242d240_0 .net "store", 0 0, v0x55bb4241d660_0;  1 drivers
v0x55bb4242d2e0_0 .net "store_data_out", 31 0, v0x55bb42429590_0;  alias, 1 drivers
v0x55bb4242d3a0_0 .net "wb_mux_out", 31 0, v0x55bb4242abf0_0;  1 drivers
v0x55bb4242d4f0_0 .net "wrap_load_out", 31 0, v0x55bb424294b0_0;  1 drivers
v0x55bb4242d640_0 .net "write", 0 0, o0x7f72413da1f8;  alias, 0 drivers
L_0x55bb42431c50 .part o0x7f72413da1c8, 0, 1;
S_0x55bb4232cae0 .scope module, "u_decode" "decode" 4 74, 5 1 0, S_0x55bb4232d7a0;
 .timescale -9 -12;
    .port_info 0 /INPUT 1 "clk"
    .port_info 1 /INPUT 1 "rst"
    .port_info 2 /INPUT 32 "instruction"
    .port_info 3 /INPUT 32 "wb_mux_out"
    .port_info 4 /INPUT 32 "address_out"
    .port_info 5 /OUTPUT 4 "alu_control"
    .port_info 6 /OUTPUT 32 "opa_mux_out"
    .port_info 7 /OUTPUT 32 "opb_mux_out"
    .port_info 8 /OUTPUT 32 "op2_regfile_to_mem"
    .port_info 9 /OUTPUT 1 "Jal"
    .port_info 10 /OUTPUT 1 "Jalr"
    .port_info 11 /OUTPUT 1 "Branch"
    .port_info 12 /OUTPUT 2 "mem_to_reg"
    .port_info 13 /OUTPUT 1 "load"
    .port_info 14 /OUTPUT 1 "store"
L_0x55bb42432770 .functor BUFZ 32, L_0x55bb42432410, C4<00000000000000000000000000000000>, C4<00000000000000000000000000000000>, C4<00000000000000000000000000000000>;
v0x55bb42423300_0 .net "Auipc", 0 0, v0x55bb423dd510_0;  1 drivers
v0x55bb424233c0_0 .net "Branch", 0 0, v0x55bb423dd610_0;  alias, 1 drivers
v0x55bb424234d0_0 .net "Jal", 0 0, v0x55bb4241c530_0;  alias, 1 drivers
v0x55bb424235c0_0 .net "Jalr", 0 0, v0x55bb4241c5d0_0;  alias, 1 drivers
v0x55bb424236b0_0 .net "Lui", 0 0, v0x55bb4241c690_0;  1 drivers
v0x55bb424237f0_0 .net "address_out", 31 0, v0x55bb42427470_0;  alias, 1 drivers
v0x55bb42423890_0 .net "alu_control", 3 0, v0x55bb4241c7a0_0;  alias, 1 drivers
o0x7f72413d7048 .functor BUFZ 1, C4<z>; HiZ drive
v0x55bb42423980_0 .net "branch", 0 0, o0x7f72413d7048;  0 drivers
v0x55bb42423a20_0 .net "branch_out", 31 0, v0x55bb424078d0_0;  1 drivers
v0x55bb42423ac0_0 .net "clk", 0 0, v0x55bb424318b0_0;  alias, 1 drivers
v0x55bb42423b60_0 .net "enable", 0 0, v0x55bb4241d100_0;  1 drivers
v0x55bb42423c00_0 .net "i_type", 31 0, v0x55bb4241feb0_0;  1 drivers
v0x55bb42423cf0_0 .net "imm_sel", 2 0, v0x55bb4241cc60_0;  1 drivers
v0x55bb42423d90_0 .net "instruction", 31 0, v0x55bb4242f9f0_0;  alias, 1 drivers
v0x55bb42423e30_0 .net "load", 0 0, v0x55bb4241cf80_0;  alias, 1 drivers
v0x55bb42423f20_0 .net "mem_to_reg", 1 0, v0x55bb4241d1c0_0;  alias, 1 drivers
v0x55bb42424010_0 .net "op1", 31 0, L_0x55bb42432190;  1 drivers
v0x55bb424241e0_0 .net "op2", 31 0, L_0x55bb42432410;  1 drivers
v0x55bb424242a0_0 .net "op2_regfile_to_mem", 31 0, L_0x55bb42432770;  alias, 1 drivers
v0x55bb42424380_0 .net "op_a", 0 0, v0x55bb4241d360_0;  1 drivers
v0x55bb42424420_0 .net "op_b", 0 0, v0x55bb4241d420_0;  1 drivers
v0x55bb424244c0_0 .net "opa_mux_out", 31 0, L_0x55bb42432a40;  alias, 1 drivers
v0x55bb42424580_0 .net "opb_mux_out", 31 0, L_0x55bb42432910;  alias, 1 drivers
v0x55bb42424620_0 .net "out", 31 0, v0x55bb42421000_0;  1 drivers
v0x55bb42424710_0 .net "reg_write", 0 0, v0x55bb4241d5a0_0;  1 drivers
v0x55bb424247b0_0 .net "rst", 0 0, v0x55bb42431a30_0;  alias, 1 drivers
v0x55bb42424850_0 .net "s_type", 31 0, v0x55bb42420160_0;  1 drivers
v0x55bb42424940_0 .net "sb_type", 31 0, v0x55bb42420290_0;  1 drivers
v0x55bb42424a50_0 .net "store", 0 0, v0x55bb4241d660_0;  alias, 1 drivers
v0x55bb42424b40_0 .net "u_type", 31 0, v0x55bb42420370_0;  1 drivers
v0x55bb42424c50_0 .net "uj_type", 31 0, v0x55bb42420450_0;  1 drivers
v0x55bb42424d60_0 .net "wb_mux_out", 31 0, v0x55bb4242abf0_0;  alias, 1 drivers
L_0x55bb42431cf0 .part v0x55bb4242f9f0_0, 0, 7;
L_0x55bb42431ea0 .part v0x55bb4242f9f0_0, 12, 3;
L_0x55bb42431f40 .part v0x55bb4242f9f0_0, 30, 1;
L_0x55bb42432480 .part v0x55bb4242f9f0_0, 15, 5;
L_0x55bb424325a0 .part v0x55bb4242f9f0_0, 20, 5;
L_0x55bb42432690 .part v0x55bb4242f9f0_0, 7, 5;
L_0x55bb42432870 .part v0x55bb4242f9f0_0, 12, 3;
S_0x55bb4232c6a0 .scope module, "u_branch" "branch" 5 79, 6 1 0, S_0x55bb4232cae0;
 .timescale -9 -12;
    .port_info 0 /INPUT 1 "en"
    .port_info 1 /INPUT 32 "op1"
    .port_info 2 /INPUT 32 "op2"
    .port_info 3 /INPUT 3 "func3"
    .port_info 4 /OUTPUT 32 "branch_out"
v0x55bb424078d0_0 .var "branch_out", 31 0;
v0x55bb424079a0_0 .net "en", 0 0, o0x7f72413d7048;  alias, 0 drivers
v0x55bb42407190_0 .net "func3", 2 0, L_0x55bb42432870;  1 drivers
v0x55bb42404ab0_0 .net "op1", 31 0, L_0x55bb42432190;  alias, 1 drivers
v0x55bb42404b80_0 .net "op2", 31 0, L_0x55bb42432410;  alias, 1 drivers
E_0x55bb4238c200 .event edge, v0x55bb424079a0_0, v0x55bb42407190_0, v0x55bb42404ab0_0, v0x55bb42404b80_0;
S_0x55bb4241bc70 .scope module, "u_control_unit0" "control_unit" 5 36, 7 1 0, S_0x55bb4232cae0;
 .timescale -9 -12;
    .port_info 0 /INPUT 7 "op"
    .port_info 1 /INPUT 3 "func3"
    .port_info 2 /INPUT 1 "func7"
    .port_info 3 /OUTPUT 1 "reg_write"
    .port_info 4 /OUTPUT 1 "op_b"
    .port_info 5 /OUTPUT 1 "op_a"
    .port_info 6 /OUTPUT 4 "alu_control"
    .port_info 7 /OUTPUT 1 "Auipc"
    .port_info 8 /OUTPUT 1 "Lui"
    .port_info 9 /OUTPUT 1 "Jal"
    .port_info 10 /OUTPUT 1 "Jalr"
    .port_info 11 /OUTPUT 3 "imm_sel"
    .port_info 12 /OUTPUT 2 "mem_to_reg"
    .port_info 13 /OUTPUT 1 "loadout"
    .port_info 14 /OUTPUT 1 "s"
    .port_info 15 /OUTPUT 1 "en"
    .port_info 16 /OUTPUT 1 "Branch"
v0x55bb4241e610_0 .net "Auipc", 0 0, v0x55bb423dd510_0;  alias, 1 drivers
v0x55bb4241e700_0 .net "Branch", 0 0, v0x55bb423dd610_0;  alias, 1 drivers
v0x55bb4241e7d0_0 .net "Jal", 0 0, v0x55bb4241c530_0;  alias, 1 drivers
v0x55bb4241e8d0_0 .net "Jalr", 0 0, v0x55bb4241c5d0_0;  alias, 1 drivers
v0x55bb4241e9a0_0 .net "Lui", 0 0, v0x55bb4241c690_0;  alias, 1 drivers
v0x55bb4241ea40_0 .net "alu_control", 3 0, v0x55bb4241c7a0_0;  alias, 1 drivers
v0x55bb4241eb10_0 .net "auipc", 0 0, v0x55bb4241dec0_0;  1 drivers
v0x55bb4241ec00_0 .net "branch", 0 0, v0x55bb4241e500_0;  1 drivers
v0x55bb4241ecf0_0 .net "en", 0 0, v0x55bb4241d100_0;  alias, 1 drivers
v0x55bb4241ed90_0 .net "func3", 2 0, L_0x55bb42431ea0;  1 drivers
v0x55bb4241ee30_0 .net "func7", 0 0, L_0x55bb42431f40;  1 drivers
v0x55bb4241ef00_0 .net "i_type", 0 0, v0x55bb4241df80_0;  1 drivers
v0x55bb4241efa0_0 .net "imm_sel", 2 0, v0x55bb4241cc60_0;  alias, 1 drivers
v0x55bb4241f040_0 .net "jal", 0 0, v0x55bb4241e020_0;  1 drivers
v0x55bb4241f130_0 .net "jalr", 0 0, v0x55bb4241e0c0_0;  1 drivers
v0x55bb4241f220_0 .net "load", 0 0, v0x55bb4241e160_0;  1 drivers
v0x55bb4241f310_0 .net "loadout", 0 0, v0x55bb4241cf80_0;  alias, 1 drivers
v0x55bb4241f3b0_0 .net "lui", 0 0, v0x55bb4241e250_0;  1 drivers
v0x55bb4241f4a0_0 .net "mem_to_reg", 1 0, v0x55bb4241d1c0_0;  alias, 1 drivers
v0x55bb4241f540_0 .net "op", 6 0, L_0x55bb42431cf0;  1 drivers
v0x55bb4241f5e0_0 .net "op_a", 0 0, v0x55bb4241d360_0;  alias, 1 drivers
v0x55bb4241f680_0 .net "op_b", 0 0, v0x55bb4241d420_0;  alias, 1 drivers
v0x55bb4241f750_0 .net "r_type", 0 0, v0x55bb4241e390_0;  1 drivers
v0x55bb4241f840_0 .net "reg_write", 0 0, v0x55bb4241d5a0_0;  alias, 1 drivers
v0x55bb4241f8e0_0 .net "s", 0 0, v0x55bb4241d660_0;  alias, 1 drivers
v0x55bb4241f9b0_0 .net "s_type", 0 0, v0x55bb4241e430_0;  1 drivers
S_0x55bb4241c000 .scope module, "u_controldecode0" "controldecode" 7 44, 8 1 0, S_0x55bb4241bc70;
 .timescale -9 -12;
    .port_info 0 /INPUT 1 "r_type"
    .port_info 1 /INPUT 1 "i_type"
    .port_info 2 /INPUT 1 "s_type"
    .port_info 3 /INPUT 1 "load"
    .port_info 4 /INPUT 3 "func3"
    .port_info 5 /INPUT 1 "func7"
    .port_info 6 /INPUT 1 "lui"
    .port_info 7 /INPUT 1 "auipc"
    .port_info 8 /OUTPUT 1 "Lui"
    .port_info 9 /OUTPUT 1 "Auipc"
    .port_info 10 /OUTPUT 1 "reg_write"
    .port_info 11 /INPUT 1 "jal"
    .port_info 12 /INPUT 1 "jalr"
    .port_info 13 /OUTPUT 1 "Jal"
    .port_info 14 /OUTPUT 1 "Jalr"
    .port_info 15 /OUTPUT 1 "op_b"
    .port_info 16 /OUTPUT 1 "op_a"
    .port_info 17 /OUTPUT 4 "alu_control"
    .port_info 18 /OUTPUT 1 "next_sel"
    .port_info 19 /OUTPUT 1 "mem_en"
    .port_info 20 /OUTPUT 2 "mem_to_reg"
    .port_info 21 /OUTPUT 1 "s"
    .port_info 22 /OUTPUT 1 "loadout"
    .port_info 23 /OUTPUT 3 "imm_sel"
    .port_info 24 /INPUT 1 "branch"
    .port_info 25 /OUTPUT 1 "Branch"
v0x55bb423dd510_0 .var "Auipc", 0 0;
v0x55bb423dd610_0 .var "Branch", 0 0;
v0x55bb4241c530_0 .var "Jal", 0 0;
v0x55bb4241c5d0_0 .var "Jalr", 0 0;
v0x55bb4241c690_0 .var "Lui", 0 0;
v0x55bb4241c7a0_0 .var "alu_control", 3 0;
v0x55bb4241c880_0 .net "auipc", 0 0, v0x55bb4241dec0_0;  alias, 1 drivers
v0x55bb4241c940_0 .net "branch", 0 0, v0x55bb4241e500_0;  alias, 1 drivers
v0x55bb4241ca00_0 .net "func3", 2 0, L_0x55bb42431ea0;  alias, 1 drivers
v0x55bb4241cae0_0 .net "func7", 0 0, L_0x55bb42431f40;  alias, 1 drivers
v0x55bb4241cba0_0 .net "i_type", 0 0, v0x55bb4241df80_0;  alias, 1 drivers
v0x55bb4241cc60_0 .var "imm_sel", 2 0;
v0x55bb4241cd40_0 .net "jal", 0 0, v0x55bb4241e020_0;  alias, 1 drivers
v0x55bb4241ce00_0 .net "jalr", 0 0, v0x55bb4241e0c0_0;  alias, 1 drivers
v0x55bb4241cec0_0 .net "load", 0 0, v0x55bb4241e160_0;  alias, 1 drivers
v0x55bb4241cf80_0 .var "loadout", 0 0;
v0x55bb4241d040_0 .net "lui", 0 0, v0x55bb4241e250_0;  alias, 1 drivers
v0x55bb4241d100_0 .var "mem_en", 0 0;
v0x55bb4241d1c0_0 .var "mem_to_reg", 1 0;
v0x55bb4241d2a0_0 .var "next_sel", 0 0;
v0x55bb4241d360_0 .var "op_a", 0 0;
v0x55bb4241d420_0 .var "op_b", 0 0;
v0x55bb4241d4e0_0 .net "r_type", 0 0, v0x55bb4241e390_0;  alias, 1 drivers
v0x55bb4241d5a0_0 .var "reg_write", 0 0;
v0x55bb4241d660_0 .var "s", 0 0;
v0x55bb4241d720_0 .net "s_type", 0 0, v0x55bb4241e430_0;  alias, 1 drivers
E_0x55bb4238cac0/0 .event edge, v0x55bb4241d4e0_0, v0x55bb4241cba0_0, v0x55bb4241cec0_0, v0x55bb4241cd40_0;
E_0x55bb4238cac0/1 .event edge, v0x55bb4241ce00_0, v0x55bb4241d040_0, v0x55bb4241c880_0, v0x55bb4241c940_0;
E_0x55bb4238cac0/2 .event edge, v0x55bb4241d720_0, v0x55bb4241cae0_0, v0x55bb4241ca00_0;
E_0x55bb4238cac0 .event/or E_0x55bb4238cac0/0, E_0x55bb4238cac0/1, E_0x55bb4238cac0/2;
S_0x55bb4241dc00 .scope module, "u_typedec0" "typedec" 7 31, 9 1 0, S_0x55bb4241bc70;
 .timescale -9 -12;
    .port_info 0 /INPUT 7 "op"
    .port_info 1 /OUTPUT 1 "r_type"
    .port_info 2 /OUTPUT 1 "i_type"
    .port_info 3 /OUTPUT 1 "s_type"
    .port_info 4 /OUTPUT 1 "load"
    .port_info 5 /OUTPUT 1 "sb_type"
    .port_info 6 /OUTPUT 1 "auipc"
    .port_info 7 /OUTPUT 1 "jal"
    .port_info 8 /OUTPUT 1 "jalr"
    .port_info 9 /OUTPUT 1 "lui"
v0x55bb4241dec0_0 .var "auipc", 0 0;
v0x55bb4241df80_0 .var "i_type", 0 0;
v0x55bb4241e020_0 .var "jal", 0 0;
v0x55bb4241e0c0_0 .var "jalr", 0 0;
v0x55bb4241e160_0 .var "load", 0 0;
v0x55bb4241e250_0 .var "lui", 0 0;
v0x55bb4241e2f0_0 .net "op", 6 0, L_0x55bb42431cf0;  alias, 1 drivers
v0x55bb4241e390_0 .var "r_type", 0 0;
v0x55bb4241e430_0 .var "s_type", 0 0;
v0x55bb4241e500_0 .var "sb_type", 0 0;
E_0x55bb4238c7d0 .event edge, v0x55bb4241e2f0_0;
S_0x55bb4241fb20 .scope module, "u_imm_gen0" "imm_gen" 5 70, 10 1 0, S_0x55bb4232cae0;
 .timescale -9 -12;
    .port_info 0 /INPUT 32 "instruc"
    .port_info 1 /OUTPUT 32 "i_type"
    .port_info 2 /OUTPUT 32 "s_type"
    .port_info 3 /OUTPUT 32 "sb_type"
    .port_info 4 /OUTPUT 32 "uj_type"
    .port_info 5 /OUTPUT 32 "u_type"
v0x55bb4241fdb0_0 .var "i", 11 0;
v0x55bb4241feb0_0 .var "i_type", 31 0;
v0x55bb4241ff90_0 .net "instruc", 31 0, v0x55bb4242f9f0_0;  alias, 1 drivers
v0x55bb42420080_0 .var "s", 11 0;
v0x55bb42420160_0 .var "s_type", 31 0;
v0x55bb42420290_0 .var "sb_type", 31 0;
v0x55bb42420370_0 .var "u_type", 31 0;
v0x55bb42420450_0 .var "uj_type", 31 0;
E_0x55bb42408e10 .event edge, v0x55bb4241ff90_0, v0x55bb4241fdb0_0, v0x55bb42420080_0;
S_0x55bb424205f0 .scope module, "u_mux1" "mux3_8" 5 88, 11 1 0, S_0x55bb4232cae0;
 .timescale -9 -12;
    .port_info 0 /INPUT 32 "a"
    .port_info 1 /INPUT 32 "b"
    .port_info 2 /INPUT 32 "c"
    .port_info 3 /INPUT 32 "d"
    .port_info 4 /INPUT 32 "e"
    .port_info 5 /INPUT 32 "f"
    .port_info 6 /INPUT 32 "g"
    .port_info 7 /INPUT 32 "h"
    .port_info 8 /INPUT 3 "sel"
    .port_info 9 /OUTPUT 32 "out"
v0x55bb42420930_0 .net "a", 31 0, v0x55bb4241feb0_0;  alias, 1 drivers
v0x55bb42420a10_0 .net "b", 31 0, v0x55bb42420160_0;  alias, 1 drivers
v0x55bb42420ae0_0 .net "c", 31 0, v0x55bb42420290_0;  alias, 1 drivers
v0x55bb42420be0_0 .net "d", 31 0, v0x55bb42420450_0;  alias, 1 drivers
v0x55bb42420cb0_0 .net "e", 31 0, v0x55bb42420370_0;  alias, 1 drivers
o0x7f72413d8398 .functor BUFZ 32, C4<zzzzzzzzzzzzzzzzzzzzzzzzzzzzzzzz>; HiZ drive
v0x55bb42420da0_0 .net "f", 31 0, o0x7f72413d8398;  0 drivers
o0x7f72413d83c8 .functor BUFZ 32, C4<zzzzzzzzzzzzzzzzzzzzzzzzzzzzzzzz>; HiZ drive
v0x55bb42420e40_0 .net "g", 31 0, o0x7f72413d83c8;  0 drivers
o0x7f72413d83f8 .functor BUFZ 32, C4<zzzzzzzzzzzzzzzzzzzzzzzzzzzzzzzz>; HiZ drive
v0x55bb42420f20_0 .net "h", 31 0, o0x7f72413d83f8;  0 drivers
v0x55bb42421000_0 .var "out", 31 0;
v0x55bb424210e0_0 .net "sel", 2 0, v0x55bb4241cc60_0;  alias, 1 drivers
E_0x55bb4238ac30/0 .event edge, v0x55bb4241cc60_0, v0x55bb4241feb0_0, v0x55bb42420160_0, v0x55bb42420290_0;
E_0x55bb4238ac30/1 .event edge, v0x55bb42420450_0, v0x55bb42420370_0, v0x55bb42420da0_0, v0x55bb42420e40_0;
E_0x55bb4238ac30/2 .event edge, v0x55bb42420f20_0;
E_0x55bb4238ac30 .event/or E_0x55bb4238ac30/0, E_0x55bb4238ac30/1, E_0x55bb4238ac30/2;
S_0x55bb424212e0 .scope module, "u_mux2" "mux" 5 98, 12 1 0, S_0x55bb4232cae0;
 .timescale -9 -12;
    .port_info 0 /INPUT 32 "a"
    .port_info 1 /INPUT 32 "b"
    .port_info 2 /INPUT 1 "sel"
    .port_info 3 /OUTPUT 32 "out"
v0x55bb42421500_0 .net "a", 31 0, L_0x55bb42432410;  alias, 1 drivers
v0x55bb424215e0_0 .net "b", 31 0, v0x55bb42421000_0;  alias, 1 drivers
v0x55bb424216b0_0 .net "out", 31 0, L_0x55bb42432910;  alias, 1 drivers
v0x55bb42421780_0 .net "sel", 0 0, v0x55bb4241d420_0;  alias, 1 drivers
L_0x55bb42432910 .functor MUXZ 32, L_0x55bb42432410, v0x55bb42421000_0, v0x55bb4241d420_0, C4<>;
S_0x55bb424218f0 .scope module, "u_mux4" "mux" 5 105, 12 1 0, S_0x55bb4232cae0;
 .timescale -9 -12;
    .port_info 0 /INPUT 32 "a"
    .port_info 1 /INPUT 32 "b"
    .port_info 2 /INPUT 1 "sel"
    .port_info 3 /OUTPUT 32 "out"
v0x55bb42421ac0_0 .net "a", 31 0, L_0x55bb42432190;  alias, 1 drivers
v0x55bb42421bd0_0 .net "b", 31 0, v0x55bb42427470_0;  alias, 1 drivers
v0x55bb42421c90_0 .net "out", 31 0, L_0x55bb42432a40;  alias, 1 drivers
v0x55bb42421d80_0 .net "sel", 0 0, v0x55bb4241d360_0;  alias, 1 drivers
L_0x55bb42432a40 .functor MUXZ 32, L_0x55bb42432190, v0x55bb42427470_0, v0x55bb4241d360_0, C4<>;
S_0x55bb42421ef0 .scope module, "u_regfile0" "regfile" 5 56, 13 1 0, S_0x55bb4232cae0;
 .timescale -9 -12;
    .port_info 0 /INPUT 1 "clk"
    .port_info 1 /INPUT 1 "en"
    .port_info 2 /INPUT 32 "instruction"
    .port_info 3 /INPUT 1 "rst"
    .port_info 4 /INPUT 5 "rs1"
    .port_info 5 /INPUT 5 "rs2"
    .port_info 6 /INPUT 5 "rd"
    .port_info 7 /OUTPUT 32 "op1"
    .port_info 8 /OUTPUT 32 "op2"
L_0x55bb42432190 .functor BUFZ 32, L_0x55bb42431fe0, C4<00000000000000000000000000000000>, C4<00000000000000000000000000000000>, C4<00000000000000000000000000000000>;
L_0x55bb42432410 .functor BUFZ 32, L_0x55bb42432200, C4<00000000000000000000000000000000>, C4<00000000000000000000000000000000>, C4<00000000000000000000000000000000>;
v0x55bb42422190_0 .net *"_s0", 31 0, L_0x55bb42431fe0;  1 drivers
v0x55bb42422290_0 .net *"_s10", 6 0, L_0x55bb424322a0;  1 drivers
L_0x7f724138e060 .functor BUFT 1, C4<00>, C4<0>, C4<0>, C4<0>;
v0x55bb42422370_0 .net *"_s13", 1 0, L_0x7f724138e060;  1 drivers
v0x55bb42422430_0 .net *"_s2", 6 0, L_0x55bb424320a0;  1 drivers
L_0x7f724138e018 .functor BUFT 1, C4<00>, C4<0>, C4<0>, C4<0>;
v0x55bb42422510_0 .net *"_s5", 1 0, L_0x7f724138e018;  1 drivers
v0x55bb42422640_0 .net *"_s8", 31 0, L_0x55bb42432200;  1 drivers
v0x55bb42422720_0 .net "clk", 0 0, v0x55bb424318b0_0;  alias, 1 drivers
v0x55bb424227e0_0 .net "en", 0 0, v0x55bb4241d5a0_0;  alias, 1 drivers
v0x55bb424228d0_0 .var/i "i", 31 0;
v0x55bb424229b0_0 .net "instruction", 31 0, v0x55bb4242abf0_0;  alias, 1 drivers
v0x55bb42422a90_0 .net "op1", 31 0, L_0x55bb42432190;  alias, 1 drivers
v0x55bb42422b50_0 .net "op2", 31 0, L_0x55bb42432410;  alias, 1 drivers
v0x55bb42422c60_0 .net "rd", 4 0, L_0x55bb42432690;  1 drivers
v0x55bb42422d40 .array "reg_file", 0 31, 31 0;
v0x55bb42422e00_0 .net "rs1", 4 0, L_0x55bb42432480;  1 drivers
v0x55bb42422ee0_0 .net "rs2", 4 0, L_0x55bb424325a0;  1 drivers
v0x55bb42422fc0_0 .net "rst", 0 0, v0x55bb42431a30_0;  alias, 1 drivers
E_0x55bb42422110/0 .event negedge, v0x55bb42422fc0_0;
E_0x55bb42422110/1 .event posedge, v0x55bb42422720_0;
E_0x55bb42422110 .event/or E_0x55bb42422110/0, E_0x55bb42422110/1;
L_0x55bb42431fe0 .array/port v0x55bb42422d40, L_0x55bb424320a0;
L_0x55bb424320a0 .concat [ 5 2 0 0], L_0x55bb42432480, L_0x7f724138e018;
L_0x55bb42432200 .array/port v0x55bb42422d40, L_0x55bb424322a0;
L_0x55bb424322a0 .concat [ 5 2 0 0], L_0x55bb424325a0, L_0x7f724138e060;
S_0x55bb42424fe0 .scope module, "u_execute" "execute" 4 96, 14 1 0, S_0x55bb4232d7a0;
 .timescale -9 -12;
    .port_info 0 /INPUT 32 "opa_mux_out"
    .port_info 1 /INPUT 32 "opb_mux_out"
    .port_info 2 /INPUT 4 "alu_control"
    .port_info 3 /OUTPUT 32 "res_o"
    .port_info 4 /INPUT 32 "address_out"
    .port_info 5 /OUTPUT 32 "adder_out"
v0x55bb42425e40_0 .net "adder_out", 31 0, v0x55bb42425560_0;  alias, 1 drivers
v0x55bb42425f20_0 .net "address_out", 31 0, v0x55bb42427470_0;  alias, 1 drivers
v0x55bb42425fc0_0 .net "alu_control", 3 0, v0x55bb4241c7a0_0;  alias, 1 drivers
v0x55bb42426060_0 .net "opa_mux_out", 31 0, L_0x55bb42432a40;  alias, 1 drivers
v0x55bb42426120_0 .net "opb_mux_out", 31 0, L_0x55bb42432910;  alias, 1 drivers
v0x55bb424261e0_0 .net "res_o", 31 0, v0x55bb42425ce0_0;  alias, 1 drivers
S_0x55bb424252b0 .scope module, "u_adder0" "adder" 14 18, 15 1 0, S_0x55bb42424fe0;
 .timescale -9 -12;
    .port_info 0 /INPUT 32 "address_out"
    .port_info 1 /OUTPUT 32 "adder_out"
v0x55bb42425560_0 .var "adder_out", 31 0;
v0x55bb42425660_0 .net "address_out", 31 0, v0x55bb42427470_0;  alias, 1 drivers
E_0x55bb424254e0 .event edge, v0x55bb42421bd0_0;
S_0x55bb424257d0 .scope module, "u_alu0" "alu" 14 11, 16 1 0, S_0x55bb42424fe0;
 .timescale -9 -12;
    .port_info 0 /INPUT 32 "a"
    .port_info 1 /INPUT 32 "b"
    .port_info 2 /INPUT 4 "op"
    .port_info 3 /OUTPUT 32 "res_o"
v0x55bb42425a00_0 .net "a", 31 0, L_0x55bb42432a40;  alias, 1 drivers
v0x55bb42425b30_0 .net "b", 31 0, L_0x55bb42432910;  alias, 1 drivers
v0x55bb42425c40_0 .net "op", 3 0, v0x55bb4241c7a0_0;  alias, 1 drivers
v0x55bb42425ce0_0 .var "res_o", 31 0;
E_0x55bb424259a0 .event edge, v0x55bb4241c7a0_0, v0x55bb42421c90_0, v0x55bb424216b0_0;
S_0x55bb42426380 .scope module, "u_fetch" "fetch" 4 49, 17 1 0, S_0x55bb4232d7a0;
 .timescale -9 -12;
    .port_info 0 /INPUT 1 "clk"
    .port_info 1 /INPUT 1 "rst"
    .port_info 2 /INPUT 1 "load"
    .port_info 3 /INPUT 32 "instruction"
    .port_info 4 /INPUT 32 "address_in"
    .port_info 5 /INPUT 32 "res_o"
    .port_info 6 /INPUT 1 "Branch"
    .port_info 7 /INPUT 1 "Jal"
    .port_info 8 /INPUT 1 "Jalr"
    .port_info 9 /INPUT 1 "valid"
    .port_info 10 /OUTPUT 32 "address_out"
    .port_info 11 /OUTPUT 1 "mem_request"
    .port_info 12 /OUTPUT 1 "we_re"
    .port_info 13 /OUTPUT 32 "instruction_out"
    .port_info 14 /OUTPUT 32 "pre_address"
    .port_info 15 /OUTPUT 4 "mask"
v0x55bb42427930_0 .net "Branch", 0 0, v0x55bb423dd610_0;  alias, 1 drivers
v0x55bb42427a80_0 .net "Jal", 0 0, v0x55bb4241c530_0;  alias, 1 drivers
v0x55bb42427bd0_0 .net "Jalr", 0 0, v0x55bb4241c5d0_0;  alias, 1 drivers
v0x55bb42427d00_0 .net "address_in", 31 0, o0x7f72413d9208;  alias, 0 drivers
v0x55bb42427da0_0 .net "address_out", 31 0, v0x55bb42426c20_0;  alias, 1 drivers
v0x55bb42427e40_0 .net "clk", 0 0, v0x55bb424318b0_0;  alias, 1 drivers
v0x55bb42427ee0_0 .net "instruction", 31 0, v0x55bb4242f9f0_0;  alias, 1 drivers
v0x55bb42427f80_0 .var "instruction_out", 31 0;
v0x55bb42428040_0 .net "load", 0 0, v0x55bb4241cf80_0;  alias, 1 drivers
v0x55bb42428170_0 .var "mask", 3 0;
v0x55bb42428250_0 .var "mem_request", 0 0;
v0x55bb42428310_0 .net "pre_address", 31 0, v0x55bb42427470_0;  alias, 1 drivers
v0x55bb424283d0_0 .net "res_o", 31 0, v0x55bb42425ce0_0;  alias, 1 drivers
v0x55bb42428490_0 .net "rst", 0 0, v0x55bb42431a30_0;  alias, 1 drivers
v0x55bb42428530_0 .net "valid", 0 0, v0x55bb4242ee20_0;  alias, 1 drivers
v0x55bb424285d0_0 .var "we_re", 0 0;
E_0x55bb424251d0 .event edge, v0x55bb4241ff90_0;
E_0x55bb42426790 .event edge, v0x55bb4241cf80_0, v0x55bb42427660_0;
S_0x55bb424267f0 .scope module, "u_program_counter" "program_counter" 17 23, 18 1 0, S_0x55bb42426380;
 .timescale -9 -12;
    .port_info 0 /INPUT 1 "clk"
    .port_info 1 /INPUT 1 "rst"
    .port_info 2 /INPUT 32 "address_in"
    .port_info 3 /INPUT 1 "jal"
    .port_info 4 /INPUT 1 "jalr"
    .port_info 5 /OUTPUT 32 "address_out"
    .port_info 6 /INPUT 32 "branch_address"
    .port_info 7 /INPUT 32 "jal_address"
    .port_info 8 /INPUT 32 "jalr_address"
    .port_info 9 /INPUT 1 "branch"
    .port_info 10 /INPUT 1 "valid"
    .port_info 11 /OUTPUT 32 "pre_address"
    .port_info 12 /INPUT 1 "load"
v0x55bb42426b20_0 .net "address_in", 31 0, o0x7f72413d9208;  alias, 0 drivers
v0x55bb42426c20_0 .var "address_out", 31 0;
v0x55bb42426d00_0 .net "branch", 0 0, v0x55bb423dd610_0;  alias, 1 drivers
v0x55bb42426da0_0 .net "branch_address", 31 0, v0x55bb42425ce0_0;  alias, 1 drivers
v0x55bb42426e90_0 .net "clk", 0 0, v0x55bb424318b0_0;  alias, 1 drivers
v0x55bb42426fd0_0 .net "jal", 0 0, v0x55bb4241c530_0;  alias, 1 drivers
v0x55bb42427070_0 .net "jal_address", 31 0, v0x55bb42425ce0_0;  alias, 1 drivers
v0x55bb42427130_0 .net "jalr", 0 0, v0x55bb4241c5d0_0;  alias, 1 drivers
v0x55bb424271d0_0 .net "jalr_address", 31 0, v0x55bb42425ce0_0;  alias, 1 drivers
o0x7f72413d9268 .functor BUFZ 1, C4<z>; HiZ drive
v0x55bb424273b0_0 .net "load", 0 0, o0x7f72413d9268;  0 drivers
v0x55bb42427470_0 .var "pre_address", 31 0;
v0x55bb424275c0_0 .net "rst", 0 0, v0x55bb42431a30_0;  alias, 1 drivers
v0x55bb42427660_0 .net "valid", 0 0, v0x55bb4242ee20_0;  alias, 1 drivers
S_0x55bb42428900 .scope module, "u_memorystage" "mem_stage" 4 105, 19 1 0, S_0x55bb4232d7a0;
 .timescale -9 -12;
    .port_info 0 /INPUT 32 "wrap_in"
    .port_info 1 /INPUT 32 "res_o"
    .port_info 2 /INPUT 32 "instruction"
    .port_info 3 /INPUT 1 "en"
    .port_info 4 /INPUT 1 "load"
    .port_info 5 /INPUT 1 "valid"
    .port_info 6 /INPUT 32 "wrap_load_in"
    .port_info 7 /OUTPUT 32 "wrap_load_out"
    .port_info 8 /OUTPUT 32 "wrap_out"
    .port_info 9 /OUTPUT 4 "mask"
    .port_info 10 /OUTPUT 1 "mem_request"
    .port_info 11 /OUTPUT 1 "we_re"
v0x55bb42429820_0 .net "en", 0 0, v0x55bb4241d660_0;  alias, 1 drivers
v0x55bb42429970_0 .net8 "instruction", 31 0, RS_0x7f72413d9538;  alias, 2 drivers
v0x55bb42429a30_0 .net "load", 0 0, v0x55bb4241cf80_0;  alias, 1 drivers
v0x55bb42429ad0_0 .net "mask", 3 0, v0x55bb42429250_0;  alias, 1 drivers
v0x55bb42429b70_0 .var "mem_request", 0 0;
v0x55bb42429c10_0 .net "res_o", 31 0, v0x55bb42425ce0_0;  alias, 1 drivers
v0x55bb42429cb0_0 .net "valid", 0 0, v0x55bb42430450_0;  alias, 1 drivers
v0x55bb42429d70_0 .var "we_re", 0 0;
v0x55bb42429e30_0 .net "wrap_in", 31 0, L_0x55bb42432770;  alias, 1 drivers
v0x55bb42429f80_0 .net "wrap_load_in", 31 0, v0x55bb4242e250_0;  alias, 1 drivers
v0x55bb4242a040_0 .net "wrap_load_out", 31 0, v0x55bb424294b0_0;  alias, 1 drivers
v0x55bb4242a0e0_0 .net "wrap_out", 31 0, v0x55bb42429590_0;  alias, 1 drivers
E_0x55bb42428bb0 .event edge, v0x55bb42429cb0_0, v0x55bb4241cf80_0, v0x55bb4241d660_0;
L_0x55bb42432c00 .part RS_0x7f72413d9538, 12, 3;
L_0x55bb42432d30 .part v0x55bb42425ce0_0, 0, 2;
S_0x55bb42428c30 .scope module, "u_wrapmem" "wrapmem" 19 23, 20 1 0, S_0x55bb42428900;
 .timescale -9 -12;
    .port_info 0 /INPUT 32 "wrap_in"
    .port_info 1 /INPUT 3 "func3"
    .port_info 2 /INPUT 1 "en"
    .port_info 3 /INPUT 1 "load"
    .port_info 4 /INPUT 32 "wrap_load_in"
    .port_info 5 /OUTPUT 4 "masking"
    .port_info 6 /OUTPUT 32 "wrap_out"
    .port_info 7 /OUTPUT 32 "wrap_load_out"
    .port_info 8 /INPUT 2 "byteadd"
v0x55bb42428f50_0 .net "byteadd", 1 0, L_0x55bb42432d30;  1 drivers
v0x55bb42429050_0 .net "en", 0 0, v0x55bb4241d660_0;  alias, 1 drivers
v0x55bb42429110_0 .net "func3", 2 0, L_0x55bb42432c00;  1 drivers
v0x55bb424291b0_0 .net "load", 0 0, v0x55bb4241cf80_0;  alias, 1 drivers
v0x55bb42429250_0 .var "masking", 3 0;
v0x55bb42429330_0 .net "wrap_in", 31 0, L_0x55bb42432770;  alias, 1 drivers
v0x55bb424293f0_0 .net "wrap_load_in", 31 0, v0x55bb4242e250_0;  alias, 1 drivers
v0x55bb424294b0_0 .var "wrap_load_out", 31 0;
v0x55bb42429590_0 .var "wrap_out", 31 0;
E_0x55bb42428eb0/0 .event edge, v0x55bb4241d660_0, v0x55bb42429110_0, v0x55bb42428f50_0, v0x55bb424242a0_0;
E_0x55bb42428eb0/1 .event edge, v0x55bb4241cf80_0, v0x55bb424293f0_0;
E_0x55bb42428eb0 .event/or E_0x55bb42428eb0/0, E_0x55bb42428eb0/1;
S_0x55bb4242a350 .scope module, "u_wbstage" "write_back" 4 123, 21 1 0, S_0x55bb4232d7a0;
 .timescale -9 -12;
    .port_info 0 /INPUT 32 "alu_out"
    .port_info 1 /INPUT 32 "data_mem_out"
    .port_info 2 /INPUT 32 "adder_out"
    .port_info 3 /INPUT 2 "rd_sel"
    .port_info 4 /OUTPUT 32 "wb_mux_out"
v0x55bb4242af10_0 .net "adder_out", 31 0, v0x55bb42425560_0;  alias, 1 drivers
v0x55bb4242aff0_0 .net "alu_out", 31 0, v0x55bb42425ce0_0;  alias, 1 drivers
v0x55bb4242b1c0_0 .net "data_mem_out", 31 0, v0x55bb424294b0_0;  alias, 1 drivers
v0x55bb4242b260_0 .net "rd_sel", 1 0, v0x55bb4241d1c0_0;  alias, 1 drivers
v0x55bb4242b320_0 .net "wb_mux_out", 31 0, v0x55bb4242abf0_0;  alias, 1 drivers
S_0x55bb4242a4d0 .scope module, "u_muxrd" "mux2_4" 21 10, 22 1 0, S_0x55bb4242a350;
 .timescale -9 -12;
    .port_info 0 /INPUT 32 "a"
    .port_info 1 /INPUT 32 "b"
    .port_info 2 /INPUT 32 "c"
    .port_info 3 /INPUT 32 "d"
    .port_info 4 /INPUT 2 "sel"
    .port_info 5 /OUTPUT 32 "out"
v0x55bb4242a830_0 .net "a", 31 0, v0x55bb42425ce0_0;  alias, 1 drivers
v0x55bb4242a910_0 .net "b", 31 0, v0x55bb424294b0_0;  alias, 1 drivers
v0x55bb4242aa20_0 .net "c", 31 0, v0x55bb42425560_0;  alias, 1 drivers
o0x7f72413d9e98 .functor BUFZ 32, C4<zzzzzzzzzzzzzzzzzzzzzzzzzzzzzzzz>; HiZ drive
v0x55bb4242ab10_0 .net "d", 31 0, o0x7f72413d9e98;  0 drivers
v0x55bb4242abf0_0 .var "out", 31 0;
v0x55bb4242ad50_0 .net "sel", 1 0, v0x55bb4241d1c0_0;  alias, 1 drivers
E_0x55bb4242a7a0/0 .event edge, v0x55bb4241d1c0_0, v0x55bb42425ce0_0, v0x55bb424294b0_0, v0x55bb42425560_0;
E_0x55bb4242a7a0/1 .event edge, v0x55bb4242ab10_0;
E_0x55bb4242a7a0 .event/or E_0x55bb4242a7a0/0, E_0x55bb4242a7a0/1;
S_0x55bb4242d9b0 .scope module, "u_datamem" "datamem_top" 3 53, 23 1 0, S_0x55bb4232e3e0;
 .timescale -9 -12;
    .port_info 0 /INPUT 1 "clk"
    .port_info 1 /INPUT 1 "rst"
    .port_info 2 /INPUT 1 "we_re"
    .port_info 3 /INPUT 1 "request"
    .port_info 4 /INPUT 1 "load"
    .port_info 5 /INPUT 4 "mask"
    .port_info 6 /INPUT 12 "address"
    .port_info 7 /INPUT 32 "data_in"
    .port_info 8 /OUTPUT 1 "valid"
    .port_info 9 /OUTPUT 32 "data_out"
P_0x55bb4242ad00 .param/l "INIT_MEM" 0 23 2, +C4<00000000000000000000000000000000>;
v0x55bb4242e7c0_0 .net "address", 11 0, L_0x55bb42432ee0;  1 drivers
v0x55bb4242e8a0_0 .net "clk", 0 0, v0x55bb424318b0_0;  alias, 1 drivers
v0x55bb4242e940_0 .net "data_in", 31 0, v0x55bb42429590_0;  alias, 1 drivers
v0x55bb4242e9e0_0 .net "data_out", 31 0, v0x55bb4242e250_0;  alias, 1 drivers
v0x55bb4242eb10_0 .net "load", 0 0, L_0x55bb42432b70;  alias, 1 drivers
v0x55bb4242ebb0_0 .net "mask", 3 0, v0x55bb42429250_0;  alias, 1 drivers
v0x55bb4242ece0_0 .net "request", 0 0, v0x55bb42429b70_0;  alias, 1 drivers
v0x55bb4242ed80_0 .net "rst", 0 0, v0x55bb42431a30_0;  alias, 1 drivers
v0x55bb4242ee20_0 .var "valid", 0 0;
v0x55bb4242ef50_0 .net "we_re", 0 0, v0x55bb42429d70_0;  alias, 1 drivers
S_0x55bb4242dca0 .scope module, "u_memory" "memory" 23 28, 24 1 0, S_0x55bb4242d9b0;
 .timescale -9 -12;
    .port_info 0 /INPUT 1 "clk"
    .port_info 1 /INPUT 12 "address"
    .port_info 2 /INPUT 1 "we_re"
    .port_info 3 /INPUT 1 "request"
    .port_info 4 /INPUT 4 "mask"
    .port_info 5 /INPUT 32 "data_in"
    .port_info 6 /OUTPUT 32 "data_out"
P_0x55bb4242de20 .param/l "INIT_MEM" 0 24 2, +C4<00000000000000000000000000000000>;
v0x55bb4242dff0_0 .net "address", 11 0, L_0x55bb42432ee0;  alias, 1 drivers
v0x55bb4242e0f0_0 .net "clk", 0 0, v0x55bb424318b0_0;  alias, 1 drivers
v0x55bb4242e1b0_0 .net "data_in", 31 0, v0x55bb42429590_0;  alias, 1 drivers
v0x55bb4242e250_0 .var "data_out", 31 0;
v0x55bb4242e2f0_0 .net "mask", 3 0, v0x55bb42429250_0;  alias, 1 drivers
v0x55bb4242e400 .array "mem", 4095 0, 31 0;
v0x55bb4242e4c0_0 .net "request", 0 0, v0x55bb42429b70_0;  alias, 1 drivers
v0x55bb4242e5b0_0 .net "we_re", 0 0, v0x55bb42429d70_0;  alias, 1 drivers
E_0x55bb4242df70 .event posedge, v0x55bb42422720_0;
S_0x55bb4242f130 .scope module, "u_instruc_mem" "instruc_mem_top" 3 70, 25 1 0, S_0x55bb4232e3e0;
 .timescale -9 -12;
    .port_info 0 /INPUT 1 "clk"
    .port_info 1 /INPUT 1 "rst"
    .port_info 2 /INPUT 1 "we_re"
    .port_info 3 /INPUT 1 "request"
    .port_info 4 /INPUT 4 "mask"
    .port_info 5 /INPUT 12 "address"
    .port_info 6 /INPUT 32 "data_in"
    .port_info 7 /OUTPUT 1 "valid"
    .port_info 8 /OUTPUT 32 "data_out"
P_0x55bb4242c800 .param/l "INIT_MEM" 0 25 2, +C4<00000000000000000000000000000001>;
v0x55bb4242ff10_0 .net "address", 11 0, L_0x55bb42432f80;  1 drivers
v0x55bb4242fff0_0 .net "clk", 0 0, v0x55bb424318b0_0;  alias, 1 drivers
v0x55bb42430090_0 .net "data_in", 31 0, o0x7f72413da8e8;  alias, 0 drivers
v0x55bb42430130_0 .net "data_out", 31 0, v0x55bb4242f9f0_0;  alias, 1 drivers
v0x55bb424301d0_0 .net "mask", 3 0, v0x55bb42428170_0;  alias, 1 drivers
v0x55bb424302c0_0 .net "request", 0 0, L_0x55bb423c0440;  alias, 1 drivers
v0x55bb424303b0_0 .net "rst", 0 0, v0x55bb42431a30_0;  alias, 1 drivers
v0x55bb42430450_0 .var "valid", 0 0;
v0x55bb42430540_0 .net "we_re", 0 0, v0x55bb424285d0_0;  alias, 1 drivers
S_0x55bb4242f470 .scope module, "u_memory" "memory" 25 27, 24 1 0, S_0x55bb4242f130;
 .timescale -9 -12;
    .port_info 0 /INPUT 1 "clk"
    .port_info 1 /INPUT 12 "address"
    .port_info 2 /INPUT 1 "we_re"
    .port_info 3 /INPUT 1 "request"
    .port_info 4 /INPUT 4 "mask"
    .port_info 5 /INPUT 32 "data_in"
    .port_info 6 /OUTPUT 32 "data_out"
P_0x55bb4242f640 .param/l "INIT_MEM" 0 24 2, +C4<00000000000000000000000000000001>;
v0x55bb4242f790_0 .net "address", 11 0, L_0x55bb42432f80;  alias, 1 drivers
v0x55bb4242f890_0 .net "clk", 0 0, v0x55bb424318b0_0;  alias, 1 drivers
v0x55bb4242f950_0 .net "data_in", 31 0, o0x7f72413da8e8;  alias, 0 drivers
v0x55bb4242f9f0_0 .var "data_out", 31 0;
v0x55bb4242fab0_0 .net "mask", 3 0, v0x55bb42428170_0;  alias, 1 drivers
v0x55bb4242fbc0 .array "mem", 4095 0, 31 0;
v0x55bb4242fc80_0 .net "request", 0 0, L_0x55bb423c0440;  alias, 1 drivers
v0x55bb4242fd20_0 .net "we_re", 0 0, v0x55bb424285d0_0;  alias, 1 drivers
    .scope S_0x55bb424267f0;
T_0 ;
    %wait E_0x55bb42422110;
    %load/vec4 v0x55bb424275c0_0;
    %nor/r;
    %flag_set/vec4 8;
    %jmp/0xz  T_0.0, 8;
    %pushi/vec4 0, 0, 32;
    %assign/vec4 v0x55bb42426c20_0, 0;
    %jmp T_0.1;
T_0.0 ;
    %load/vec4 v0x55bb42426d00_0;
    %flag_set/vec4 8;
    %jmp/0xz  T_0.2, 8;
    %load/vec4 v0x55bb42426da0_0;
    %assign/vec4 v0x55bb42426c20_0, 0;
    %jmp T_0.3;
T_0.2 ;
    %load/vec4 v0x55bb42426fd0_0;
    %flag_set/vec4 8;
    %jmp/0xz  T_0.4, 8;
    %load/vec4 v0x55bb42427070_0;
    %assign/vec4 v0x55bb42426c20_0, 0;
    %jmp T_0.5;
T_0.4 ;
    %load/vec4 v0x55bb42427130_0;
    %flag_set/vec4 8;
    %jmp/0xz  T_0.6, 8;
    %load/vec4 v0x55bb424271d0_0;
    %assign/vec4 v0x55bb42426c20_0, 0;
    %jmp T_0.7;
T_0.6 ;
    %load/vec4 v0x55bb424273b0_0;
    %load/vec4 v0x55bb42427660_0;
    %nor/r;
    %and;
    %flag_set/vec4 8;
    %jmp/0xz  T_0.8, 8;
    %load/vec4 v0x55bb42426c20_0;
    %assign/vec4 v0x55bb42426c20_0, 0;
    %jmp T_0.9;
T_0.8 ;
    %load/vec4 v0x55bb42426c20_0;
    %addi 4, 0, 32;
    %assign/vec4 v0x55bb42426c20_0, 0;
T_0.9 ;
T_0.7 ;
T_0.5 ;
T_0.3 ;
T_0.1 ;
    %load/vec4 v0x55bb42426c20_0;
    %assign/vec4 v0x55bb42427470_0, 0;
    %jmp T_0;
    .thread T_0;
    .scope S_0x55bb42426380;
T_1 ;
    %wait E_0x55bb42426790;
    %load/vec4 v0x55bb42428040_0;
    %load/vec4 v0x55bb42428530_0;
    %nor/r;
    %and;
    %flag_set/vec4 8;
    %jmp/0xz  T_1.0, 8;
    %pushi/vec4 15, 0, 4;
    %store/vec4 v0x55bb42428170_0, 0, 4;
    %pushi/vec4 0, 0, 1;
    %store/vec4 v0x55bb424285d0_0, 0, 1;
    %pushi/vec4 0, 0, 1;
    %store/vec4 v0x55bb42428250_0, 0, 1;
    %jmp T_1.1;
T_1.0 ;
    %pushi/vec4 15, 0, 4;
    %store/vec4 v0x55bb42428170_0, 0, 4;
    %pushi/vec4 0, 0, 1;
    %store/vec4 v0x55bb424285d0_0, 0, 1;
    %pushi/vec4 1, 0, 1;
    %store/vec4 v0x55bb42428250_0, 0, 1;
T_1.1 ;
    %jmp T_1;
    .thread T_1, $push;
    .scope S_0x55bb42426380;
T_2 ;
    %wait E_0x55bb424251d0;
    %load/vec4 v0x55bb42427ee0_0;
    %store/vec4 v0x55bb42427f80_0, 0, 32;
    %jmp T_2;
    .thread T_2, $push;
    .scope S_0x55bb4241dc00;
T_3 ;
    %wait E_0x55bb4238c7d0;
    %pushi/vec4 0, 0, 1;
    %store/vec4 v0x55bb4241e390_0, 0, 1;
    %pushi/vec4 0, 0, 1;
    %store/vec4 v0x55bb4241df80_0, 0, 1;
    %pushi/vec4 0, 0, 1;
    %store/vec4 v0x55bb4241e430_0, 0, 1;
    %pushi/vec4 0, 0, 1;
    %store/vec4 v0x55bb4241e160_0, 0, 1;
    %pushi/vec4 0, 0, 1;
    %store/vec4 v0x55bb4241e500_0, 0, 1;
    %pushi/vec4 0, 0, 1;
    %store/vec4 v0x55bb4241dec0_0, 0, 1;
    %pushi/vec4 0, 0, 1;
    %store/vec4 v0x55bb4241e020_0, 0, 1;
    %pushi/vec4 0, 0, 1;
    %store/vec4 v0x55bb4241e0c0_0, 0, 1;
    %pushi/vec4 0, 0, 1;
    %store/vec4 v0x55bb4241e250_0, 0, 1;
    %load/vec4 v0x55bb4241e2f0_0;
    %dup/vec4;
    %pushi/vec4 51, 0, 7;
    %cmp/u;
    %jmp/1 T_3.0, 6;
    %dup/vec4;
    %pushi/vec4 19, 0, 7;
    %cmp/u;
    %jmp/1 T_3.1, 6;
    %dup/vec4;
    %pushi/vec4 35, 0, 7;
    %cmp/u;
    %jmp/1 T_3.2, 6;
    %dup/vec4;
    %pushi/vec4 3, 0, 7;
    %cmp/u;
    %jmp/1 T_3.3, 6;
    %dup/vec4;
    %pushi/vec4 99, 0, 7;
    %cmp/u;
    %jmp/1 T_3.4, 6;
    %dup/vec4;
    %pushi/vec4 23, 0, 7;
    %cmp/u;
    %jmp/1 T_3.5, 6;
    %dup/vec4;
    %pushi/vec4 111, 0, 7;
    %cmp/u;
    %jmp/1 T_3.6, 6;
    %dup/vec4;
    %pushi/vec4 103, 0, 7;
    %cmp/u;
    %jmp/1 T_3.7, 6;
    %dup/vec4;
    %pushi/vec4 55, 0, 7;
    %cmp/u;
    %jmp/1 T_3.8, 6;
    %pushi/vec4 0, 0, 1;
    %store/vec4 v0x55bb4241e390_0, 0, 1;
    %pushi/vec4 0, 0, 1;
    %store/vec4 v0x55bb4241df80_0, 0, 1;
    %pushi/vec4 0, 0, 1;
    %store/vec4 v0x55bb4241e430_0, 0, 1;
    %pushi/vec4 0, 0, 1;
    %store/vec4 v0x55bb4241e160_0, 0, 1;
    %pushi/vec4 0, 0, 1;
    %store/vec4 v0x55bb4241e500_0, 0, 1;
    %pushi/vec4 0, 0, 1;
    %store/vec4 v0x55bb4241dec0_0, 0, 1;
    %pushi/vec4 0, 0, 1;
    %store/vec4 v0x55bb4241e020_0, 0, 1;
    %pushi/vec4 0, 0, 1;
    %store/vec4 v0x55bb4241e0c0_0, 0, 1;
    %pushi/vec4 0, 0, 1;
    %store/vec4 v0x55bb4241e250_0, 0, 1;
    %jmp T_3.10;
T_3.0 ;
    %pushi/vec4 1, 0, 1;
    %store/vec4 v0x55bb4241e390_0, 0, 1;
    %jmp T_3.10;
T_3.1 ;
    %pushi/vec4 1, 0, 1;
    %assign/vec4 v0x55bb4241df80_0, 0;
    %jmp T_3.10;
T_3.2 ;
    %pushi/vec4 1, 0, 1;
    %assign/vec4 v0x55bb4241e430_0, 0;
    %jmp T_3.10;
T_3.3 ;
    %pushi/vec4 1, 0, 1;
    %assign/vec4 v0x55bb4241e160_0, 0;
    %jmp T_3.10;
T_3.4 ;
    %pushi/vec4 1, 0, 1;
    %assign/vec4 v0x55bb4241e500_0, 0;
    %jmp T_3.10;
T_3.5 ;
    %pushi/vec4 1, 0, 1;
    %assign/vec4 v0x55bb4241dec0_0, 0;
    %jmp T_3.10;
T_3.6 ;
    %pushi/vec4 1, 0, 1;
    %assign/vec4 v0x55bb4241e020_0, 0;
    %jmp T_3.10;
T_3.7 ;
    %pushi/vec4 1, 0, 1;
    %assign/vec4 v0x55bb4241e0c0_0, 0;
    %jmp T_3.10;
T_3.8 ;
    %pushi/vec4 1, 0, 1;
    %assign/vec4 v0x55bb4241e250_0, 0;
    %jmp T_3.10;
T_3.10 ;
    %pop/vec4 1;
    %jmp T_3;
    .thread T_3, $push;
    .scope S_0x55bb4241c000;
T_4 ;
    %wait E_0x55bb4238cac0;
    %load/vec4 v0x55bb4241d4e0_0;
    %load/vec4 v0x55bb4241cba0_0;
    %or;
    %load/vec4 v0x55bb4241cec0_0;
    %or;
    %load/vec4 v0x55bb4241cd40_0;
    %or;
    %load/vec4 v0x55bb4241ce00_0;
    %or;
    %load/vec4 v0x55bb4241d040_0;
    %or;
    %load/vec4 v0x55bb4241c880_0;
    %or;
    %store/vec4 v0x55bb4241d5a0_0, 0, 1;
    %load/vec4 v0x55bb4241c940_0;
    %load/vec4 v0x55bb4241cd40_0;
    %or;
    %load/vec4 v0x55bb4241c880_0;
    %or;
    %store/vec4 v0x55bb4241d360_0, 0, 1;
    %load/vec4 v0x55bb4241cba0_0;
    %load/vec4 v0x55bb4241cec0_0;
    %or;
    %load/vec4 v0x55bb4241c940_0;
    %or;
    %load/vec4 v0x55bb4241d720_0;
    %or;
    %load/vec4 v0x55bb4241cd40_0;
    %or;
    %load/vec4 v0x55bb4241ce00_0;
    %or;
    %load/vec4 v0x55bb4241c880_0;
    %or;
    %load/vec4 v0x55bb4241d040_0;
    %or;
    %store/vec4 v0x55bb4241d420_0, 0, 1;
    %load/vec4 v0x55bb4241cec0_0;
    %store/vec4 v0x55bb4241cf80_0, 0, 1;
    %load/vec4 v0x55bb4241d720_0;
    %store/vec4 v0x55bb4241d660_0, 0, 1;
    %load/vec4 v0x55bb4241cec0_0;
    %pad/u 2;
    %store/vec4 v0x55bb4241d1c0_0, 0, 2;
    %load/vec4 v0x55bb4241d720_0;
    %store/vec4 v0x55bb4241d100_0, 0, 1;
    %load/vec4 v0x55bb4241c940_0;
    %store/vec4 v0x55bb423dd610_0, 0, 1;
    %load/vec4 v0x55bb4241c940_0;
    %store/vec4 v0x55bb4241d2a0_0, 0, 1;
    %pushi/vec4 0, 0, 1;
    %store/vec4 v0x55bb4241c530_0, 0, 1;
    %pushi/vec4 0, 0, 1;
    %store/vec4 v0x55bb4241c5d0_0, 0, 1;
    %load/vec4 v0x55bb4241d4e0_0;
    %flag_set/vec4 8;
    %jmp/0xz  T_4.0, 8;
    %pushi/vec4 0, 0, 2;
    %store/vec4 v0x55bb4241d1c0_0, 0, 2;
T_4.0 ;
    %load/vec4 v0x55bb4241cae0_0;
    %flag_set/vec4 8;
    %jmp/0xz  T_4.2, 8;
    %load/vec4 v0x55bb4241ca00_0;
    %dup/vec4;
    %pushi/vec4 0, 0, 3;
    %cmp/u;
    %jmp/1 T_4.4, 6;
    %dup/vec4;
    %pushi/vec4 5, 0, 3;
    %cmp/u;
    %jmp/1 T_4.5, 6;
    %jmp T_4.6;
T_4.4 ;
    %pushi/vec4 1, 0, 4;
    %store/vec4 v0x55bb4241c7a0_0, 0, 4;
    %jmp T_4.6;
T_4.5 ;
    %pushi/vec4 15, 0, 4;
    %store/vec4 v0x55bb4241c7a0_0, 0, 4;
    %jmp T_4.6;
T_4.6 ;
    %pop/vec4 1;
    %jmp T_4.3;
T_4.2 ;
    %load/vec4 v0x55bb4241ca00_0;
    %dup/vec4;
    %pushi/vec4 0, 0, 3;
    %cmp/u;
    %jmp/1 T_4.7, 6;
    %dup/vec4;
    %pushi/vec4 1, 0, 3;
    %cmp/u;
    %jmp/1 T_4.8, 6;
    %dup/vec4;
    %pushi/vec4 2, 0, 3;
    %cmp/u;
    %jmp/1 T_4.9, 6;
    %dup/vec4;
    %pushi/vec4 3, 0, 3;
    %cmp/u;
    %jmp/1 T_4.10, 6;
    %dup/vec4;
    %pushi/vec4 4, 0, 3;
    %cmp/u;
    %jmp/1 T_4.11, 6;
    %dup/vec4;
    %pushi/vec4 5, 0, 3;
    %cmp/u;
    %jmp/1 T_4.12, 6;
    %dup/vec4;
    %pushi/vec4 6, 0, 3;
    %cmp/u;
    %jmp/1 T_4.13, 6;
    %dup/vec4;
    %pushi/vec4 7, 0, 3;
    %cmp/u;
    %jmp/1 T_4.14, 6;
    %jmp T_4.15;
T_4.7 ;
    %pushi/vec4 0, 0, 4;
    %store/vec4 v0x55bb4241c7a0_0, 0, 4;
    %jmp T_4.15;
T_4.8 ;
    %pushi/vec4 10, 0, 4;
    %store/vec4 v0x55bb4241c7a0_0, 0, 4;
    %jmp T_4.15;
T_4.9 ;
    %pushi/vec4 11, 0, 4;
    %store/vec4 v0x55bb4241c7a0_0, 0, 4;
    %jmp T_4.15;
T_4.10 ;
    %pushi/vec4 4, 0, 4;
    %store/vec4 v0x55bb4241c7a0_0, 0, 4;
    %jmp T_4.15;
T_4.11 ;
    %pushi/vec4 5, 0, 4;
    %store/vec4 v0x55bb4241c7a0_0, 0, 4;
    %jmp T_4.15;
T_4.12 ;
    %pushi/vec4 14, 0, 4;
    %store/vec4 v0x55bb4241c7a0_0, 0, 4;
    %jmp T_4.15;
T_4.13 ;
    %pushi/vec4 8, 0, 4;
    %store/vec4 v0x55bb4241c7a0_0, 0, 4;
    %jmp T_4.15;
T_4.14 ;
    %pushi/vec4 9, 0, 4;
    %store/vec4 v0x55bb4241c7a0_0, 0, 4;
    %jmp T_4.15;
T_4.15 ;
    %pop/vec4 1;
T_4.3 ;
    %load/vec4 v0x55bb4241cba0_0;
    %flag_set/vec4 8;
    %jmp/0xz  T_4.16, 8;
    %pushi/vec4 0, 0, 3;
    %store/vec4 v0x55bb4241cc60_0, 0, 3;
T_4.16 ;
    %pushi/vec4 0, 0, 2;
    %store/vec4 v0x55bb4241d1c0_0, 0, 2;
    %load/vec4 v0x55bb4241cae0_0;
    %flag_set/vec4 8;
    %jmp/0xz  T_4.18, 8;
    %load/vec4 v0x55bb4241ca00_0;
    %dup/vec4;
    %pushi/vec4 5, 0, 3;
    %cmp/u;
    %jmp/1 T_4.20, 6;
    %jmp T_4.21;
T_4.20 ;
    %pushi/vec4 15, 0, 4;
    %store/vec4 v0x55bb4241c7a0_0, 0, 4;
    %jmp T_4.21;
T_4.21 ;
    %pop/vec4 1;
    %jmp T_4.19;
T_4.18 ;
    %load/vec4 v0x55bb4241ca00_0;
    %dup/vec4;
    %pushi/vec4 0, 0, 3;
    %cmp/u;
    %jmp/1 T_4.22, 6;
    %dup/vec4;
    %pushi/vec4 1, 0, 3;
    %cmp/u;
    %jmp/1 T_4.23, 6;
    %dup/vec4;
    %pushi/vec4 2, 0, 3;
    %cmp/u;
    %jmp/1 T_4.24, 6;
    %dup/vec4;
    %pushi/vec4 3, 0, 3;
    %cmp/u;
    %jmp/1 T_4.25, 6;
    %dup/vec4;
    %pushi/vec4 4, 0, 3;
    %cmp/u;
    %jmp/1 T_4.26, 6;
    %dup/vec4;
    %pushi/vec4 5, 0, 3;
    %cmp/u;
    %jmp/1 T_4.27, 6;
    %dup/vec4;
    %pushi/vec4 6, 0, 3;
    %cmp/u;
    %jmp/1 T_4.28, 6;
    %dup/vec4;
    %pushi/vec4 7, 0, 3;
    %cmp/u;
    %jmp/1 T_4.29, 6;
    %jmp T_4.30;
T_4.22 ;
    %pushi/vec4 0, 0, 4;
    %store/vec4 v0x55bb4241c7a0_0, 0, 4;
    %jmp T_4.30;
T_4.23 ;
    %pushi/vec4 10, 0, 4;
    %store/vec4 v0x55bb4241c7a0_0, 0, 4;
    %jmp T_4.30;
T_4.24 ;
    %pushi/vec4 11, 0, 4;
    %store/vec4 v0x55bb4241c7a0_0, 0, 4;
    %jmp T_4.30;
T_4.25 ;
    %pushi/vec4 4, 0, 4;
    %store/vec4 v0x55bb4241c7a0_0, 0, 4;
    %jmp T_4.30;
T_4.26 ;
    %pushi/vec4 5, 0, 4;
    %store/vec4 v0x55bb4241c7a0_0, 0, 4;
    %jmp T_4.30;
T_4.27 ;
    %pushi/vec4 14, 0, 4;
    %store/vec4 v0x55bb4241c7a0_0, 0, 4;
    %jmp T_4.30;
T_4.28 ;
    %pushi/vec4 8, 0, 4;
    %store/vec4 v0x55bb4241c7a0_0, 0, 4;
    %jmp T_4.30;
T_4.29 ;
    %pushi/vec4 9, 0, 4;
    %store/vec4 v0x55bb4241c7a0_0, 0, 4;
    %jmp T_4.30;
T_4.30 ;
    %pop/vec4 1;
T_4.19 ;
    %load/vec4 v0x55bb4241d720_0;
    %flag_set/vec4 8;
    %jmp/0xz  T_4.31, 8;
    %pushi/vec4 1, 0, 3;
    %store/vec4 v0x55bb4241cc60_0, 0, 3;
    %pushi/vec4 0, 0, 2;
    %store/vec4 v0x55bb4241d1c0_0, 0, 2;
    %load/vec4 v0x55bb4241ca00_0;
    %dup/vec4;
    %pushi/vec4 0, 0, 3;
    %cmp/u;
    %jmp/1 T_4.33, 6;
    %dup/vec4;
    %pushi/vec4 1, 0, 3;
    %cmp/u;
    %jmp/1 T_4.34, 6;
    %dup/vec4;
    %pushi/vec4 2, 0, 3;
    %cmp/u;
    %jmp/1 T_4.35, 6;
    %jmp T_4.36;
T_4.33 ;
    %pushi/vec4 0, 0, 4;
    %store/vec4 v0x55bb4241c7a0_0, 0, 4;
    %jmp T_4.36;
T_4.34 ;
    %pushi/vec4 0, 0, 4;
    %store/vec4 v0x55bb4241c7a0_0, 0, 4;
    %jmp T_4.36;
T_4.35 ;
    %pushi/vec4 0, 0, 4;
    %store/vec4 v0x55bb4241c7a0_0, 0, 4;
    %jmp T_4.36;
T_4.36 ;
    %pop/vec4 1;
T_4.31 ;
    %load/vec4 v0x55bb4241cec0_0;
    %flag_set/vec4 8;
    %jmp/0xz  T_4.37, 8;
    %pushi/vec4 0, 0, 3;
    %store/vec4 v0x55bb4241cc60_0, 0, 3;
    %pushi/vec4 0, 0, 2;
    %store/vec4 v0x55bb4241d1c0_0, 0, 2;
    %load/vec4 v0x55bb4241ca00_0;
    %dup/vec4;
    %pushi/vec4 0, 0, 3;
    %cmp/u;
    %jmp/1 T_4.39, 6;
    %dup/vec4;
    %pushi/vec4 1, 0, 3;
    %cmp/u;
    %jmp/1 T_4.40, 6;
    %dup/vec4;
    %pushi/vec4 2, 0, 3;
    %cmp/u;
    %jmp/1 T_4.41, 6;
    %dup/vec4;
    %pushi/vec4 4, 0, 3;
    %cmp/u;
    %jmp/1 T_4.42, 6;
    %dup/vec4;
    %pushi/vec4 5, 0, 3;
    %cmp/u;
    %jmp/1 T_4.43, 6;
    %jmp T_4.44;
T_4.39 ;
    %pushi/vec4 0, 0, 4;
    %store/vec4 v0x55bb4241c7a0_0, 0, 4;
    %jmp T_4.44;
T_4.40 ;
    %pushi/vec4 0, 0, 4;
    %store/vec4 v0x55bb4241c7a0_0, 0, 4;
    %jmp T_4.44;
T_4.41 ;
    %pushi/vec4 0, 0, 4;
    %store/vec4 v0x55bb4241c7a0_0, 0, 4;
    %jmp T_4.44;
T_4.42 ;
    %pushi/vec4 0, 0, 4;
    %store/vec4 v0x55bb4241c7a0_0, 0, 4;
    %jmp T_4.44;
T_4.43 ;
    %pushi/vec4 0, 0, 4;
    %store/vec4 v0x55bb4241c7a0_0, 0, 4;
    %jmp T_4.44;
T_4.44 ;
    %pop/vec4 1;
T_4.37 ;
    %load/vec4 v0x55bb4241c940_0;
    %flag_set/vec4 8;
    %jmp/0xz  T_4.45, 8;
    %pushi/vec4 0, 0, 4;
    %store/vec4 v0x55bb4241c7a0_0, 0, 4;
    %pushi/vec4 2, 0, 3;
    %store/vec4 v0x55bb4241cc60_0, 0, 3;
T_4.45 ;
    %load/vec4 v0x55bb4241cd40_0;
    %flag_set/vec4 8;
    %jmp/0xz  T_4.47, 8;
    %pushi/vec4 2, 0, 2;
    %store/vec4 v0x55bb4241d1c0_0, 0, 2;
    %load/vec4 v0x55bb4241cd40_0;
    %store/vec4 v0x55bb4241c530_0, 0, 1;
    %pushi/vec4 0, 0, 4;
    %store/vec4 v0x55bb4241c7a0_0, 0, 4;
    %pushi/vec4 3, 0, 3;
    %store/vec4 v0x55bb4241cc60_0, 0, 3;
T_4.47 ;
    %load/vec4 v0x55bb4241ce00_0;
    %flag_set/vec4 8;
    %jmp/0xz  T_4.49, 8;
    %load/vec4 v0x55bb4241ce00_0;
    %store/vec4 v0x55bb4241c5d0_0, 0, 1;
    %pushi/vec4 0, 0, 2;
    %store/vec4 v0x55bb4241d1c0_0, 0, 2;
    %pushi/vec4 0, 0, 4;
    %store/vec4 v0x55bb4241c7a0_0, 0, 4;
    %pushi/vec4 0, 0, 3;
    %store/vec4 v0x55bb4241cc60_0, 0, 3;
    %jmp T_4.50;
T_4.49 ;
    %load/vec4 v0x55bb4241d040_0;
    %flag_set/vec4 8;
    %jmp/0xz  T_4.51, 8;
    %pushi/vec4 0, 0, 2;
    %store/vec4 v0x55bb4241d1c0_0, 0, 2;
    %load/vec4 v0x55bb4241d040_0;
    %store/vec4 v0x55bb4241c690_0, 0, 1;
    %pushi/vec4 4, 0, 3;
    %store/vec4 v0x55bb4241cc60_0, 0, 3;
    %jmp T_4.52;
T_4.51 ;
    %load/vec4 v0x55bb4241c880_0;
    %flag_set/vec4 8;
    %jmp/0xz  T_4.53, 8;
    %pushi/vec4 0, 0, 2;
    %store/vec4 v0x55bb4241d1c0_0, 0, 2;
    %load/vec4 v0x55bb4241c880_0;
    %store/vec4 v0x55bb423dd510_0, 0, 1;
    %pushi/vec4 0, 0, 4;
    %store/vec4 v0x55bb4241c7a0_0, 0, 4;
    %pushi/vec4 4, 0, 3;
    %store/vec4 v0x55bb4241cc60_0, 0, 3;
T_4.53 ;
T_4.52 ;
T_4.50 ;
    %jmp T_4;
    .thread T_4, $push;
    .scope S_0x55bb42421ef0;
T_5 ;
    %wait E_0x55bb42422110;
    %pushi/vec4 0, 0, 32;
    %ix/load 3, 0, 0;
    %flag_set/imm 4, 0;
    %ix/load 4, 0, 0; Constant delay
    %assign/vec4/a/d v0x55bb42422d40, 0, 4;
    %load/vec4 v0x55bb42422fc0_0;
    %nor/r;
    %flag_set/vec4 8;
    %jmp/0xz  T_5.0, 8;
    %pushi/vec4 1, 0, 32;
    %store/vec4 v0x55bb424228d0_0, 0, 32;
T_5.2 ;
    %load/vec4 v0x55bb424228d0_0;
    %cmpi/s 31, 0, 32;
    %flag_or 5, 4;
    %jmp/0xz T_5.3, 5;
    %pushi/vec4 0, 0, 32;
    %ix/getv/s 3, v0x55bb424228d0_0;
    %ix/load 4, 0, 0; Constant delay
    %assign/vec4/a/d v0x55bb42422d40, 0, 4;
    %load/vec4 v0x55bb424228d0_0;
    %pushi/vec4 1, 0, 32;
    %add;
    %store/vec4 v0x55bb424228d0_0, 0, 32;
    %jmp T_5.2;
T_5.3 ;
    %jmp T_5.1;
T_5.0 ;
    %load/vec4 v0x55bb424227e0_0;
    %flag_set/vec4 8;
    %jmp/0xz  T_5.4, 8;
    %load/vec4 v0x55bb424229b0_0;
    %load/vec4 v0x55bb42422c60_0;
    %pad/u 7;
    %ix/vec4 3;
    %ix/load 4, 0, 0; Constant delay
    %assign/vec4/a/d v0x55bb42422d40, 0, 4;
T_5.4 ;
T_5.1 ;
    %jmp T_5;
    .thread T_5;
    .scope S_0x55bb4241fb20;
T_6 ;
    %wait E_0x55bb42408e10;
    %load/vec4 v0x55bb4241ff90_0;
    %parti/s 5, 7, 4;
    %ix/load 4, 0, 0;
    %flag_set/imm 4, 0;
    %store/vec4 v0x55bb42420080_0, 4, 5;
    %load/vec4 v0x55bb4241ff90_0;
    %parti/s 7, 25, 6;
    %ix/load 4, 5, 0;
    %flag_set/imm 4, 0;
    %store/vec4 v0x55bb42420080_0, 4, 7;
    %load/vec4 v0x55bb4241ff90_0;
    %parti/s 12, 20, 6;
    %store/vec4 v0x55bb4241fdb0_0, 0, 12;
    %load/vec4 v0x55bb4241fdb0_0;
    %parti/s 1, 11, 5;
    %replicate 20;
    %load/vec4 v0x55bb4241fdb0_0;
    %concat/vec4; draw_concat_vec4
    %store/vec4 v0x55bb4241feb0_0, 0, 32;
    %load/vec4 v0x55bb42420080_0;
    %parti/s 1, 11, 5;
    %replicate 20;
    %load/vec4 v0x55bb42420080_0;
    %concat/vec4; draw_concat_vec4
    %store/vec4 v0x55bb42420160_0, 0, 32;
    %load/vec4 v0x55bb4241ff90_0;
    %parti/s 1, 31, 6;
    %replicate 19;
    %load/vec4 v0x55bb4241ff90_0;
    %parti/s 1, 31, 6;
    %concat/vec4; draw_concat_vec4
    %load/vec4 v0x55bb4241ff90_0;
    %parti/s 1, 7, 4;
    %concat/vec4; draw_concat_vec4
    %load/vec4 v0x55bb4241ff90_0;
    %parti/s 6, 25, 6;
    %concat/vec4; draw_concat_vec4
    %load/vec4 v0x55bb4241ff90_0;
    %parti/s 4, 8, 5;
    %concat/vec4; draw_concat_vec4
    %concati/vec4 0, 0, 1;
    %store/vec4 v0x55bb42420290_0, 0, 32;
    %load/vec4 v0x55bb4241ff90_0;
    %parti/s 1, 31, 6;
    %replicate 11;
    %load/vec4 v0x55bb4241ff90_0;
    %parti/s 1, 31, 6;
    %concat/vec4; draw_concat_vec4
    %load/vec4 v0x55bb4241ff90_0;
    %parti/s 8, 12, 5;
    %concat/vec4; draw_concat_vec4
    %load/vec4 v0x55bb4241ff90_0;
    %parti/s 1, 20, 6;
    %concat/vec4; draw_concat_vec4
    %load/vec4 v0x55bb4241ff90_0;
    %parti/s 10, 21, 6;
    %concat/vec4; draw_concat_vec4
    %concati/vec4 0, 0, 1;
    %store/vec4 v0x55bb42420450_0, 0, 32;
    %load/vec4 v0x55bb4241ff90_0;
    %parti/s 20, 12, 5;
    %concati/vec4 0, 0, 12;
    %store/vec4 v0x55bb42420370_0, 0, 32;
    %jmp T_6;
    .thread T_6, $push;
    .scope S_0x55bb4232c6a0;
T_7 ;
    %wait E_0x55bb4238c200;
    %load/vec4 v0x55bb424079a0_0;
    %pad/u 32;
    %cmpi/e 1, 0, 32;
    %jmp/0xz  T_7.0, 4;
    %load/vec4 v0x55bb42407190_0;
    %dup/vec4;
    %pushi/vec4 0, 0, 3;
    %cmp/u;
    %jmp/1 T_7.2, 6;
    %dup/vec4;
    %pushi/vec4 1, 0, 3;
    %cmp/u;
    %jmp/1 T_7.3, 6;
    %dup/vec4;
    %pushi/vec4 2, 0, 3;
    %cmp/u;
    %jmp/1 T_7.4, 6;
    %dup/vec4;
    %pushi/vec4 3, 0, 3;
    %cmp/u;
    %jmp/1 T_7.5, 6;
    %dup/vec4;
    %pushi/vec4 4, 0, 3;
    %cmp/u;
    %jmp/1 T_7.6, 6;
    %dup/vec4;
    %pushi/vec4 5, 0, 3;
    %cmp/u;
    %jmp/1 T_7.7, 6;
    %pushi/vec4 0, 0, 32;
    %store/vec4 v0x55bb424078d0_0, 0, 32;
    %jmp T_7.9;
T_7.2 ;
    %load/vec4 v0x55bb42404ab0_0;
    %load/vec4 v0x55bb42404b80_0;
    %cmp/e;
    %flag_mov 8, 4;
    %jmp/0 T_7.10, 8;
    %pushi/vec4 1, 0, 32;
    %jmp/1 T_7.11, 8;
T_7.10 ; End of true expr.
    %pushi/vec4 0, 0, 32;
    %jmp/0 T_7.11, 8;
 ; End of false expr.
    %blend;
T_7.11;
    %store/vec4 v0x55bb424078d0_0, 0, 32;
    %jmp T_7.9;
T_7.3 ;
    %load/vec4 v0x55bb42404ab0_0;
    %load/vec4 v0x55bb42404b80_0;
    %cmp/ne;
    %flag_mov 8, 4;
    %jmp/0 T_7.12, 8;
    %pushi/vec4 1, 0, 32;
    %jmp/1 T_7.13, 8;
T_7.12 ; End of true expr.
    %pushi/vec4 0, 0, 32;
    %jmp/0 T_7.13, 8;
 ; End of false expr.
    %blend;
T_7.13;
    %store/vec4 v0x55bb424078d0_0, 0, 32;
    %jmp T_7.9;
T_7.4 ;
    %load/vec4 v0x55bb42404ab0_0;
    %load/vec4 v0x55bb42404b80_0;
    %cmp/s;
    %flag_mov 8, 5;
    %jmp/0 T_7.14, 8;
    %pushi/vec4 1, 0, 32;
    %jmp/1 T_7.15, 8;
T_7.14 ; End of true expr.
    %pushi/vec4 0, 0, 32;
    %jmp/0 T_7.15, 8;
 ; End of false expr.
    %blend;
T_7.15;
    %store/vec4 v0x55bb424078d0_0, 0, 32;
    %jmp T_7.9;
T_7.5 ;
    %load/vec4 v0x55bb42404b80_0;
    %load/vec4 v0x55bb42404ab0_0;
    %cmp/s;
    %flag_or 5, 4;
    %flag_mov 8, 5;
    %jmp/0 T_7.16, 8;
    %pushi/vec4 1, 0, 32;
    %jmp/1 T_7.17, 8;
T_7.16 ; End of true expr.
    %pushi/vec4 0, 0, 32;
    %jmp/0 T_7.17, 8;
 ; End of false expr.
    %blend;
T_7.17;
    %store/vec4 v0x55bb424078d0_0, 0, 32;
    %jmp T_7.9;
T_7.6 ;
    %load/vec4 v0x55bb42404ab0_0;
    %load/vec4 v0x55bb42404b80_0;
    %cmp/u;
    %flag_mov 8, 5;
    %jmp/0 T_7.18, 8;
    %pushi/vec4 1, 0, 32;
    %jmp/1 T_7.19, 8;
T_7.18 ; End of true expr.
    %pushi/vec4 0, 0, 32;
    %jmp/0 T_7.19, 8;
 ; End of false expr.
    %blend;
T_7.19;
    %store/vec4 v0x55bb424078d0_0, 0, 32;
    %jmp T_7.9;
T_7.7 ;
    %load/vec4 v0x55bb42404b80_0;
    %load/vec4 v0x55bb42404ab0_0;
    %cmp/u;
    %flag_or 5, 4;
    %flag_mov 8, 5;
    %jmp/0 T_7.20, 8;
    %pushi/vec4 1, 0, 32;
    %jmp/1 T_7.21, 8;
T_7.20 ; End of true expr.
    %pushi/vec4 0, 0, 32;
    %jmp/0 T_7.21, 8;
 ; End of false expr.
    %blend;
T_7.21;
    %store/vec4 v0x55bb424078d0_0, 0, 32;
    %jmp T_7.9;
T_7.9 ;
    %pop/vec4 1;
T_7.0 ;
    %jmp T_7;
    .thread T_7, $push;
    .scope S_0x55bb424205f0;
T_8 ;
    %wait E_0x55bb4238ac30;
    %load/vec4 v0x55bb424210e0_0;
    %dup/vec4;
    %pushi/vec4 0, 0, 3;
    %cmp/u;
    %jmp/1 T_8.0, 6;
    %dup/vec4;
    %pushi/vec4 1, 0, 3;
    %cmp/u;
    %jmp/1 T_8.1, 6;
    %dup/vec4;
    %pushi/vec4 2, 0, 3;
    %cmp/u;
    %jmp/1 T_8.2, 6;
    %dup/vec4;
    %pushi/vec4 3, 0, 3;
    %cmp/u;
    %jmp/1 T_8.3, 6;
    %dup/vec4;
    %pushi/vec4 4, 0, 3;
    %cmp/u;
    %jmp/1 T_8.4, 6;
    %dup/vec4;
    %pushi/vec4 5, 0, 3;
    %cmp/u;
    %jmp/1 T_8.5, 6;
    %dup/vec4;
    %pushi/vec4 6, 0, 3;
    %cmp/u;
    %jmp/1 T_8.6, 6;
    %dup/vec4;
    %pushi/vec4 7, 0, 3;
    %cmp/u;
    %jmp/1 T_8.7, 6;
    %jmp T_8.8;
T_8.0 ;
    %load/vec4 v0x55bb42420930_0;
    %store/vec4 v0x55bb42421000_0, 0, 32;
    %jmp T_8.8;
T_8.1 ;
    %load/vec4 v0x55bb42420a10_0;
    %store/vec4 v0x55bb42421000_0, 0, 32;
    %jmp T_8.8;
T_8.2 ;
    %load/vec4 v0x55bb42420ae0_0;
    %store/vec4 v0x55bb42421000_0, 0, 32;
    %jmp T_8.8;
T_8.3 ;
    %load/vec4 v0x55bb42420be0_0;
    %store/vec4 v0x55bb42421000_0, 0, 32;
    %jmp T_8.8;
T_8.4 ;
    %load/vec4 v0x55bb42420cb0_0;
    %store/vec4 v0x55bb42421000_0, 0, 32;
    %jmp T_8.8;
T_8.5 ;
    %load/vec4 v0x55bb42420da0_0;
    %store/vec4 v0x55bb42421000_0, 0, 32;
    %jmp T_8.8;
T_8.6 ;
    %load/vec4 v0x55bb42420e40_0;
    %store/vec4 v0x55bb42421000_0, 0, 32;
    %jmp T_8.8;
T_8.7 ;
    %load/vec4 v0x55bb42420f20_0;
    %store/vec4 v0x55bb42421000_0, 0, 32;
    %jmp T_8.8;
T_8.8 ;
    %pop/vec4 1;
    %jmp T_8;
    .thread T_8, $push;
    .scope S_0x55bb424257d0;
T_9 ;
    %wait E_0x55bb424259a0;
    %load/vec4 v0x55bb42425c40_0;
    %dup/vec4;
    %pushi/vec4 0, 0, 4;
    %cmp/u;
    %jmp/1 T_9.0, 6;
    %dup/vec4;
    %pushi/vec4 1, 0, 4;
    %cmp/u;
    %jmp/1 T_9.1, 6;
    %dup/vec4;
    %pushi/vec4 2, 0, 4;
    %cmp/u;
    %jmp/1 T_9.2, 6;
    %dup/vec4;
    %pushi/vec4 3, 0, 4;
    %cmp/u;
    %jmp/1 T_9.3, 6;
    %dup/vec4;
    %pushi/vec4 4, 0, 4;
    %cmp/u;
    %jmp/1 T_9.4, 6;
    %dup/vec4;
    %pushi/vec4 5, 0, 4;
    %cmp/u;
    %jmp/1 T_9.5, 6;
    %dup/vec4;
    %pushi/vec4 6, 0, 4;
    %cmp/u;
    %jmp/1 T_9.6, 6;
    %dup/vec4;
    %pushi/vec4 7, 0, 4;
    %cmp/u;
    %jmp/1 T_9.7, 6;
    %dup/vec4;
    %pushi/vec4 8, 0, 4;
    %cmp/u;
    %jmp/1 T_9.8, 6;
    %dup/vec4;
    %pushi/vec4 9, 0, 4;
    %cmp/u;
    %jmp/1 T_9.9, 6;
    %load/vec4 v0x55bb42425a00_0;
    %ix/getv 4, v0x55bb42425b30_0;
    %shiftr 4;
    %store/vec4 v0x55bb42425ce0_0, 0, 32;
    %jmp T_9.11;
T_9.0 ;
    %load/vec4 v0x55bb42425a00_0;
    %load/vec4 v0x55bb42425b30_0;
    %add;
    %store/vec4 v0x55bb42425ce0_0, 0, 32;
    %jmp T_9.11;
T_9.1 ;
    %load/vec4 v0x55bb42425a00_0;
    %load/vec4 v0x55bb42425b30_0;
    %sub;
    %store/vec4 v0x55bb42425ce0_0, 0, 32;
    %jmp T_9.11;
T_9.2 ;
    %load/vec4 v0x55bb42425a00_0;
    %load/vec4 v0x55bb42425b30_0;
    %and;
    %store/vec4 v0x55bb42425ce0_0, 0, 32;
    %jmp T_9.11;
T_9.3 ;
    %load/vec4 v0x55bb42425a00_0;
    %load/vec4 v0x55bb42425b30_0;
    %or;
    %store/vec4 v0x55bb42425ce0_0, 0, 32;
    %jmp T_9.11;
T_9.4 ;
    %load/vec4 v0x55bb42425a00_0;
    %load/vec4 v0x55bb42425b30_0;
    %xor;
    %store/vec4 v0x55bb42425ce0_0, 0, 32;
    %jmp T_9.11;
T_9.5 ;
    %load/vec4 v0x55bb42425a00_0;
    %ix/getv 4, v0x55bb42425b30_0;
    %shiftl 4;
    %store/vec4 v0x55bb42425ce0_0, 0, 32;
    %jmp T_9.11;
T_9.6 ;
    %load/vec4 v0x55bb42425a00_0;
    %ix/getv 4, v0x55bb42425b30_0;
    %shiftr 4;
    %store/vec4 v0x55bb42425ce0_0, 0, 32;
    %jmp T_9.11;
T_9.7 ;
    %load/vec4 v0x55bb42425a00_0;
    %ix/getv 4, v0x55bb42425b30_0;
    %shiftr 4;
    %store/vec4 v0x55bb42425ce0_0, 0, 32;
    %jmp T_9.11;
T_9.8 ;
    %load/vec4 v0x55bb42425a00_0;
    %load/vec4 v0x55bb42425b30_0;
    %cmp/s;
    %flag_get/vec4 5;
    %pad/u 32;
    %store/vec4 v0x55bb42425ce0_0, 0, 32;
    %jmp T_9.11;
T_9.9 ;
    %load/vec4 v0x55bb42425a00_0;
    %load/vec4 v0x55bb42425b30_0;
    %cmp/u;
    %flag_get/vec4 5;
    %pad/u 32;
    %store/vec4 v0x55bb42425ce0_0, 0, 32;
    %jmp T_9.11;
T_9.11 ;
    %pop/vec4 1;
    %jmp T_9;
    .thread T_9, $push;
    .scope S_0x55bb424252b0;
T_10 ;
    %wait E_0x55bb424254e0;
    %load/vec4 v0x55bb42425660_0;
    %addi 4, 0, 32;
    %store/vec4 v0x55bb42425560_0, 0, 32;
    %jmp T_10;
    .thread T_10, $push;
    .scope S_0x55bb42428c30;
T_11 ;
    %wait E_0x55bb42428eb0;
    %load/vec4 v0x55bb42429050_0;
    %flag_set/vec4 8;
    %jmp/0xz  T_11.0, 8;
    %pushi/vec4 0, 0, 4;
    %store/vec4 v0x55bb42429250_0, 0, 4;
    %load/vec4 v0x55bb42429110_0;
    %cmpi/e 0, 0, 3;
    %jmp/0xz  T_11.2, 4;
    %load/vec4 v0x55bb42428f50_0;
    %pad/u 4;
    %dup/vec4;
    %pushi/vec4 0, 0, 4;
    %cmp/u;
    %jmp/1 T_11.4, 6;
    %dup/vec4;
    %pushi/vec4 1, 0, 4;
    %cmp/u;
    %jmp/1 T_11.5, 6;
    %dup/vec4;
    %pushi/vec4 10, 0, 4;
    %cmp/u;
    %jmp/1 T_11.6, 6;
    %dup/vec4;
    %pushi/vec4 11, 0, 4;
    %cmp/u;
    %jmp/1 T_11.7, 6;
    %jmp T_11.8;
T_11.4 ;
    %pushi/vec4 1, 0, 4;
    %store/vec4 v0x55bb42429250_0, 0, 4;
    %load/vec4 v0x55bb42429330_0;
    %store/vec4 v0x55bb42429590_0, 0, 32;
    %jmp T_11.8;
T_11.5 ;
    %pushi/vec4 2, 0, 4;
    %store/vec4 v0x55bb42429250_0, 0, 4;
    %load/vec4 v0x55bb42429330_0;
    %parti/s 16, 16, 6;
    %load/vec4 v0x55bb42429330_0;
    %parti/s 8, 0, 2;
    %concat/vec4; draw_concat_vec4
    %load/vec4 v0x55bb42429330_0;
    %parti/s 8, 0, 2;
    %concat/vec4; draw_concat_vec4
    %store/vec4 v0x55bb42429590_0, 0, 32;
    %jmp T_11.8;
T_11.6 ;
    %pushi/vec4 4, 0, 4;
    %store/vec4 v0x55bb42429250_0, 0, 4;
    %load/vec4 v0x55bb42429330_0;
    %parti/s 8, 24, 6;
    %load/vec4 v0x55bb42429330_0;
    %parti/s 8, 0, 2;
    %concat/vec4; draw_concat_vec4
    %load/vec4 v0x55bb42429330_0;
    %parti/s 16, 0, 2;
    %concat/vec4; draw_concat_vec4
    %store/vec4 v0x55bb42429590_0, 0, 32;
    %jmp T_11.8;
T_11.7 ;
    %pushi/vec4 8, 0, 4;
    %store/vec4 v0x55bb42429250_0, 0, 4;
    %load/vec4 v0x55bb42429330_0;
    %parti/s 8, 0, 2;
    %load/vec4 v0x55bb42429330_0;
    %parti/s 24, 0, 2;
    %concat/vec4; draw_concat_vec4
    %store/vec4 v0x55bb42429590_0, 0, 32;
    %jmp T_11.8;
T_11.8 ;
    %pop/vec4 1;
T_11.2 ;
    %load/vec4 v0x55bb42429110_0;
    %cmpi/e 1, 0, 3;
    %jmp/0xz  T_11.9, 4;
    %load/vec4 v0x55bb42428f50_0;
    %pad/u 4;
    %dup/vec4;
    %pushi/vec4 0, 0, 4;
    %cmp/u;
    %jmp/1 T_11.11, 6;
    %dup/vec4;
    %pushi/vec4 1, 0, 4;
    %cmp/u;
    %jmp/1 T_11.12, 6;
    %dup/vec4;
    %pushi/vec4 10, 0, 4;
    %cmp/u;
    %jmp/1 T_11.13, 6;
    %jmp T_11.14;
T_11.11 ;
    %pushi/vec4 3, 0, 4;
    %store/vec4 v0x55bb42429250_0, 0, 4;
    %load/vec4 v0x55bb42429330_0;
    %store/vec4 v0x55bb42429590_0, 0, 32;
    %jmp T_11.14;
T_11.12 ;
    %pushi/vec4 6, 0, 4;
    %store/vec4 v0x55bb42429250_0, 0, 4;
    %load/vec4 v0x55bb42429330_0;
    %parti/s 8, 24, 6;
    %load/vec4 v0x55bb42429330_0;
    %parti/s 16, 0, 2;
    %concat/vec4; draw_concat_vec4
    %load/vec4 v0x55bb42429330_0;
    %parti/s 8, 0, 2;
    %concat/vec4; draw_concat_vec4
    %store/vec4 v0x55bb42429590_0, 0, 32;
    %jmp T_11.14;
T_11.13 ;
    %pushi/vec4 12, 0, 4;
    %store/vec4 v0x55bb42429250_0, 0, 4;
    %load/vec4 v0x55bb42429330_0;
    %parti/s 16, 0, 2;
    %load/vec4 v0x55bb42429330_0;
    %parti/s 16, 0, 2;
    %concat/vec4; draw_concat_vec4
    %store/vec4 v0x55bb42429590_0, 0, 32;
    %jmp T_11.14;
T_11.14 ;
    %pop/vec4 1;
T_11.9 ;
    %load/vec4 v0x55bb42429110_0;
    %cmpi/e 2, 0, 3;
    %jmp/0xz  T_11.15, 4;
    %pushi/vec4 15, 0, 4;
    %store/vec4 v0x55bb42429250_0, 0, 4;
    %load/vec4 v0x55bb42429330_0;
    %store/vec4 v0x55bb42429590_0, 0, 32;
T_11.15 ;
T_11.0 ;
    %load/vec4 v0x55bb424291b0_0;
    %flag_set/vec4 8;
    %jmp/0xz  T_11.17, 8;
    %load/vec4 v0x55bb42429110_0;
    %cmpi/e 0, 0, 3;
    %jmp/0xz  T_11.19, 4;
    %load/vec4 v0x55bb42428f50_0;
    %pad/u 4;
    %dup/vec4;
    %pushi/vec4 0, 0, 4;
    %cmp/u;
    %jmp/1 T_11.21, 6;
    %dup/vec4;
    %pushi/vec4 1, 0, 4;
    %cmp/u;
    %jmp/1 T_11.22, 6;
    %dup/vec4;
    %pushi/vec4 10, 0, 4;
    %cmp/u;
    %jmp/1 T_11.23, 6;
    %dup/vec4;
    %pushi/vec4 11, 0, 4;
    %cmp/u;
    %jmp/1 T_11.24, 6;
    %jmp T_11.25;
T_11.21 ;
    %load/vec4 v0x55bb424293f0_0;
    %parti/s 1, 7, 4;
    %replicate 24;
    %load/vec4 v0x55bb424293f0_0;
    %parti/s 8, 0, 2;
    %concat/vec4; draw_concat_vec4
    %store/vec4 v0x55bb424294b0_0, 0, 32;
    %jmp T_11.25;
T_11.22 ;
    %load/vec4 v0x55bb424293f0_0;
    %parti/s 1, 15, 5;
    %replicate 24;
    %load/vec4 v0x55bb424293f0_0;
    %parti/s 8, 8, 5;
    %concat/vec4; draw_concat_vec4
    %store/vec4 v0x55bb424294b0_0, 0, 32;
    %jmp T_11.25;
T_11.23 ;
    %load/vec4 v0x55bb424293f0_0;
    %parti/s 1, 23, 6;
    %replicate 24;
    %load/vec4 v0x55bb424293f0_0;
    %parti/s 8, 16, 6;
    %concat/vec4; draw_concat_vec4
    %store/vec4 v0x55bb424294b0_0, 0, 32;
    %jmp T_11.25;
T_11.24 ;
    %load/vec4 v0x55bb424293f0_0;
    %parti/s 1, 31, 6;
    %replicate 24;
    %load/vec4 v0x55bb424293f0_0;
    %parti/s 8, 24, 6;
    %concat/vec4; draw_concat_vec4
    %store/vec4 v0x55bb424294b0_0, 0, 32;
    %jmp T_11.25;
T_11.25 ;
    %pop/vec4 1;
T_11.19 ;
    %load/vec4 v0x55bb42429110_0;
    %cmpi/e 1, 0, 3;
    %jmp/0xz  T_11.26, 4;
    %load/vec4 v0x55bb42428f50_0;
    %pad/u 4;
    %dup/vec4;
    %pushi/vec4 0, 0, 4;
    %cmp/u;
    %jmp/1 T_11.28, 6;
    %dup/vec4;
    %pushi/vec4 1, 0, 4;
    %cmp/u;
    %jmp/1 T_11.29, 6;
    %dup/vec4;
    %pushi/vec4 10, 0, 4;
    %cmp/u;
    %jmp/1 T_11.30, 6;
    %jmp T_11.31;
T_11.28 ;
    %load/vec4 v0x55bb424293f0_0;
    %parti/s 1, 15, 5;
    %replicate 16;
    %load/vec4 v0x55bb424293f0_0;
    %parti/s 16, 0, 2;
    %concat/vec4; draw_concat_vec4
    %store/vec4 v0x55bb424294b0_0, 0, 32;
    %jmp T_11.31;
T_11.29 ;
    %load/vec4 v0x55bb424293f0_0;
    %parti/s 1, 23, 6;
    %replicate 16;
    %load/vec4 v0x55bb424293f0_0;
    %parti/s 16, 8, 5;
    %concat/vec4; draw_concat_vec4
    %store/vec4 v0x55bb424294b0_0, 0, 32;
    %jmp T_11.31;
T_11.30 ;
    %load/vec4 v0x55bb424293f0_0;
    %parti/s 1, 31, 6;
    %replicate 16;
    %load/vec4 v0x55bb424293f0_0;
    %parti/s 16, 16, 6;
    %concat/vec4; draw_concat_vec4
    %store/vec4 v0x55bb424294b0_0, 0, 32;
    %jmp T_11.31;
T_11.31 ;
    %pop/vec4 1;
T_11.26 ;
    %load/vec4 v0x55bb42429110_0;
    %cmpi/e 2, 0, 3;
    %jmp/0xz  T_11.32, 4;
    %load/vec4 v0x55bb424293f0_0;
    %store/vec4 v0x55bb424294b0_0, 0, 32;
T_11.32 ;
    %load/vec4 v0x55bb42429110_0;
    %cmpi/e 4, 0, 3;
    %jmp/0xz  T_11.34, 4;
    %load/vec4 v0x55bb42428f50_0;
    %pad/u 4;
    %dup/vec4;
    %pushi/vec4 0, 0, 4;
    %cmp/u;
    %jmp/1 T_11.36, 6;
    %dup/vec4;
    %pushi/vec4 1, 0, 4;
    %cmp/u;
    %jmp/1 T_11.37, 6;
    %dup/vec4;
    %pushi/vec4 10, 0, 4;
    %cmp/u;
    %jmp/1 T_11.38, 6;
    %dup/vec4;
    %pushi/vec4 11, 0, 4;
    %cmp/u;
    %jmp/1 T_11.39, 6;
    %jmp T_11.40;
T_11.36 ;
    %pushi/vec4 0, 0, 24;
    %load/vec4 v0x55bb424293f0_0;
    %parti/s 8, 0, 2;
    %concat/vec4; draw_concat_vec4
    %store/vec4 v0x55bb424294b0_0, 0, 32;
    %jmp T_11.40;
T_11.37 ;
    %pushi/vec4 0, 0, 24;
    %load/vec4 v0x55bb424293f0_0;
    %parti/s 8, 8, 5;
    %concat/vec4; draw_concat_vec4
    %store/vec4 v0x55bb424294b0_0, 0, 32;
    %jmp T_11.40;
T_11.38 ;
    %pushi/vec4 0, 0, 24;
    %load/vec4 v0x55bb424293f0_0;
    %parti/s 8, 16, 6;
    %concat/vec4; draw_concat_vec4
    %store/vec4 v0x55bb424294b0_0, 0, 32;
    %jmp T_11.40;
T_11.39 ;
    %pushi/vec4 0, 0, 24;
    %load/vec4 v0x55bb424293f0_0;
    %parti/s 8, 24, 6;
    %concat/vec4; draw_concat_vec4
    %store/vec4 v0x55bb424294b0_0, 0, 32;
    %jmp T_11.40;
T_11.40 ;
    %pop/vec4 1;
T_11.34 ;
    %load/vec4 v0x55bb42429110_0;
    %cmpi/e 5, 0, 3;
    %jmp/0xz  T_11.41, 4;
    %load/vec4 v0x55bb42428f50_0;
    %pad/u 4;
    %dup/vec4;
    %pushi/vec4 0, 0, 4;
    %cmp/u;
    %jmp/1 T_11.43, 6;
    %dup/vec4;
    %pushi/vec4 1, 0, 4;
    %cmp/u;
    %jmp/1 T_11.44, 6;
    %dup/vec4;
    %pushi/vec4 10, 0, 4;
    %cmp/u;
    %jmp/1 T_11.45, 6;
    %jmp T_11.46;
T_11.43 ;
    %pushi/vec4 0, 0, 16;
    %load/vec4 v0x55bb424293f0_0;
    %parti/s 16, 0, 2;
    %concat/vec4; draw_concat_vec4
    %store/vec4 v0x55bb424294b0_0, 0, 32;
    %jmp T_11.46;
T_11.44 ;
    %pushi/vec4 0, 0, 16;
    %load/vec4 v0x55bb424293f0_0;
    %parti/s 16, 8, 5;
    %concat/vec4; draw_concat_vec4
    %store/vec4 v0x55bb424294b0_0, 0, 32;
    %jmp T_11.46;
T_11.45 ;
    %pushi/vec4 0, 0, 16;
    %load/vec4 v0x55bb424293f0_0;
    %parti/s 16, 16, 6;
    %concat/vec4; draw_concat_vec4
    %store/vec4 v0x55bb424294b0_0, 0, 32;
    %jmp T_11.46;
T_11.46 ;
    %pop/vec4 1;
T_11.41 ;
    %load/vec4 v0x55bb42429110_0;
    %cmpi/e 6, 0, 3;
    %jmp/0xz  T_11.47, 4;
    %load/vec4 v0x55bb424293f0_0;
    %store/vec4 v0x55bb424294b0_0, 0, 32;
T_11.47 ;
T_11.17 ;
    %jmp T_11;
    .thread T_11, $push;
    .scope S_0x55bb42428900;
T_12 ;
    %wait E_0x55bb42428bb0;
    %load/vec4 v0x55bb42429cb0_0;
    %nor/r;
    %flag_set/vec4 8;
    %jmp/0xz  T_12.0, 8;
    %pushi/vec4 0, 0, 1;
    %store/vec4 v0x55bb42429b70_0, 0, 1;
    %pushi/vec4 0, 0, 1;
    %store/vec4 v0x55bb42429d70_0, 0, 1;
    %jmp T_12.1;
T_12.0 ;
    %load/vec4 v0x55bb42429a30_0;
    %load/vec4 v0x55bb42429820_0;
    %or;
    %store/vec4 v0x55bb42429b70_0, 0, 1;
    %load/vec4 v0x55bb42429820_0;
    %store/vec4 v0x55bb42429d70_0, 0, 1;
T_12.1 ;
    %jmp T_12;
    .thread T_12, $push;
    .scope S_0x55bb4242a4d0;
T_13 ;
    %wait E_0x55bb4242a7a0;
    %load/vec4 v0x55bb4242ad50_0;
    %dup/vec4;
    %pushi/vec4 0, 0, 2;
    %cmp/u;
    %jmp/1 T_13.0, 6;
    %dup/vec4;
    %pushi/vec4 1, 0, 2;
    %cmp/u;
    %jmp/1 T_13.1, 6;
    %dup/vec4;
    %pushi/vec4 2, 0, 2;
    %cmp/u;
    %jmp/1 T_13.2, 6;
    %dup/vec4;
    %pushi/vec4 3, 0, 2;
    %cmp/u;
    %jmp/1 T_13.3, 6;
    %jmp T_13.4;
T_13.0 ;
    %load/vec4 v0x55bb4242a830_0;
    %store/vec4 v0x55bb4242abf0_0, 0, 32;
    %jmp T_13.4;
T_13.1 ;
    %load/vec4 v0x55bb4242a910_0;
    %store/vec4 v0x55bb4242abf0_0, 0, 32;
    %jmp T_13.4;
T_13.2 ;
    %load/vec4 v0x55bb4242aa20_0;
    %store/vec4 v0x55bb4242abf0_0, 0, 32;
    %jmp T_13.4;
T_13.3 ;
    %load/vec4 v0x55bb4242ab10_0;
    %store/vec4 v0x55bb4242abf0_0, 0, 32;
    %jmp T_13.4;
T_13.4 ;
    %pop/vec4 1;
    %jmp T_13;
    .thread T_13, $push;
    .scope S_0x55bb4242dca0;
T_14 ;
    %end;
    .thread T_14;
    .scope S_0x55bb4242dca0;
T_15 ;
    %wait E_0x55bb4242df70;
    %load/vec4 v0x55bb4242e4c0_0;
    %load/vec4 v0x55bb4242e5b0_0;
    %and;
    %flag_set/vec4 8;
    %jmp/0xz  T_15.0, 8;
    %load/vec4 v0x55bb4242e2f0_0;
    %parti/s 1, 0, 2;
    %flag_set/vec4 8;
    %jmp/0xz  T_15.2, 8;
    %load/vec4 v0x55bb4242e1b0_0;
    %parti/s 8, 0, 2;
    %load/vec4 v0x55bb4242dff0_0;
    %pad/u 14;
    %ix/vec4 3;
    %ix/load 4, 0, 0; Constant delay
    %assign/vec4/a/d v0x55bb4242e400, 0, 4;
T_15.2 ;
    %load/vec4 v0x55bb4242e2f0_0;
    %parti/s 1, 1, 2;
    %flag_set/vec4 8;
    %jmp/0xz  T_15.4, 8;
    %load/vec4 v0x55bb4242e1b0_0;
    %parti/s 8, 8, 5;
    %load/vec4 v0x55bb4242dff0_0;
    %pad/u 14;
    %ix/vec4 3;
    %ix/load 4, 8, 0; part off
    %ix/load 5, 0, 0; Constant delay
    %assign/vec4/a/d v0x55bb4242e400, 4, 5;
T_15.4 ;
    %load/vec4 v0x55bb4242e2f0_0;
    %parti/s 1, 2, 3;
    %flag_set/vec4 8;
    %jmp/0xz  T_15.6, 8;
    %load/vec4 v0x55bb4242e1b0_0;
    %parti/s 8, 16, 6;
    %load/vec4 v0x55bb4242dff0_0;
    %pad/u 14;
    %ix/vec4 3;
    %ix/load 4, 16, 0; part off
    %ix/load 5, 0, 0; Constant delay
    %assign/vec4/a/d v0x55bb4242e400, 4, 5;
T_15.6 ;
    %load/vec4 v0x55bb4242e2f0_0;
    %parti/s 1, 3, 3;
    %flag_set/vec4 8;
    %jmp/0xz  T_15.8, 8;
    %load/vec4 v0x55bb4242e1b0_0;
    %parti/s 8, 24, 6;
    %load/vec4 v0x55bb4242dff0_0;
    %pad/u 14;
    %ix/vec4 3;
    %ix/load 4, 24, 0; part off
    %ix/load 5, 0, 0; Constant delay
    %assign/vec4/a/d v0x55bb4242e400, 4, 5;
T_15.8 ;
    %jmp T_15.1;
T_15.0 ;
    %load/vec4 v0x55bb4242e4c0_0;
    %load/vec4 v0x55bb4242e5b0_0;
    %nor/r;
    %and;
    %flag_set/vec4 8;
    %jmp/0xz  T_15.10, 8;
    %load/vec4 v0x55bb4242dff0_0;
    %pad/u 14;
    %ix/vec4 4;
    %load/vec4a v0x55bb4242e400, 4;
    %assign/vec4 v0x55bb4242e250_0, 0;
T_15.10 ;
T_15.1 ;
    %jmp T_15;
    .thread T_15;
    .scope S_0x55bb4242d9b0;
T_16 ;
    %wait E_0x55bb42422110;
    %load/vec4 v0x55bb4242ed80_0;
    %nor/r;
    %flag_set/vec4 8;
    %jmp/0xz  T_16.0, 8;
    %pushi/vec4 0, 0, 1;
    %assign/vec4 v0x55bb4242ee20_0, 0;
    %jmp T_16.1;
T_16.0 ;
    %load/vec4 v0x55bb4242eb10_0;
    %assign/vec4 v0x55bb4242ee20_0, 0;
T_16.1 ;
    %jmp T_16;
    .thread T_16;
    .scope S_0x55bb4242f470;
T_17 ;
    %vpi_call 24 17 "$readmemh", "tb/instruc.mem", v0x55bb4242fbc0 {0 0 0};
    %end;
    .thread T_17;
    .scope S_0x55bb4242f470;
T_18 ;
    %wait E_0x55bb4242df70;
    %load/vec4 v0x55bb4242fc80_0;
    %load/vec4 v0x55bb4242fd20_0;
    %and;
    %flag_set/vec4 8;
    %jmp/0xz  T_18.0, 8;
    %load/vec4 v0x55bb4242fab0_0;
    %parti/s 1, 0, 2;
    %flag_set/vec4 8;
    %jmp/0xz  T_18.2, 8;
    %load/vec4 v0x55bb4242f950_0;
    %parti/s 8, 0, 2;
    %load/vec4 v0x55bb4242f790_0;
    %pad/u 14;
    %ix/vec4 3;
    %ix/load 4, 0, 0; Constant delay
    %assign/vec4/a/d v0x55bb4242fbc0, 0, 4;
T_18.2 ;
    %load/vec4 v0x55bb4242fab0_0;
    %parti/s 1, 1, 2;
    %flag_set/vec4 8;
    %jmp/0xz  T_18.4, 8;
    %load/vec4 v0x55bb4242f950_0;
    %parti/s 8, 8, 5;
    %load/vec4 v0x55bb4242f790_0;
    %pad/u 14;
    %ix/vec4 3;
    %ix/load 4, 8, 0; part off
    %ix/load 5, 0, 0; Constant delay
    %assign/vec4/a/d v0x55bb4242fbc0, 4, 5;
T_18.4 ;
    %load/vec4 v0x55bb4242fab0_0;
    %parti/s 1, 2, 3;
    %flag_set/vec4 8;
    %jmp/0xz  T_18.6, 8;
    %load/vec4 v0x55bb4242f950_0;
    %parti/s 8, 16, 6;
    %load/vec4 v0x55bb4242f790_0;
    %pad/u 14;
    %ix/vec4 3;
    %ix/load 4, 16, 0; part off
    %ix/load 5, 0, 0; Constant delay
    %assign/vec4/a/d v0x55bb4242fbc0, 4, 5;
T_18.6 ;
    %load/vec4 v0x55bb4242fab0_0;
    %parti/s 1, 3, 3;
    %flag_set/vec4 8;
    %jmp/0xz  T_18.8, 8;
    %load/vec4 v0x55bb4242f950_0;
    %parti/s 8, 24, 6;
    %load/vec4 v0x55bb4242f790_0;
    %pad/u 14;
    %ix/vec4 3;
    %ix/load 4, 24, 0; part off
    %ix/load 5, 0, 0; Constant delay
    %assign/vec4/a/d v0x55bb4242fbc0, 4, 5;
T_18.8 ;
    %jmp T_18.1;
T_18.0 ;
    %load/vec4 v0x55bb4242fc80_0;
    %load/vec4 v0x55bb4242fd20_0;
    %nor/r;
    %and;
    %flag_set/vec4 8;
    %jmp/0xz  T_18.10, 8;
    %load/vec4 v0x55bb4242f790_0;
    %pad/u 14;
    %ix/vec4 4;
    %load/vec4a v0x55bb4242fbc0, 4;
    %assign/vec4 v0x55bb4242f9f0_0, 0;
T_18.10 ;
T_18.1 ;
    %jmp T_18;
    .thread T_18;
    .scope S_0x55bb4242f130;
T_19 ;
    %wait E_0x55bb42422110;
    %load/vec4 v0x55bb424303b0_0;
    %nor/r;
    %flag_set/vec4 8;
    %jmp/0xz  T_19.0, 8;
    %pushi/vec4 0, 0, 1;
    %assign/vec4 v0x55bb42430450_0, 0;
    %jmp T_19.1;
T_19.0 ;
    %load/vec4 v0x55bb424302c0_0;
    %assign/vec4 v0x55bb42430450_0, 0;
T_19.1 ;
    %jmp T_19;
    .thread T_19;
    .scope S_0x55bb42328120;
T_20 ;
    %pushi/vec4 0, 0, 1;
    %store/vec4 v0x55bb424318b0_0, 0, 1;
    %pushi/vec4 1, 0, 1;
    %store/vec4 v0x55bb42431a30_0, 0, 1;
    %pushi/vec4 0, 0, 1;
    %store/vec4 v0x55bb42431970_0, 0, 1;
    %delay 10000, 0;
    %pushi/vec4 0, 0, 1;
    %store/vec4 v0x55bb42431a30_0, 0, 1;
    %delay 10000, 0;
    %pushi/vec4 1, 0, 1;
    %store/vec4 v0x55bb42431a30_0, 0, 1;
    %delay 140000, 0;
    %vpi_call 2 27 "$finish" {0 0 0};
    %end;
    .thread T_20;
    .scope S_0x55bb42328120;
T_21 ;
    %vpi_call 2 30 "$dumpfile", "temp/microprocessor.vcd" {0 0 0};
    %vpi_call 2 31 "$dumpvars", 32'sb00000000000000000000000000000000, S_0x55bb42328120 {0 0 0};
    %end;
    .thread T_21;
    .scope S_0x55bb42328120;
T_22 ;
    %delay 5000, 0;
    %load/vec4 v0x55bb424318b0_0;
    %inv;
    %store/vec4 v0x55bb424318b0_0, 0, 1;
    %jmp T_22;
    .thread T_22;
# The file index is used to find the file name in the following table.
:file_names 26;
    "N/A";
    "<interactive>";
    "/home/hajra/RISCV_RV32I/single_cycle/tb/microprocessor_tb.v";
    "/home/hajra/RISCV_RV32I/single_cycle/src/Microprocessor.v";
    "/home/hajra/RISCV_RV32I/single_cycle/src/core.v";
    "/home/hajra/RISCV_RV32I/single_cycle/src/decode.v";
    "/home/hajra/RISCV_RV32I/single_cycle/src/branch.v";
    "/home/hajra/RISCV_RV32I/single_cycle/src/control_unit.v";
    "/home/hajra/RISCV_RV32I/single_cycle/src/controldecode.v";
    "/home/hajra/RISCV_RV32I/single_cycle/src/typedec.v";
    "/home/hajra/RISCV_RV32I/single_cycle/src/imm_gen.v";
    "/home/hajra/RISCV_RV32I/single_cycle/src/mux3_8.v";
    "/home/hajra/RISCV_RV32I/single_cycle/src/mux.v";
    "/home/hajra/RISCV_RV32I/single_cycle/src/regfile.v";
    "/home/hajra/RISCV_RV32I/single_cycle/src/execute.v";
    "/home/hajra/RISCV_RV32I/single_cycle/src/adder.v";
    "/home/hajra/RISCV_RV32I/single_cycle/src/alu.v";
    "/home/hajra/RISCV_RV32I/single_cycle/src/fetch.v";
    "/home/hajra/RISCV_RV32I/single_cycle/src/program_counter.v";
    "/home/hajra/RISCV_RV32I/single_cycle/src/mem_stage.v";
    "/home/hajra/RISCV_RV32I/single_cycle/src/wrapmem.v";
    "/home/hajra/RISCV_RV32I/single_cycle/src/write_back.v";
    "/home/hajra/RISCV_RV32I/single_cycle/src/mux2.v";
    "/home/hajra/RISCV_RV32I/single_cycle/src/datamem_top.v";
    "/home/hajra/RISCV_RV32I/single_cycle/src/memory.v";
    "/home/hajra/RISCV_RV32I/single_cycle/src/instruc_mem_top.v";
