#! /usr/bin/vvp
:ivl_version "10.3 (stable)";
:ivl_delay_selection "TYPICAL";
:vpi_time_precision - 12;
:vpi_module "system";
:vpi_module "vhdl_sys";
:vpi_module "v2005_math";
:vpi_module "va_math";
S_0x55a7e4e674c0 .scope module, "microprocessor_tb" "microprocessor_tb" 2 2;
 .timescale -9 -12;
v0x55a7e4f75c00_0 .var "clk", 0 0;
v0x55a7e4f75cc0_0 .var "en", 0 0;
v0x55a7e4f75d80_0 .var "rst", 0 0;
S_0x55a7e4e6db80 .scope module, "u_microprocessor" "Microprocessor" 2 9, 3 1 0, S_0x55a7e4e674c0;
 .timescale -9 -12;
    .port_info 0 /INPUT 1 "clk"
    .port_info 1 /INPUT 1 "rst"
    .port_info 2 /INPUT 1 "en"
    .port_info 3 /INPUT 32 "instruction"
v0x55a7e4f74a50_0 .net "address_out", 31 0, v0x55a7e4f6a5f0_0;  1 drivers
v0x55a7e4f74b30_0 .net "clk", 0 0, v0x55a7e4f75c00_0;  1 drivers
v0x55a7e4f74bf0_0 .net "data_mem_request", 0 0, v0x55a7e4f6de70_0;  1 drivers
v0x55a7e4f74c90_0 .net "data_mem_valid", 0 0, v0x55a7e4f730d0_0;  1 drivers
v0x55a7e4f74dc0_0 .net "data_mem_we_re", 0 0, v0x55a7e4f6e090_0;  1 drivers
v0x55a7e4f74ef0_0 .net "data_out", 31 0, v0x55a7e4f73ca0_0;  1 drivers
v0x55a7e4f75020_0 .net "en", 0 0, v0x55a7e4f75cc0_0;  1 drivers
v0x55a7e4f750c0_0 .net "instruc_mask_signal", 3 0, v0x55a7e4f6baf0_0;  1 drivers
v0x55a7e4f75210_0 .net "instruc_mem_request", 0 0, L_0x55a7e4efffe0;  1 drivers
v0x55a7e4f75340_0 .net "instruc_mem_valid", 0 0, v0x55a7e4f747a0_0;  1 drivers
v0x55a7e4f753e0_0 .net "instruc_mem_we_re", 0 0, v0x55a7e4f6bf30_0;  1 drivers
o0x7f92fb33ea98 .functor BUFZ 32, C4<zzzzzzzzzzzzzzzzzzzzzzzzzzzzzzzz>; HiZ drive
v0x55a7e4f75510_0 .net "instruction", 31 0, o0x7f92fb33ea98;  0 drivers
v0x55a7e4f755d0_0 .net "load_signal", 0 0, L_0x55a7e4f86fa0;  1 drivers
v0x55a7e4f75670_0 .net "mask", 3 0, v0x55a7e4f6d550_0;  1 drivers
v0x55a7e4f75730_0 .net "res_o", 31 0, L_0x55a7e4f87150;  1 drivers
v0x55a7e4f757f0_0 .net "rst", 0 0, v0x55a7e4f75d80_0;  1 drivers
v0x55a7e4f75890_0 .net "wrap_load_out", 31 0, v0x55a7e4f72500_0;  1 drivers
v0x55a7e4f75a40_0 .net "wrap_out", 31 0, v0x55a7e4f6d890_0;  1 drivers
o0x7f92fb33e3a8 .functor BUFZ 1, C4<z>; HiZ drive
v0x55a7e4f75b00_0 .net "write", 0 0, o0x7f92fb33e3a8;  0 drivers
L_0x55a7e4f87370 .part L_0x55a7e4f87150, 2, 12;
L_0x55a7e4f87410 .part v0x55a7e4f6a5f0_0, 2, 12;
S_0x55a7e4e6cf40 .scope module, "u_core" "core" 3 32, 4 1 0, S_0x55a7e4e6db80;
 .timescale -9 -12;
    .port_info 0 /INPUT 1 "clk"
    .port_info 1 /INPUT 1 "rst"
    .port_info 2 /INPUT 32 "instruction"
    .port_info 3 /INPUT 32 "load_data_in"
    .port_info 4 /INPUT 1 "instruc_mem_valid"
    .port_info 5 /INPUT 1 "data_mem_valid"
    .port_info 6 /OUTPUT 1 "write"
    .port_info 7 /OUTPUT 1 "load_signal"
    .port_info 8 /OUTPUT 4 "mask_signal"
    .port_info 9 /OUTPUT 32 "store_data_out"
    .port_info 10 /OUTPUT 32 "alu_out_address"
    .port_info 11 /OUTPUT 32 "pc_address"
    .port_info 12 /OUTPUT 1 "instruc_mem_we_re"
    .port_info 13 /OUTPUT 1 "instrucmem_req"
    .port_info 14 /OUTPUT 1 "data_mem_we_re"
    .port_info 15 /OUTPUT 1 "data_mem_request"
    .port_info 16 /OUTPUT 4 "instruc_mask_signal"
L_0x55a7e4efffe0 .functor BUFZ 1, v0x55a7e4f6bbd0_0, C4<0>, C4<0>, C4<0>;
L_0x55a7e4f85f40 .functor BUFZ 32, v0x55a7e4f73ca0_0, C4<00000000000000000000000000000000>, C4<00000000000000000000000000000000>, C4<00000000000000000000000000000000>;
L_0x55a7e4f86fa0 .functor BUFZ 1, v0x55a7e4f60950_0, C4<0>, C4<0>, C4<0>;
L_0x55a7e4f87150 .functor BUFZ 32, v0x55a7e4f696b0_0, C4<00000000000000000000000000000000>, C4<00000000000000000000000000000000>, C4<00000000000000000000000000000000>;
L_0x55a7e4f871f0 .functor BUFZ 4, L_0x55a7e4f871f0, C4<0000>, C4<0000>, C4<0000>;
v0x55a7e4f6f7f0_0 .net "Jal", 0 0, v0x55a7e4f5ff00_0;  1 drivers
v0x55a7e4f6f8b0_0 .net "Jalr", 0 0, v0x55a7e4f5ffa0_0;  1 drivers
v0x55a7e4f6f970_0 .net "adder_out", 31 0, v0x55a7e4f68f30_0;  1 drivers
v0x55a7e4f6faa0_0 .net "address_out", 0 0, L_0x55a7e4f85fd0;  1 drivers
v0x55a7e4f6fb40_0 .net "alu_control", 3 0, v0x55a7e4f60170_0;  1 drivers
v0x55a7e4f6fc00_0 .net "alu_out_address", 31 0, L_0x55a7e4f87150;  alias, 1 drivers
v0x55a7e4f6fce0_0 .net "branch_result", 0 0, v0x55a7e4f20f40_0;  1 drivers
v0x55a7e4f6fd80_0 .net "clk", 0 0, v0x55a7e4f75c00_0;  alias, 1 drivers
v0x55a7e4f6fe20_0 .net "data_mem_request", 0 0, v0x55a7e4f6de70_0;  alias, 1 drivers
v0x55a7e4f6ff50_0 .net "data_mem_valid", 0 0, v0x55a7e4f730d0_0;  alias, 1 drivers
v0x55a7e4f6fff0_0 .net "data_mem_we_re", 0 0, v0x55a7e4f6e090_0;  alias, 1 drivers
v0x55a7e4f70090_0 .net "instruc", 31 0, v0x55a7e4f6c680_0;  1 drivers
v0x55a7e4f70130_0 .net "instruc_mask_signal", 3 0, v0x55a7e4f6baf0_0;  alias, 1 drivers
v0x55a7e4f701d0_0 .net "instruc_mem_valid", 0 0, v0x55a7e4f747a0_0;  alias, 1 drivers
v0x55a7e4f70270_0 .net "instruc_mem_we_re", 0 0, v0x55a7e4f6bf30_0;  alias, 1 drivers
v0x55a7e4f70310_0 .net "instrucmem_req", 0 0, L_0x55a7e4efffe0;  alias, 1 drivers
v0x55a7e4f703b0_0 .net "instruction", 31 0, v0x55a7e4f73ca0_0;  alias, 1 drivers
v0x55a7e4f70560_0 .net "instruction_memory_request", 0 0, v0x55a7e4f6bbd0_0;  1 drivers
RS_0x7f92fb33d598 .resolv tri, v0x55a7e4f6b8e0_0, L_0x55a7e4f85f40;
v0x55a7e4f70600_0 .net8 "instruction_out", 31 0, RS_0x7f92fb33d598;  2 drivers
v0x55a7e4f706a0_0 .net "load", 0 0, v0x55a7e4f60950_0;  1 drivers
v0x55a7e4f70740_0 .net "load_data_in", 31 0, v0x55a7e4f72500_0;  alias, 1 drivers
v0x55a7e4f70830_0 .net "load_signal", 0 0, L_0x55a7e4f86fa0;  alias, 1 drivers
v0x55a7e4f708d0_0 .net "mask", 3 0, L_0x55a7e4f871f0;  1 drivers
v0x55a7e4f709b0_0 .net "mask_signal", 3 0, v0x55a7e4f6d550_0;  alias, 1 drivers
v0x55a7e4f70ac0_0 .net "mem_to_reg", 1 0, v0x55a7e4f60b90_0;  1 drivers
v0x55a7e4f70b80_0 .net "op2_regfile_to_mem", 31 0, L_0x55a7e4f86c30;  1 drivers
v0x55a7e4f70c40_0 .net "opa_mux_out", 31 0, L_0x55a7e4f86e70;  1 drivers
v0x55a7e4f70d00_0 .net "opb_mux_out", 31 0, L_0x55a7e4f86d40;  1 drivers
v0x55a7e4f70e50_0 .net "pc_address", 31 0, v0x55a7e4f6a5f0_0;  alias, 1 drivers
o0x7f92fb33e378 .functor BUFZ 32, C4<zzzzzzzzzzzzzzzzzzzzzzzzzzzzzzzz>; HiZ drive
v0x55a7e4f70f10_0 .net "pc_address_out", 31 0, o0x7f92fb33e378;  0 drivers
v0x55a7e4f70ff0_0 .net "pre_address", 31 0, v0x55a7e4f6c950_0;  1 drivers
v0x55a7e4f710b0_0 .net "pre_address_fetch", 31 0, v0x55a7e4f6ae40_0;  1 drivers
v0x55a7e4f71170_0 .net "res_o", 31 0, v0x55a7e4f696b0_0;  1 drivers
v0x55a7e4f71440_0 .net "rst", 0 0, v0x55a7e4f75d80_0;  alias, 1 drivers
v0x55a7e4f71570_0 .net "store", 0 0, v0x55a7e4f61030_0;  1 drivers
v0x55a7e4f71610_0 .net "store_data_out", 31 0, v0x55a7e4f6d890_0;  alias, 1 drivers
v0x55a7e4f716d0_0 .net "wb_mux_out", 31 0, v0x55a7e4f6ef60_0;  1 drivers
v0x55a7e4f71820_0 .net "wrap_load_out", 31 0, v0x55a7e4f6d7b0_0;  1 drivers
v0x55a7e4f71970_0 .net "write", 0 0, o0x7f92fb33e3a8;  alias, 0 drivers
L_0x55a7e4f85fd0 .part o0x7f92fb33e378, 0, 1;
S_0x55a7e4e6c060 .scope module, "u_decode" "decode" 4 76, 5 1 0, S_0x55a7e4e6cf40;
 .timescale -9 -12;
    .port_info 0 /INPUT 1 "clk"
    .port_info 1 /INPUT 1 "rst"
    .port_info 2 /INPUT 32 "instruction"
    .port_info 3 /INPUT 32 "wb_mux_out"
    .port_info 4 /INPUT 32 "address_out"
    .port_info 5 /OUTPUT 4 "alu_control"
    .port_info 6 /OUTPUT 32 "opa_mux_out"
    .port_info 7 /OUTPUT 32 "opb_mux_out"
    .port_info 8 /OUTPUT 32 "op2_regfile_to_mem"
    .port_info 9 /OUTPUT 1 "Jal"
    .port_info 10 /OUTPUT 1 "Jalr"
    .port_info 11 /OUTPUT 1 "Branch"
    .port_info 12 /OUTPUT 2 "mem_to_reg"
    .port_info 13 /OUTPUT 1 "load"
    .port_info 14 /OUTPUT 1 "store"
L_0x55a7e4f86c30 .functor BUFZ 32, L_0x55a7e4f86730, C4<00000000000000000000000000000000>, C4<00000000000000000000000000000000>, C4<00000000000000000000000000000000>;
v0x55a7e4f66cd0_0 .net "Auipc", 0 0, v0x55a7e4f20e40_0;  1 drivers
v0x55a7e4f66d90_0 .net "Branch", 0 0, v0x55a7e4f20f40_0;  alias, 1 drivers
v0x55a7e4f66ea0_0 .net "Jal", 0 0, v0x55a7e4f5ff00_0;  alias, 1 drivers
v0x55a7e4f66f90_0 .net "Jalr", 0 0, v0x55a7e4f5ffa0_0;  alias, 1 drivers
v0x55a7e4f67080_0 .net "Lui", 0 0, v0x55a7e4f60060_0;  1 drivers
v0x55a7e4f671c0_0 .net "address_out", 31 0, v0x55a7e4f6c950_0;  alias, 1 drivers
v0x55a7e4f67260_0 .net "alu_control", 3 0, v0x55a7e4f60170_0;  alias, 1 drivers
o0x7f92fb33b048 .functor BUFZ 1, C4<z>; HiZ drive
v0x55a7e4f67350_0 .net "branch", 0 0, o0x7f92fb33b048;  0 drivers
v0x55a7e4f673f0_0 .net "branch_out", 31 0, v0x55a7e4f4c350_0;  1 drivers
v0x55a7e4f67490_0 .net "clk", 0 0, v0x55a7e4f75c00_0;  alias, 1 drivers
v0x55a7e4f67530_0 .net "enable", 0 0, v0x55a7e4f60ad0_0;  1 drivers
v0x55a7e4f675d0_0 .net "i_type", 31 0, v0x55a7e4f63880_0;  1 drivers
v0x55a7e4f676c0_0 .net "imm_sel", 2 0, v0x55a7e4f60630_0;  1 drivers
v0x55a7e4f67760_0 .net "instruction", 31 0, v0x55a7e4f6c680_0;  alias, 1 drivers
v0x55a7e4f67800_0 .net "load", 0 0, v0x55a7e4f60950_0;  alias, 1 drivers
v0x55a7e4f678f0_0 .net "mem_to_reg", 1 0, v0x55a7e4f60b90_0;  alias, 1 drivers
v0x55a7e4f679e0_0 .net "op1", 31 0, L_0x55a7e4f86440;  1 drivers
v0x55a7e4f67bb0_0 .net "op2", 31 0, L_0x55a7e4f86730;  1 drivers
v0x55a7e4f67c70_0 .net "op2_regfile_to_mem", 31 0, L_0x55a7e4f86c30;  alias, 1 drivers
v0x55a7e4f67d50_0 .net "op_a", 0 0, v0x55a7e4f60d30_0;  1 drivers
v0x55a7e4f67df0_0 .net "op_b", 0 0, v0x55a7e4f60df0_0;  1 drivers
v0x55a7e4f67e90_0 .net "opa_mux_out", 31 0, L_0x55a7e4f86e70;  alias, 1 drivers
v0x55a7e4f67f50_0 .net "opb_mux_out", 31 0, L_0x55a7e4f86d40;  alias, 1 drivers
v0x55a7e4f67ff0_0 .net "out", 31 0, v0x55a7e4f649d0_0;  1 drivers
v0x55a7e4f680e0_0 .net "reg_write", 0 0, v0x55a7e4f60f70_0;  1 drivers
v0x55a7e4f68180_0 .net "rst", 0 0, v0x55a7e4f75d80_0;  alias, 1 drivers
v0x55a7e4f68220_0 .net "s_type", 31 0, v0x55a7e4f63b30_0;  1 drivers
v0x55a7e4f68310_0 .net "sb_type", 31 0, v0x55a7e4f63c60_0;  1 drivers
v0x55a7e4f68420_0 .net "store", 0 0, v0x55a7e4f61030_0;  alias, 1 drivers
v0x55a7e4f68510_0 .net "u_type", 31 0, v0x55a7e4f63d40_0;  1 drivers
v0x55a7e4f68620_0 .net "uj_type", 31 0, v0x55a7e4f63e20_0;  1 drivers
v0x55a7e4f68730_0 .net "wb_mux_out", 31 0, v0x55a7e4f6ef60_0;  alias, 1 drivers
L_0x55a7e4f86070 .part v0x55a7e4f6c680_0, 0, 7;
L_0x55a7e4f861a0 .part v0x55a7e4f6c680_0, 12, 3;
L_0x55a7e4f86240 .part v0x55a7e4f6c680_0, 30, 1;
L_0x55a7e4f86830 .part v0x55a7e4f6c680_0, 15, 5;
L_0x55a7e4f86950 .part v0x55a7e4f6c680_0, 20, 5;
L_0x55a7e4f86b50 .part v0x55a7e4f6c680_0, 7, 5;
L_0x55a7e4f86ca0 .part v0x55a7e4f6c680_0, 12, 3;
S_0x55a7e4e69e00 .scope module, "u_branch" "branch" 5 79, 6 1 0, S_0x55a7e4e6c060;
 .timescale -9 -12;
    .port_info 0 /INPUT 1 "en"
    .port_info 1 /INPUT 32 "op1"
    .port_info 2 /INPUT 32 "op2"
    .port_info 3 /INPUT 3 "func3"
    .port_info 4 /OUTPUT 32 "branch_out"
v0x55a7e4f4c350_0 .var "branch_out", 31 0;
v0x55a7e4f4bb40_0 .net "en", 0 0, o0x7f92fb33b048;  alias, 0 drivers
v0x55a7e4f49460_0 .net "func3", 2 0, L_0x55a7e4f86ca0;  1 drivers
v0x55a7e4f49530_0 .net "op1", 31 0, L_0x55a7e4f86440;  alias, 1 drivers
v0x55a7e4f48d20_0 .net "op2", 31 0, L_0x55a7e4f86730;  alias, 1 drivers
E_0x55a7e4ecbd50 .event edge, v0x55a7e4f4bb40_0, v0x55a7e4f49460_0, v0x55a7e4f49530_0, v0x55a7e4f48d20_0;
S_0x55a7e4f5f640 .scope module, "u_control_unit0" "control_unit" 5 36, 7 1 0, S_0x55a7e4e6c060;
 .timescale -9 -12;
    .port_info 0 /INPUT 7 "op"
    .port_info 1 /INPUT 3 "func3"
    .port_info 2 /INPUT 1 "func7"
    .port_info 3 /OUTPUT 1 "reg_write"
    .port_info 4 /OUTPUT 1 "op_b"
    .port_info 5 /OUTPUT 1 "op_a"
    .port_info 6 /OUTPUT 4 "alu_control"
    .port_info 7 /OUTPUT 1 "Auipc"
    .port_info 8 /OUTPUT 1 "Lui"
    .port_info 9 /OUTPUT 1 "Jal"
    .port_info 10 /OUTPUT 1 "Jalr"
    .port_info 11 /OUTPUT 3 "imm_sel"
    .port_info 12 /OUTPUT 2 "mem_to_reg"
    .port_info 13 /OUTPUT 1 "loadout"
    .port_info 14 /OUTPUT 1 "s"
    .port_info 15 /OUTPUT 1 "en"
    .port_info 16 /OUTPUT 1 "Branch"
v0x55a7e4f61fe0_0 .net "Auipc", 0 0, v0x55a7e4f20e40_0;  alias, 1 drivers
v0x55a7e4f620d0_0 .net "Branch", 0 0, v0x55a7e4f20f40_0;  alias, 1 drivers
v0x55a7e4f621a0_0 .net "Jal", 0 0, v0x55a7e4f5ff00_0;  alias, 1 drivers
v0x55a7e4f622a0_0 .net "Jalr", 0 0, v0x55a7e4f5ffa0_0;  alias, 1 drivers
v0x55a7e4f62370_0 .net "Lui", 0 0, v0x55a7e4f60060_0;  alias, 1 drivers
v0x55a7e4f62410_0 .net "alu_control", 3 0, v0x55a7e4f60170_0;  alias, 1 drivers
v0x55a7e4f624e0_0 .net "auipc", 0 0, v0x55a7e4f61890_0;  1 drivers
v0x55a7e4f625d0_0 .net "branch", 0 0, v0x55a7e4f61ed0_0;  1 drivers
v0x55a7e4f626c0_0 .net "en", 0 0, v0x55a7e4f60ad0_0;  alias, 1 drivers
v0x55a7e4f62760_0 .net "func3", 2 0, L_0x55a7e4f861a0;  1 drivers
v0x55a7e4f62800_0 .net "func7", 0 0, L_0x55a7e4f86240;  1 drivers
v0x55a7e4f628d0_0 .net "i_type", 0 0, v0x55a7e4f61950_0;  1 drivers
v0x55a7e4f62970_0 .net "imm_sel", 2 0, v0x55a7e4f60630_0;  alias, 1 drivers
v0x55a7e4f62a10_0 .net "jal", 0 0, v0x55a7e4f619f0_0;  1 drivers
v0x55a7e4f62b00_0 .net "jalr", 0 0, v0x55a7e4f61a90_0;  1 drivers
v0x55a7e4f62bf0_0 .net "load", 0 0, v0x55a7e4f61b30_0;  1 drivers
v0x55a7e4f62ce0_0 .net "loadout", 0 0, v0x55a7e4f60950_0;  alias, 1 drivers
v0x55a7e4f62d80_0 .net "lui", 0 0, v0x55a7e4f61c20_0;  1 drivers
v0x55a7e4f62e70_0 .net "mem_to_reg", 1 0, v0x55a7e4f60b90_0;  alias, 1 drivers
v0x55a7e4f62f10_0 .net "op", 6 0, L_0x55a7e4f86070;  1 drivers
v0x55a7e4f62fb0_0 .net "op_a", 0 0, v0x55a7e4f60d30_0;  alias, 1 drivers
v0x55a7e4f63050_0 .net "op_b", 0 0, v0x55a7e4f60df0_0;  alias, 1 drivers
v0x55a7e4f63120_0 .net "r_type", 0 0, v0x55a7e4f61d60_0;  1 drivers
v0x55a7e4f63210_0 .net "reg_write", 0 0, v0x55a7e4f60f70_0;  alias, 1 drivers
v0x55a7e4f632b0_0 .net "s", 0 0, v0x55a7e4f61030_0;  alias, 1 drivers
v0x55a7e4f63380_0 .net "s_type", 0 0, v0x55a7e4f61e00_0;  1 drivers
S_0x55a7e4f5f9d0 .scope module, "u_controldecode0" "controldecode" 7 44, 8 1 0, S_0x55a7e4f5f640;
 .timescale -9 -12;
    .port_info 0 /INPUT 1 "r_type"
    .port_info 1 /INPUT 1 "i_type"
    .port_info 2 /INPUT 1 "s_type"
    .port_info 3 /INPUT 1 "load"
    .port_info 4 /INPUT 3 "func3"
    .port_info 5 /INPUT 1 "func7"
    .port_info 6 /INPUT 1 "lui"
    .port_info 7 /INPUT 1 "auipc"
    .port_info 8 /OUTPUT 1 "Lui"
    .port_info 9 /OUTPUT 1 "Auipc"
    .port_info 10 /OUTPUT 1 "reg_write"
    .port_info 11 /INPUT 1 "jal"
    .port_info 12 /INPUT 1 "jalr"
    .port_info 13 /OUTPUT 1 "Jal"
    .port_info 14 /OUTPUT 1 "Jalr"
    .port_info 15 /OUTPUT 1 "op_b"
    .port_info 16 /OUTPUT 1 "op_a"
    .port_info 17 /OUTPUT 4 "alu_control"
    .port_info 18 /OUTPUT 1 "next_sel"
    .port_info 19 /OUTPUT 1 "mem_en"
    .port_info 20 /OUTPUT 2 "mem_to_reg"
    .port_info 21 /OUTPUT 1 "s"
    .port_info 22 /OUTPUT 1 "loadout"
    .port_info 23 /OUTPUT 3 "imm_sel"
    .port_info 24 /INPUT 1 "branch"
    .port_info 25 /OUTPUT 1 "Branch"
v0x55a7e4f20e40_0 .var "Auipc", 0 0;
v0x55a7e4f20f40_0 .var "Branch", 0 0;
v0x55a7e4f5ff00_0 .var "Jal", 0 0;
v0x55a7e4f5ffa0_0 .var "Jalr", 0 0;
v0x55a7e4f60060_0 .var "Lui", 0 0;
v0x55a7e4f60170_0 .var "alu_control", 3 0;
v0x55a7e4f60250_0 .net "auipc", 0 0, v0x55a7e4f61890_0;  alias, 1 drivers
v0x55a7e4f60310_0 .net "branch", 0 0, v0x55a7e4f61ed0_0;  alias, 1 drivers
v0x55a7e4f603d0_0 .net "func3", 2 0, L_0x55a7e4f861a0;  alias, 1 drivers
v0x55a7e4f604b0_0 .net "func7", 0 0, L_0x55a7e4f86240;  alias, 1 drivers
v0x55a7e4f60570_0 .net "i_type", 0 0, v0x55a7e4f61950_0;  alias, 1 drivers
v0x55a7e4f60630_0 .var "imm_sel", 2 0;
v0x55a7e4f60710_0 .net "jal", 0 0, v0x55a7e4f619f0_0;  alias, 1 drivers
v0x55a7e4f607d0_0 .net "jalr", 0 0, v0x55a7e4f61a90_0;  alias, 1 drivers
v0x55a7e4f60890_0 .net "load", 0 0, v0x55a7e4f61b30_0;  alias, 1 drivers
v0x55a7e4f60950_0 .var "loadout", 0 0;
v0x55a7e4f60a10_0 .net "lui", 0 0, v0x55a7e4f61c20_0;  alias, 1 drivers
v0x55a7e4f60ad0_0 .var "mem_en", 0 0;
v0x55a7e4f60b90_0 .var "mem_to_reg", 1 0;
v0x55a7e4f60c70_0 .var "next_sel", 0 0;
v0x55a7e4f60d30_0 .var "op_a", 0 0;
v0x55a7e4f60df0_0 .var "op_b", 0 0;
v0x55a7e4f60eb0_0 .net "r_type", 0 0, v0x55a7e4f61d60_0;  alias, 1 drivers
v0x55a7e4f60f70_0 .var "reg_write", 0 0;
v0x55a7e4f61030_0 .var "s", 0 0;
v0x55a7e4f610f0_0 .net "s_type", 0 0, v0x55a7e4f61e00_0;  alias, 1 drivers
E_0x55a7e4ecc610/0 .event edge, v0x55a7e4f60eb0_0, v0x55a7e4f60570_0, v0x55a7e4f60890_0, v0x55a7e4f60710_0;
E_0x55a7e4ecc610/1 .event edge, v0x55a7e4f607d0_0, v0x55a7e4f60a10_0, v0x55a7e4f60250_0, v0x55a7e4f60310_0;
E_0x55a7e4ecc610/2 .event edge, v0x55a7e4f610f0_0, v0x55a7e4f604b0_0, v0x55a7e4f603d0_0;
E_0x55a7e4ecc610 .event/or E_0x55a7e4ecc610/0, E_0x55a7e4ecc610/1, E_0x55a7e4ecc610/2;
S_0x55a7e4f615d0 .scope module, "u_typedec0" "typedec" 7 31, 9 1 0, S_0x55a7e4f5f640;
 .timescale -9 -12;
    .port_info 0 /INPUT 7 "op"
    .port_info 1 /OUTPUT 1 "r_type"
    .port_info 2 /OUTPUT 1 "i_type"
    .port_info 3 /OUTPUT 1 "s_type"
    .port_info 4 /OUTPUT 1 "load"
    .port_info 5 /OUTPUT 1 "sb_type"
    .port_info 6 /OUTPUT 1 "auipc"
    .port_info 7 /OUTPUT 1 "jal"
    .port_info 8 /OUTPUT 1 "jalr"
    .port_info 9 /OUTPUT 1 "lui"
v0x55a7e4f61890_0 .var "auipc", 0 0;
v0x55a7e4f61950_0 .var "i_type", 0 0;
v0x55a7e4f619f0_0 .var "jal", 0 0;
v0x55a7e4f61a90_0 .var "jalr", 0 0;
v0x55a7e4f61b30_0 .var "load", 0 0;
v0x55a7e4f61c20_0 .var "lui", 0 0;
v0x55a7e4f61cc0_0 .net "op", 6 0, L_0x55a7e4f86070;  alias, 1 drivers
v0x55a7e4f61d60_0 .var "r_type", 0 0;
v0x55a7e4f61e00_0 .var "s_type", 0 0;
v0x55a7e4f61ed0_0 .var "sb_type", 0 0;
E_0x55a7e4ecc320 .event edge, v0x55a7e4f61cc0_0;
S_0x55a7e4f634f0 .scope module, "u_imm_gen0" "imm_gen" 5 70, 10 1 0, S_0x55a7e4e6c060;
 .timescale -9 -12;
    .port_info 0 /INPUT 32 "instruc"
    .port_info 1 /OUTPUT 32 "i_type"
    .port_info 2 /OUTPUT 32 "s_type"
    .port_info 3 /OUTPUT 32 "sb_type"
    .port_info 4 /OUTPUT 32 "uj_type"
    .port_info 5 /OUTPUT 32 "u_type"
v0x55a7e4f63780_0 .var "i", 11 0;
v0x55a7e4f63880_0 .var "i_type", 31 0;
v0x55a7e4f63960_0 .net "instruc", 31 0, v0x55a7e4f6c680_0;  alias, 1 drivers
v0x55a7e4f63a50_0 .var "s", 11 0;
v0x55a7e4f63b30_0 .var "s_type", 31 0;
v0x55a7e4f63c60_0 .var "sb_type", 31 0;
v0x55a7e4f63d40_0 .var "u_type", 31 0;
v0x55a7e4f63e20_0 .var "uj_type", 31 0;
E_0x55a7e4f4d7c0 .event edge, v0x55a7e4f63960_0, v0x55a7e4f63780_0, v0x55a7e4f63a50_0;
S_0x55a7e4f63fc0 .scope module, "u_mux1" "mux3_8" 5 88, 11 1 0, S_0x55a7e4e6c060;
 .timescale -9 -12;
    .port_info 0 /INPUT 32 "a"
    .port_info 1 /INPUT 32 "b"
    .port_info 2 /INPUT 32 "c"
    .port_info 3 /INPUT 32 "d"
    .port_info 4 /INPUT 32 "e"
    .port_info 5 /INPUT 32 "f"
    .port_info 6 /INPUT 32 "g"
    .port_info 7 /INPUT 32 "h"
    .port_info 8 /INPUT 3 "sel"
    .port_info 9 /OUTPUT 32 "out"
v0x55a7e4f64300_0 .net "a", 31 0, v0x55a7e4f63880_0;  alias, 1 drivers
v0x55a7e4f643e0_0 .net "b", 31 0, v0x55a7e4f63b30_0;  alias, 1 drivers
v0x55a7e4f644b0_0 .net "c", 31 0, v0x55a7e4f63c60_0;  alias, 1 drivers
v0x55a7e4f645b0_0 .net "d", 31 0, v0x55a7e4f63e20_0;  alias, 1 drivers
v0x55a7e4f64680_0 .net "e", 31 0, v0x55a7e4f63d40_0;  alias, 1 drivers
o0x7f92fb33c398 .functor BUFZ 32, C4<zzzzzzzzzzzzzzzzzzzzzzzzzzzzzzzz>; HiZ drive
v0x55a7e4f64770_0 .net "f", 31 0, o0x7f92fb33c398;  0 drivers
o0x7f92fb33c3c8 .functor BUFZ 32, C4<zzzzzzzzzzzzzzzzzzzzzzzzzzzzzzzz>; HiZ drive
v0x55a7e4f64810_0 .net "g", 31 0, o0x7f92fb33c3c8;  0 drivers
o0x7f92fb33c3f8 .functor BUFZ 32, C4<zzzzzzzzzzzzzzzzzzzzzzzzzzzzzzzz>; HiZ drive
v0x55a7e4f648f0_0 .net "h", 31 0, o0x7f92fb33c3f8;  0 drivers
v0x55a7e4f649d0_0 .var "out", 31 0;
v0x55a7e4f64ab0_0 .net "sel", 2 0, v0x55a7e4f60630_0;  alias, 1 drivers
E_0x55a7e4eca780/0 .event edge, v0x55a7e4f60630_0, v0x55a7e4f63880_0, v0x55a7e4f63b30_0, v0x55a7e4f63c60_0;
E_0x55a7e4eca780/1 .event edge, v0x55a7e4f63e20_0, v0x55a7e4f63d40_0, v0x55a7e4f64770_0, v0x55a7e4f64810_0;
E_0x55a7e4eca780/2 .event edge, v0x55a7e4f648f0_0;
E_0x55a7e4eca780 .event/or E_0x55a7e4eca780/0, E_0x55a7e4eca780/1, E_0x55a7e4eca780/2;
S_0x55a7e4f64cb0 .scope module, "u_mux2" "mux" 5 98, 12 1 0, S_0x55a7e4e6c060;
 .timescale -9 -12;
    .port_info 0 /INPUT 32 "a"
    .port_info 1 /INPUT 32 "b"
    .port_info 2 /INPUT 1 "sel"
    .port_info 3 /OUTPUT 32 "out"
v0x55a7e4f64ed0_0 .net "a", 31 0, L_0x55a7e4f86730;  alias, 1 drivers
v0x55a7e4f64fb0_0 .net "b", 31 0, v0x55a7e4f649d0_0;  alias, 1 drivers
v0x55a7e4f65080_0 .net "out", 31 0, L_0x55a7e4f86d40;  alias, 1 drivers
v0x55a7e4f65150_0 .net "sel", 0 0, v0x55a7e4f60df0_0;  alias, 1 drivers
L_0x55a7e4f86d40 .functor MUXZ 32, L_0x55a7e4f86730, v0x55a7e4f649d0_0, v0x55a7e4f60df0_0, C4<>;
S_0x55a7e4f652c0 .scope module, "u_mux4" "mux" 5 105, 12 1 0, S_0x55a7e4e6c060;
 .timescale -9 -12;
    .port_info 0 /INPUT 32 "a"
    .port_info 1 /INPUT 32 "b"
    .port_info 2 /INPUT 1 "sel"
    .port_info 3 /OUTPUT 32 "out"
v0x55a7e4f65490_0 .net "a", 31 0, L_0x55a7e4f86440;  alias, 1 drivers
v0x55a7e4f655a0_0 .net "b", 31 0, v0x55a7e4f6c950_0;  alias, 1 drivers
v0x55a7e4f65660_0 .net "out", 31 0, L_0x55a7e4f86e70;  alias, 1 drivers
v0x55a7e4f65750_0 .net "sel", 0 0, v0x55a7e4f60d30_0;  alias, 1 drivers
L_0x55a7e4f86e70 .functor MUXZ 32, L_0x55a7e4f86440, v0x55a7e4f6c950_0, v0x55a7e4f60d30_0, C4<>;
S_0x55a7e4f658c0 .scope module, "u_regfile0" "regfile" 5 56, 13 1 0, S_0x55a7e4e6c060;
 .timescale -9 -12;
    .port_info 0 /INPUT 1 "clk"
    .port_info 1 /INPUT 1 "en"
    .port_info 2 /INPUT 32 "instruction"
    .port_info 3 /INPUT 1 "rst"
    .port_info 4 /INPUT 5 "rs1"
    .port_info 5 /INPUT 5 "rs2"
    .port_info 6 /INPUT 5 "rd"
    .port_info 7 /OUTPUT 32 "op1"
    .port_info 8 /OUTPUT 32 "op2"
L_0x55a7e4f86440 .functor BUFZ 32, L_0x55a7e4f862e0, C4<00000000000000000000000000000000>, C4<00000000000000000000000000000000>, C4<00000000000000000000000000000000>;
L_0x55a7e4f86730 .functor BUFZ 32, L_0x55a7e4f86540, C4<00000000000000000000000000000000>, C4<00000000000000000000000000000000>, C4<00000000000000000000000000000000>;
v0x55a7e4f65b60_0 .net *"_s0", 31 0, L_0x55a7e4f862e0;  1 drivers
v0x55a7e4f65c60_0 .net *"_s10", 6 0, L_0x55a7e4f865e0;  1 drivers
L_0x7f92fb2f20a8 .functor BUFT 1, C4<00>, C4<0>, C4<0>, C4<0>;
v0x55a7e4f65d40_0 .net *"_s13", 1 0, L_0x7f92fb2f20a8;  1 drivers
v0x55a7e4f65e00_0 .net *"_s2", 6 0, L_0x55a7e4f863a0;  1 drivers
L_0x7f92fb2f2060 .functor BUFT 1, C4<00>, C4<0>, C4<0>, C4<0>;
v0x55a7e4f65ee0_0 .net *"_s5", 1 0, L_0x7f92fb2f2060;  1 drivers
v0x55a7e4f66010_0 .net *"_s8", 31 0, L_0x55a7e4f86540;  1 drivers
v0x55a7e4f660f0_0 .net "clk", 0 0, v0x55a7e4f75c00_0;  alias, 1 drivers
v0x55a7e4f661b0_0 .net "en", 0 0, v0x55a7e4f60f70_0;  alias, 1 drivers
v0x55a7e4f662a0_0 .var/i "i", 31 0;
v0x55a7e4f66380_0 .net "instruction", 31 0, v0x55a7e4f6ef60_0;  alias, 1 drivers
v0x55a7e4f66460_0 .net "op1", 31 0, L_0x55a7e4f86440;  alias, 1 drivers
v0x55a7e4f66520_0 .net "op2", 31 0, L_0x55a7e4f86730;  alias, 1 drivers
v0x55a7e4f66630_0 .net "rd", 4 0, L_0x55a7e4f86b50;  1 drivers
v0x55a7e4f66710 .array "reg_file", 0 31, 31 0;
v0x55a7e4f667d0_0 .net "rs1", 4 0, L_0x55a7e4f86830;  1 drivers
v0x55a7e4f668b0_0 .net "rs2", 4 0, L_0x55a7e4f86950;  1 drivers
v0x55a7e4f66990_0 .net "rst", 0 0, v0x55a7e4f75d80_0;  alias, 1 drivers
E_0x55a7e4f65ae0/0 .event negedge, v0x55a7e4f66990_0;
E_0x55a7e4f65ae0/1 .event posedge, v0x55a7e4f660f0_0;
E_0x55a7e4f65ae0 .event/or E_0x55a7e4f65ae0/0, E_0x55a7e4f65ae0/1;
L_0x55a7e4f862e0 .array/port v0x55a7e4f66710, L_0x55a7e4f863a0;
L_0x55a7e4f863a0 .concat [ 5 2 0 0], L_0x55a7e4f86830, L_0x7f92fb2f2060;
L_0x55a7e4f86540 .array/port v0x55a7e4f66710, L_0x55a7e4f865e0;
L_0x55a7e4f865e0 .concat [ 5 2 0 0], L_0x55a7e4f86950, L_0x7f92fb2f20a8;
S_0x55a7e4f689b0 .scope module, "u_execute" "execute" 4 98, 14 1 0, S_0x55a7e4e6cf40;
 .timescale -9 -12;
    .port_info 0 /INPUT 32 "opa_mux_out"
    .port_info 1 /INPUT 32 "opb_mux_out"
    .port_info 2 /INPUT 4 "alu_control"
    .port_info 3 /OUTPUT 32 "res_o"
    .port_info 4 /INPUT 32 "address_out"
    .port_info 5 /OUTPUT 32 "adder_out"
v0x55a7e4f69810_0 .net "adder_out", 31 0, v0x55a7e4f68f30_0;  alias, 1 drivers
v0x55a7e4f698f0_0 .net "address_out", 31 0, v0x55a7e4f6c950_0;  alias, 1 drivers
v0x55a7e4f69990_0 .net "alu_control", 3 0, v0x55a7e4f60170_0;  alias, 1 drivers
v0x55a7e4f69a30_0 .net "opa_mux_out", 31 0, L_0x55a7e4f86e70;  alias, 1 drivers
v0x55a7e4f69af0_0 .net "opb_mux_out", 31 0, L_0x55a7e4f86d40;  alias, 1 drivers
v0x55a7e4f69bb0_0 .net "res_o", 31 0, v0x55a7e4f696b0_0;  alias, 1 drivers
S_0x55a7e4f68c80 .scope module, "u_adder0" "adder" 14 18, 15 1 0, S_0x55a7e4f689b0;
 .timescale -9 -12;
    .port_info 0 /INPUT 32 "address_out"
    .port_info 1 /OUTPUT 32 "adder_out"
v0x55a7e4f68f30_0 .var "adder_out", 31 0;
v0x55a7e4f69030_0 .net "address_out", 31 0, v0x55a7e4f6c950_0;  alias, 1 drivers
E_0x55a7e4f68eb0 .event edge, v0x55a7e4f655a0_0;
S_0x55a7e4f691a0 .scope module, "u_alu0" "alu" 14 11, 16 1 0, S_0x55a7e4f689b0;
 .timescale -9 -12;
    .port_info 0 /INPUT 32 "a"
    .port_info 1 /INPUT 32 "b"
    .port_info 2 /INPUT 4 "op"
    .port_info 3 /OUTPUT 32 "res_o"
v0x55a7e4f693d0_0 .net "a", 31 0, L_0x55a7e4f86e70;  alias, 1 drivers
v0x55a7e4f69500_0 .net "b", 31 0, L_0x55a7e4f86d40;  alias, 1 drivers
v0x55a7e4f69610_0 .net "op", 3 0, v0x55a7e4f60170_0;  alias, 1 drivers
v0x55a7e4f696b0_0 .var "res_o", 31 0;
E_0x55a7e4f69370 .event edge, v0x55a7e4f60170_0, v0x55a7e4f65660_0, v0x55a7e4f65080_0;
S_0x55a7e4f69d50 .scope module, "u_fetch" "fetch" 4 51, 17 1 0, S_0x55a7e4e6cf40;
 .timescale -9 -12;
    .port_info 0 /INPUT 1 "clk"
    .port_info 1 /INPUT 1 "rst"
    .port_info 2 /INPUT 1 "load"
    .port_info 3 /INPUT 32 "instruction"
    .port_info 4 /INPUT 32 "address_in"
    .port_info 5 /INPUT 32 "res_o"
    .port_info 6 /INPUT 1 "Branch"
    .port_info 7 /INPUT 1 "Jal"
    .port_info 8 /INPUT 1 "Jalr"
    .port_info 9 /INPUT 1 "valid"
    .port_info 10 /OUTPUT 32 "address_out"
    .port_info 11 /OUTPUT 1 "mem_request"
    .port_info 12 /OUTPUT 1 "we_re"
    .port_info 13 /OUTPUT 32 "instruction_out"
    .port_info 14 /OUTPUT 32 "pre_address"
    .port_info 15 /OUTPUT 4 "mask"
v0x55a7e4f6b290_0 .net "Branch", 0 0, v0x55a7e4f20f40_0;  alias, 1 drivers
v0x55a7e4f6b3e0_0 .net "Jal", 0 0, v0x55a7e4f5ff00_0;  alias, 1 drivers
v0x55a7e4f6b530_0 .net "Jalr", 0 0, v0x55a7e4f5ffa0_0;  alias, 1 drivers
L_0x7f92fb2f2018 .functor BUFT 1, C4<00000000000000000000000000000000>, C4<0>, C4<0>, C4<0>;
v0x55a7e4f6b660_0 .net "address_in", 31 0, L_0x7f92fb2f2018;  1 drivers
v0x55a7e4f6b700_0 .net "address_out", 31 0, v0x55a7e4f6a5f0_0;  alias, 1 drivers
v0x55a7e4f6b7a0_0 .net "clk", 0 0, v0x55a7e4f75c00_0;  alias, 1 drivers
v0x55a7e4f6b840_0 .net "instruction", 31 0, v0x55a7e4f73ca0_0;  alias, 1 drivers
v0x55a7e4f6b8e0_0 .var "instruction_out", 31 0;
v0x55a7e4f6b9c0_0 .net "load", 0 0, v0x55a7e4f60950_0;  alias, 1 drivers
v0x55a7e4f6baf0_0 .var "mask", 3 0;
v0x55a7e4f6bbd0_0 .var "mem_request", 0 0;
v0x55a7e4f6bc90_0 .net "pre_address", 31 0, v0x55a7e4f6ae40_0;  alias, 1 drivers
v0x55a7e4f6bd50_0 .net "res_o", 31 0, v0x55a7e4f696b0_0;  alias, 1 drivers
v0x55a7e4f6bdf0_0 .net "rst", 0 0, v0x55a7e4f75d80_0;  alias, 1 drivers
v0x55a7e4f6be90_0 .net "valid", 0 0, v0x55a7e4f730d0_0;  alias, 1 drivers
v0x55a7e4f6bf30_0 .var "we_re", 0 0;
E_0x55a7e4f68ba0 .event edge, v0x55a7e4f6b840_0;
E_0x55a7e4f6a160 .event edge, v0x55a7e4f60950_0, v0x55a7e4f6afc0_0;
S_0x55a7e4f6a1c0 .scope module, "u_program_counter" "program_counter" 17 23, 18 1 0, S_0x55a7e4f69d50;
 .timescale -9 -12;
    .port_info 0 /INPUT 1 "clk"
    .port_info 1 /INPUT 1 "rst"
    .port_info 2 /INPUT 32 "address_in"
    .port_info 3 /INPUT 1 "jal"
    .port_info 4 /INPUT 1 "jalr"
    .port_info 5 /OUTPUT 32 "address_out"
    .port_info 6 /INPUT 32 "branch_address"
    .port_info 7 /INPUT 32 "jal_address"
    .port_info 8 /INPUT 32 "jalr_address"
    .port_info 9 /INPUT 1 "branch"
    .port_info 10 /INPUT 1 "valid"
    .port_info 11 /OUTPUT 32 "pre_address"
    .port_info 12 /INPUT 1 "load"
v0x55a7e4f6a4f0_0 .net "address_in", 31 0, L_0x7f92fb2f2018;  alias, 1 drivers
v0x55a7e4f6a5f0_0 .var "address_out", 31 0;
v0x55a7e4f6a6d0_0 .net "branch", 0 0, v0x55a7e4f20f40_0;  alias, 1 drivers
v0x55a7e4f6a770_0 .net "branch_address", 31 0, v0x55a7e4f696b0_0;  alias, 1 drivers
v0x55a7e4f6a860_0 .net "clk", 0 0, v0x55a7e4f75c00_0;  alias, 1 drivers
v0x55a7e4f6a9a0_0 .net "jal", 0 0, v0x55a7e4f5ff00_0;  alias, 1 drivers
v0x55a7e4f6aa40_0 .net "jal_address", 31 0, v0x55a7e4f696b0_0;  alias, 1 drivers
v0x55a7e4f6ab00_0 .net "jalr", 0 0, v0x55a7e4f5ffa0_0;  alias, 1 drivers
v0x55a7e4f6aba0_0 .net "jalr_address", 31 0, v0x55a7e4f696b0_0;  alias, 1 drivers
o0x7f92fb33d268 .functor BUFZ 1, C4<z>; HiZ drive
v0x55a7e4f6ad80_0 .net "load", 0 0, o0x7f92fb33d268;  0 drivers
v0x55a7e4f6ae40_0 .var "pre_address", 31 0;
v0x55a7e4f6af20_0 .net "rst", 0 0, v0x55a7e4f75d80_0;  alias, 1 drivers
v0x55a7e4f6afc0_0 .net "valid", 0 0, v0x55a7e4f730d0_0;  alias, 1 drivers
S_0x55a7e4f6c260 .scope module, "u_fetch_pipline" "fetch_pipeline" 4 134, 19 1 0, S_0x55a7e4e6cf40;
 .timescale -9 -12;
    .port_info 0 /INPUT 1 "clk"
    .port_info 1 /INPUT 32 "instruction_fetch"
    .port_info 2 /INPUT 32 "pc_pre_address"
    .port_info 3 /OUTPUT 32 "instruction"
    .port_info 4 /OUTPUT 32 "pre_address"
v0x55a7e4f6c460_0 .net "clk", 0 0, v0x55a7e4f75c00_0;  alias, 1 drivers
v0x55a7e4f6c520_0 .net "instruction", 31 0, v0x55a7e4f6c680_0;  alias, 1 drivers
v0x55a7e4f6c5e0_0 .net8 "instruction_fetch", 31 0, RS_0x7f92fb33d598;  alias, 2 drivers
v0x55a7e4f6c680_0 .var "instruction_reg", 31 0;
v0x55a7e4f6c740_0 .net "pc_pre_address", 31 0, v0x55a7e4f6ae40_0;  alias, 1 drivers
v0x55a7e4f6c800_0 .net "pre_address", 31 0, v0x55a7e4f6c950_0;  alias, 1 drivers
v0x55a7e4f6c950_0 .var "pre_address_reg", 31 0;
E_0x55a7e4f6c3e0 .event posedge, v0x55a7e4f660f0_0;
S_0x55a7e4f6cad0 .scope module, "u_memorystage" "mem_stage" 4 107, 20 1 0, S_0x55a7e4e6cf40;
 .timescale -9 -12;
    .port_info 0 /INPUT 32 "wrap_in"
    .port_info 1 /INPUT 32 "res_o"
    .port_info 2 /INPUT 32 "instruction"
    .port_info 3 /INPUT 1 "en"
    .port_info 4 /INPUT 1 "load"
    .port_info 5 /INPUT 1 "valid"
    .port_info 6 /INPUT 32 "wrap_load_in"
    .port_info 7 /OUTPUT 32 "wrap_load_out"
    .port_info 8 /OUTPUT 32 "wrap_out"
    .port_info 9 /OUTPUT 4 "mask"
    .port_info 10 /OUTPUT 1 "mem_request"
    .port_info 11 /OUTPUT 1 "we_re"
v0x55a7e4f6db20_0 .net "en", 0 0, v0x55a7e4f61030_0;  alias, 1 drivers
v0x55a7e4f6dc70_0 .net8 "instruction", 31 0, RS_0x7f92fb33d598;  alias, 2 drivers
v0x55a7e4f6dd30_0 .net "load", 0 0, v0x55a7e4f60950_0;  alias, 1 drivers
v0x55a7e4f6ddd0_0 .net "mask", 3 0, v0x55a7e4f6d550_0;  alias, 1 drivers
v0x55a7e4f6de70_0 .var "mem_request", 0 0;
v0x55a7e4f6df10_0 .net "res_o", 31 0, v0x55a7e4f696b0_0;  alias, 1 drivers
v0x55a7e4f6dfd0_0 .net "valid", 0 0, v0x55a7e4f747a0_0;  alias, 1 drivers
v0x55a7e4f6e090_0 .var "we_re", 0 0;
v0x55a7e4f6e150_0 .net "wrap_in", 31 0, L_0x55a7e4f86c30;  alias, 1 drivers
v0x55a7e4f6e2a0_0 .net "wrap_load_in", 31 0, v0x55a7e4f72500_0;  alias, 1 drivers
v0x55a7e4f6e360_0 .net "wrap_load_out", 31 0, v0x55a7e4f6d7b0_0;  alias, 1 drivers
v0x55a7e4f6e400_0 .net "wrap_out", 31 0, v0x55a7e4f6d890_0;  alias, 1 drivers
E_0x55a7e4f6cd80 .event edge, v0x55a7e4f6dfd0_0, v0x55a7e4f60950_0, v0x55a7e4f61030_0;
L_0x55a7e4f87010 .part RS_0x7f92fb33d598, 12, 3;
L_0x55a7e4f870b0 .part v0x55a7e4f696b0_0, 0, 2;
S_0x55a7e4f6ce00 .scope module, "u_wrapmem" "wrapmem" 20 23, 21 1 0, S_0x55a7e4f6cad0;
 .timescale -9 -12;
    .port_info 0 /INPUT 32 "wrap_in"
    .port_info 1 /INPUT 3 "func3"
    .port_info 2 /INPUT 1 "en"
    .port_info 3 /INPUT 1 "load"
    .port_info 4 /INPUT 32 "wrap_load_in"
    .port_info 5 /OUTPUT 4 "masking"
    .port_info 6 /OUTPUT 32 "wrap_out"
    .port_info 7 /OUTPUT 32 "wrap_load_out"
    .port_info 8 /INPUT 2 "byteadd"
v0x55a7e4f6d1c0_0 .net "byteadd", 1 0, L_0x55a7e4f870b0;  1 drivers
v0x55a7e4f6d2c0_0 .net "en", 0 0, v0x55a7e4f61030_0;  alias, 1 drivers
v0x55a7e4f6d380_0 .net "func3", 2 0, L_0x55a7e4f87010;  1 drivers
v0x55a7e4f6d420_0 .net "load", 0 0, v0x55a7e4f60950_0;  alias, 1 drivers
v0x55a7e4f6d550_0 .var "masking", 3 0;
v0x55a7e4f6d630_0 .net "wrap_in", 31 0, L_0x55a7e4f86c30;  alias, 1 drivers
v0x55a7e4f6d6f0_0 .net "wrap_load_in", 31 0, v0x55a7e4f72500_0;  alias, 1 drivers
v0x55a7e4f6d7b0_0 .var "wrap_load_out", 31 0;
v0x55a7e4f6d890_0 .var "wrap_out", 31 0;
E_0x55a7e4f6d120/0 .event edge, v0x55a7e4f61030_0, v0x55a7e4f6d380_0, v0x55a7e4f6d1c0_0, v0x55a7e4f67c70_0;
E_0x55a7e4f6d120/1 .event edge, v0x55a7e4f60950_0, v0x55a7e4f6d6f0_0;
E_0x55a7e4f6d120 .event/or E_0x55a7e4f6d120/0, E_0x55a7e4f6d120/1;
S_0x55a7e4f6e670 .scope module, "u_wbstage" "write_back" 4 125, 22 1 0, S_0x55a7e4e6cf40;
 .timescale -9 -12;
    .port_info 0 /INPUT 32 "alu_out"
    .port_info 1 /INPUT 32 "data_mem_out"
    .port_info 2 /INPUT 32 "adder_out"
    .port_info 3 /INPUT 2 "rd_sel"
    .port_info 4 /OUTPUT 32 "wb_mux_out"
v0x55a7e4f6f280_0 .net "adder_out", 31 0, v0x55a7e4f68f30_0;  alias, 1 drivers
v0x55a7e4f6f360_0 .net "alu_out", 31 0, v0x55a7e4f696b0_0;  alias, 1 drivers
v0x55a7e4f6f530_0 .net "data_mem_out", 31 0, v0x55a7e4f6d7b0_0;  alias, 1 drivers
v0x55a7e4f6f5d0_0 .net "rd_sel", 1 0, v0x55a7e4f60b90_0;  alias, 1 drivers
v0x55a7e4f6f690_0 .net "wb_mux_out", 31 0, v0x55a7e4f6ef60_0;  alias, 1 drivers
S_0x55a7e4f6e840 .scope module, "u_muxrd" "mux2_4" 22 10, 23 1 0, S_0x55a7e4f6e670;
 .timescale -9 -12;
    .port_info 0 /INPUT 32 "a"
    .port_info 1 /INPUT 32 "b"
    .port_info 2 /INPUT 32 "c"
    .port_info 3 /INPUT 32 "d"
    .port_info 4 /INPUT 2 "sel"
    .port_info 5 /OUTPUT 32 "out"
v0x55a7e4f6eba0_0 .net "a", 31 0, v0x55a7e4f696b0_0;  alias, 1 drivers
v0x55a7e4f6ec80_0 .net "b", 31 0, v0x55a7e4f6d7b0_0;  alias, 1 drivers
v0x55a7e4f6ed90_0 .net "c", 31 0, v0x55a7e4f68f30_0;  alias, 1 drivers
o0x7f92fb33e048 .functor BUFZ 32, C4<zzzzzzzzzzzzzzzzzzzzzzzzzzzzzzzz>; HiZ drive
v0x55a7e4f6ee80_0 .net "d", 31 0, o0x7f92fb33e048;  0 drivers
v0x55a7e4f6ef60_0 .var "out", 31 0;
v0x55a7e4f6f0c0_0 .net "sel", 1 0, v0x55a7e4f60b90_0;  alias, 1 drivers
E_0x55a7e4f6eb10/0 .event edge, v0x55a7e4f60b90_0, v0x55a7e4f696b0_0, v0x55a7e4f6d7b0_0, v0x55a7e4f68f30_0;
E_0x55a7e4f6eb10/1 .event edge, v0x55a7e4f6ee80_0;
E_0x55a7e4f6eb10 .event/or E_0x55a7e4f6eb10/0, E_0x55a7e4f6eb10/1;
S_0x55a7e4f71ce0 .scope module, "u_datamem" "datamem_top" 3 53, 24 1 0, S_0x55a7e4e6db80;
 .timescale -9 -12;
    .port_info 0 /INPUT 1 "clk"
    .port_info 1 /INPUT 1 "rst"
    .port_info 2 /INPUT 1 "we_re"
    .port_info 3 /INPUT 1 "request"
    .port_info 4 /INPUT 1 "load"
    .port_info 5 /INPUT 4 "mask"
    .port_info 6 /INPUT 12 "address"
    .port_info 7 /INPUT 32 "data_in"
    .port_info 8 /OUTPUT 1 "valid"
    .port_info 9 /OUTPUT 32 "data_out"
P_0x55a7e4f6f070 .param/l "INIT_MEM" 0 24 2, +C4<00000000000000000000000000000000>;
v0x55a7e4f72a70_0 .net "address", 11 0, L_0x55a7e4f87370;  1 drivers
v0x55a7e4f72b50_0 .net "clk", 0 0, v0x55a7e4f75c00_0;  alias, 1 drivers
v0x55a7e4f72bf0_0 .net "data_in", 31 0, v0x55a7e4f6d890_0;  alias, 1 drivers
v0x55a7e4f72c90_0 .net "data_out", 31 0, v0x55a7e4f72500_0;  alias, 1 drivers
v0x55a7e4f72dc0_0 .net "load", 0 0, L_0x55a7e4f86fa0;  alias, 1 drivers
v0x55a7e4f72e60_0 .net "mask", 3 0, v0x55a7e4f6d550_0;  alias, 1 drivers
v0x55a7e4f72f90_0 .net "request", 0 0, v0x55a7e4f6de70_0;  alias, 1 drivers
v0x55a7e4f73030_0 .net "rst", 0 0, v0x55a7e4f75d80_0;  alias, 1 drivers
v0x55a7e4f730d0_0 .var "valid", 0 0;
v0x55a7e4f73200_0 .net "we_re", 0 0, v0x55a7e4f6e090_0;  alias, 1 drivers
S_0x55a7e4f71fd0 .scope module, "u_memory" "memory" 24 28, 25 1 0, S_0x55a7e4f71ce0;
 .timescale -9 -12;
    .port_info 0 /INPUT 1 "clk"
    .port_info 1 /INPUT 12 "address"
    .port_info 2 /INPUT 1 "we_re"
    .port_info 3 /INPUT 1 "request"
    .port_info 4 /INPUT 4 "mask"
    .port_info 5 /INPUT 32 "data_in"
    .port_info 6 /OUTPUT 32 "data_out"
P_0x55a7e4f72150 .param/l "INIT_MEM" 0 25 2, +C4<00000000000000000000000000000000>;
v0x55a7e4f722a0_0 .net "address", 11 0, L_0x55a7e4f87370;  alias, 1 drivers
v0x55a7e4f723a0_0 .net "clk", 0 0, v0x55a7e4f75c00_0;  alias, 1 drivers
v0x55a7e4f72460_0 .net "data_in", 31 0, v0x55a7e4f6d890_0;  alias, 1 drivers
v0x55a7e4f72500_0 .var "data_out", 31 0;
v0x55a7e4f725a0_0 .net "mask", 3 0, v0x55a7e4f6d550_0;  alias, 1 drivers
v0x55a7e4f726b0 .array "mem", 4095 0, 31 0;
v0x55a7e4f72770_0 .net "request", 0 0, v0x55a7e4f6de70_0;  alias, 1 drivers
v0x55a7e4f72860_0 .net "we_re", 0 0, v0x55a7e4f6e090_0;  alias, 1 drivers
S_0x55a7e4f733e0 .scope module, "u_instruc_mem" "instruc_mem_top" 3 70, 26 1 0, S_0x55a7e4e6db80;
 .timescale -9 -12;
    .port_info 0 /INPUT 1 "clk"
    .port_info 1 /INPUT 1 "rst"
    .port_info 2 /INPUT 1 "we_re"
    .port_info 3 /INPUT 1 "request"
    .port_info 4 /INPUT 4 "mask"
    .port_info 5 /INPUT 12 "address"
    .port_info 6 /INPUT 32 "data_in"
    .port_info 7 /OUTPUT 1 "valid"
    .port_info 8 /OUTPUT 32 "data_out"
P_0x55a7e4f70a70 .param/l "INIT_MEM" 0 26 2, +C4<00000000000000000000000000000001>;
v0x55a7e4f74260_0 .net "address", 11 0, L_0x55a7e4f87410;  1 drivers
v0x55a7e4f74340_0 .net "clk", 0 0, v0x55a7e4f75c00_0;  alias, 1 drivers
v0x55a7e4f743e0_0 .net "data_in", 31 0, o0x7f92fb33ea98;  alias, 0 drivers
v0x55a7e4f74480_0 .net "data_out", 31 0, v0x55a7e4f73ca0_0;  alias, 1 drivers
v0x55a7e4f74520_0 .net "mask", 3 0, v0x55a7e4f6baf0_0;  alias, 1 drivers
v0x55a7e4f74610_0 .net "request", 0 0, L_0x55a7e4efffe0;  alias, 1 drivers
v0x55a7e4f74700_0 .net "rst", 0 0, v0x55a7e4f75d80_0;  alias, 1 drivers
v0x55a7e4f747a0_0 .var "valid", 0 0;
v0x55a7e4f74890_0 .net "we_re", 0 0, v0x55a7e4f6bf30_0;  alias, 1 drivers
S_0x55a7e4f73720 .scope module, "u_memory" "memory" 26 27, 25 1 0, S_0x55a7e4f733e0;
 .timescale -9 -12;
    .port_info 0 /INPUT 1 "clk"
    .port_info 1 /INPUT 12 "address"
    .port_info 2 /INPUT 1 "we_re"
    .port_info 3 /INPUT 1 "request"
    .port_info 4 /INPUT 4 "mask"
    .port_info 5 /INPUT 32 "data_in"
    .port_info 6 /OUTPUT 32 "data_out"
P_0x55a7e4f738f0 .param/l "INIT_MEM" 0 25 2, +C4<00000000000000000000000000000001>;
v0x55a7e4f73a40_0 .net "address", 11 0, L_0x55a7e4f87410;  alias, 1 drivers
v0x55a7e4f73b40_0 .net "clk", 0 0, v0x55a7e4f75c00_0;  alias, 1 drivers
v0x55a7e4f73c00_0 .net "data_in", 31 0, o0x7f92fb33ea98;  alias, 0 drivers
v0x55a7e4f73ca0_0 .var "data_out", 31 0;
v0x55a7e4f73db0_0 .net "mask", 3 0, v0x55a7e4f6baf0_0;  alias, 1 drivers
v0x55a7e4f73f10 .array "mem", 4095 0, 31 0;
v0x55a7e4f73fd0_0 .net "request", 0 0, L_0x55a7e4efffe0;  alias, 1 drivers
v0x55a7e4f74070_0 .net "we_re", 0 0, v0x55a7e4f6bf30_0;  alias, 1 drivers
    .scope S_0x55a7e4f6a1c0;
T_0 ;
    %wait E_0x55a7e4f65ae0;
    %load/vec4 v0x55a7e4f6af20_0;
    %nor/r;
    %flag_set/vec4 8;
    %jmp/0xz  T_0.0, 8;
    %pushi/vec4 0, 0, 32;
    %assign/vec4 v0x55a7e4f6a5f0_0, 0;
    %jmp T_0.1;
T_0.0 ;
    %load/vec4 v0x55a7e4f6a6d0_0;
    %flag_set/vec4 8;
    %jmp/0xz  T_0.2, 8;
    %load/vec4 v0x55a7e4f6a770_0;
    %assign/vec4 v0x55a7e4f6a5f0_0, 0;
    %jmp T_0.3;
T_0.2 ;
    %load/vec4 v0x55a7e4f6a9a0_0;
    %flag_set/vec4 8;
    %jmp/0xz  T_0.4, 8;
    %load/vec4 v0x55a7e4f6aa40_0;
    %assign/vec4 v0x55a7e4f6a5f0_0, 0;
    %jmp T_0.5;
T_0.4 ;
    %load/vec4 v0x55a7e4f6ab00_0;
    %flag_set/vec4 8;
    %jmp/0xz  T_0.6, 8;
    %load/vec4 v0x55a7e4f6aba0_0;
    %assign/vec4 v0x55a7e4f6a5f0_0, 0;
    %jmp T_0.7;
T_0.6 ;
    %load/vec4 v0x55a7e4f6ad80_0;
    %load/vec4 v0x55a7e4f6afc0_0;
    %nor/r;
    %and;
    %flag_set/vec4 8;
    %jmp/0xz  T_0.8, 8;
    %load/vec4 v0x55a7e4f6a5f0_0;
    %assign/vec4 v0x55a7e4f6a5f0_0, 0;
    %jmp T_0.9;
T_0.8 ;
    %load/vec4 v0x55a7e4f6a5f0_0;
    %addi 4, 0, 32;
    %assign/vec4 v0x55a7e4f6a5f0_0, 0;
T_0.9 ;
T_0.7 ;
T_0.5 ;
T_0.3 ;
T_0.1 ;
    %load/vec4 v0x55a7e4f6a5f0_0;
    %assign/vec4 v0x55a7e4f6ae40_0, 0;
    %jmp T_0;
    .thread T_0;
    .scope S_0x55a7e4f69d50;
T_1 ;
    %wait E_0x55a7e4f6a160;
    %load/vec4 v0x55a7e4f6b9c0_0;
    %load/vec4 v0x55a7e4f6be90_0;
    %nor/r;
    %and;
    %flag_set/vec4 8;
    %jmp/0xz  T_1.0, 8;
    %pushi/vec4 15, 0, 4;
    %store/vec4 v0x55a7e4f6baf0_0, 0, 4;
    %pushi/vec4 0, 0, 1;
    %store/vec4 v0x55a7e4f6bf30_0, 0, 1;
    %pushi/vec4 0, 0, 1;
    %store/vec4 v0x55a7e4f6bbd0_0, 0, 1;
    %jmp T_1.1;
T_1.0 ;
    %pushi/vec4 15, 0, 4;
    %store/vec4 v0x55a7e4f6baf0_0, 0, 4;
    %pushi/vec4 0, 0, 1;
    %store/vec4 v0x55a7e4f6bf30_0, 0, 1;
    %pushi/vec4 1, 0, 1;
    %store/vec4 v0x55a7e4f6bbd0_0, 0, 1;
T_1.1 ;
    %jmp T_1;
    .thread T_1, $push;
    .scope S_0x55a7e4f69d50;
T_2 ;
    %wait E_0x55a7e4f68ba0;
    %load/vec4 v0x55a7e4f6b840_0;
    %store/vec4 v0x55a7e4f6b8e0_0, 0, 32;
    %jmp T_2;
    .thread T_2, $push;
    .scope S_0x55a7e4f615d0;
T_3 ;
    %wait E_0x55a7e4ecc320;
    %pushi/vec4 0, 0, 1;
    %store/vec4 v0x55a7e4f61d60_0, 0, 1;
    %pushi/vec4 0, 0, 1;
    %store/vec4 v0x55a7e4f61950_0, 0, 1;
    %pushi/vec4 0, 0, 1;
    %store/vec4 v0x55a7e4f61e00_0, 0, 1;
    %pushi/vec4 0, 0, 1;
    %store/vec4 v0x55a7e4f61b30_0, 0, 1;
    %pushi/vec4 0, 0, 1;
    %store/vec4 v0x55a7e4f61ed0_0, 0, 1;
    %pushi/vec4 0, 0, 1;
    %store/vec4 v0x55a7e4f61890_0, 0, 1;
    %pushi/vec4 0, 0, 1;
    %store/vec4 v0x55a7e4f619f0_0, 0, 1;
    %pushi/vec4 0, 0, 1;
    %store/vec4 v0x55a7e4f61a90_0, 0, 1;
    %pushi/vec4 0, 0, 1;
    %store/vec4 v0x55a7e4f61c20_0, 0, 1;
    %load/vec4 v0x55a7e4f61cc0_0;
    %dup/vec4;
    %pushi/vec4 51, 0, 7;
    %cmp/u;
    %jmp/1 T_3.0, 6;
    %dup/vec4;
    %pushi/vec4 19, 0, 7;
    %cmp/u;
    %jmp/1 T_3.1, 6;
    %dup/vec4;
    %pushi/vec4 35, 0, 7;
    %cmp/u;
    %jmp/1 T_3.2, 6;
    %dup/vec4;
    %pushi/vec4 3, 0, 7;
    %cmp/u;
    %jmp/1 T_3.3, 6;
    %dup/vec4;
    %pushi/vec4 99, 0, 7;
    %cmp/u;
    %jmp/1 T_3.4, 6;
    %dup/vec4;
    %pushi/vec4 23, 0, 7;
    %cmp/u;
    %jmp/1 T_3.5, 6;
    %dup/vec4;
    %pushi/vec4 111, 0, 7;
    %cmp/u;
    %jmp/1 T_3.6, 6;
    %dup/vec4;
    %pushi/vec4 103, 0, 7;
    %cmp/u;
    %jmp/1 T_3.7, 6;
    %dup/vec4;
    %pushi/vec4 55, 0, 7;
    %cmp/u;
    %jmp/1 T_3.8, 6;
    %pushi/vec4 0, 0, 1;
    %store/vec4 v0x55a7e4f61d60_0, 0, 1;
    %pushi/vec4 0, 0, 1;
    %store/vec4 v0x55a7e4f61950_0, 0, 1;
    %pushi/vec4 0, 0, 1;
    %store/vec4 v0x55a7e4f61e00_0, 0, 1;
    %pushi/vec4 0, 0, 1;
    %store/vec4 v0x55a7e4f61b30_0, 0, 1;
    %pushi/vec4 0, 0, 1;
    %store/vec4 v0x55a7e4f61ed0_0, 0, 1;
    %pushi/vec4 0, 0, 1;
    %store/vec4 v0x55a7e4f61890_0, 0, 1;
    %pushi/vec4 0, 0, 1;
    %store/vec4 v0x55a7e4f619f0_0, 0, 1;
    %pushi/vec4 0, 0, 1;
    %store/vec4 v0x55a7e4f61a90_0, 0, 1;
    %pushi/vec4 0, 0, 1;
    %store/vec4 v0x55a7e4f61c20_0, 0, 1;
    %jmp T_3.10;
T_3.0 ;
    %pushi/vec4 1, 0, 1;
    %store/vec4 v0x55a7e4f61d60_0, 0, 1;
    %jmp T_3.10;
T_3.1 ;
    %pushi/vec4 1, 0, 1;
    %assign/vec4 v0x55a7e4f61950_0, 0;
    %jmp T_3.10;
T_3.2 ;
    %pushi/vec4 1, 0, 1;
    %assign/vec4 v0x55a7e4f61e00_0, 0;
    %jmp T_3.10;
T_3.3 ;
    %pushi/vec4 1, 0, 1;
    %assign/vec4 v0x55a7e4f61b30_0, 0;
    %jmp T_3.10;
T_3.4 ;
    %pushi/vec4 1, 0, 1;
    %assign/vec4 v0x55a7e4f61ed0_0, 0;
    %jmp T_3.10;
T_3.5 ;
    %pushi/vec4 1, 0, 1;
    %assign/vec4 v0x55a7e4f61890_0, 0;
    %jmp T_3.10;
T_3.6 ;
    %pushi/vec4 1, 0, 1;
    %assign/vec4 v0x55a7e4f619f0_0, 0;
    %jmp T_3.10;
T_3.7 ;
    %pushi/vec4 1, 0, 1;
    %assign/vec4 v0x55a7e4f61a90_0, 0;
    %jmp T_3.10;
T_3.8 ;
    %pushi/vec4 1, 0, 1;
    %assign/vec4 v0x55a7e4f61c20_0, 0;
    %jmp T_3.10;
T_3.10 ;
    %pop/vec4 1;
    %jmp T_3;
    .thread T_3, $push;
    .scope S_0x55a7e4f5f9d0;
T_4 ;
    %wait E_0x55a7e4ecc610;
    %load/vec4 v0x55a7e4f60eb0_0;
    %load/vec4 v0x55a7e4f60570_0;
    %or;
    %load/vec4 v0x55a7e4f60890_0;
    %or;
    %load/vec4 v0x55a7e4f60710_0;
    %or;
    %load/vec4 v0x55a7e4f607d0_0;
    %or;
    %load/vec4 v0x55a7e4f60a10_0;
    %or;
    %load/vec4 v0x55a7e4f60250_0;
    %or;
    %store/vec4 v0x55a7e4f60f70_0, 0, 1;
    %load/vec4 v0x55a7e4f60310_0;
    %load/vec4 v0x55a7e4f60710_0;
    %or;
    %load/vec4 v0x55a7e4f60250_0;
    %or;
    %store/vec4 v0x55a7e4f60d30_0, 0, 1;
    %load/vec4 v0x55a7e4f60570_0;
    %load/vec4 v0x55a7e4f60890_0;
    %or;
    %load/vec4 v0x55a7e4f60310_0;
    %or;
    %load/vec4 v0x55a7e4f610f0_0;
    %or;
    %load/vec4 v0x55a7e4f60710_0;
    %or;
    %load/vec4 v0x55a7e4f607d0_0;
    %or;
    %load/vec4 v0x55a7e4f60250_0;
    %or;
    %load/vec4 v0x55a7e4f60a10_0;
    %or;
    %store/vec4 v0x55a7e4f60df0_0, 0, 1;
    %load/vec4 v0x55a7e4f60890_0;
    %store/vec4 v0x55a7e4f60950_0, 0, 1;
    %load/vec4 v0x55a7e4f610f0_0;
    %store/vec4 v0x55a7e4f61030_0, 0, 1;
    %load/vec4 v0x55a7e4f60890_0;
    %pad/u 2;
    %store/vec4 v0x55a7e4f60b90_0, 0, 2;
    %load/vec4 v0x55a7e4f610f0_0;
    %store/vec4 v0x55a7e4f60ad0_0, 0, 1;
    %load/vec4 v0x55a7e4f60310_0;
    %store/vec4 v0x55a7e4f20f40_0, 0, 1;
    %load/vec4 v0x55a7e4f60310_0;
    %store/vec4 v0x55a7e4f60c70_0, 0, 1;
    %pushi/vec4 0, 0, 1;
    %store/vec4 v0x55a7e4f5ff00_0, 0, 1;
    %pushi/vec4 0, 0, 1;
    %store/vec4 v0x55a7e4f5ffa0_0, 0, 1;
    %load/vec4 v0x55a7e4f60eb0_0;
    %flag_set/vec4 8;
    %jmp/0xz  T_4.0, 8;
    %pushi/vec4 0, 0, 2;
    %store/vec4 v0x55a7e4f60b90_0, 0, 2;
T_4.0 ;
    %load/vec4 v0x55a7e4f604b0_0;
    %flag_set/vec4 8;
    %jmp/0xz  T_4.2, 8;
    %load/vec4 v0x55a7e4f603d0_0;
    %dup/vec4;
    %pushi/vec4 0, 0, 3;
    %cmp/u;
    %jmp/1 T_4.4, 6;
    %dup/vec4;
    %pushi/vec4 5, 0, 3;
    %cmp/u;
    %jmp/1 T_4.5, 6;
    %jmp T_4.6;
T_4.4 ;
    %pushi/vec4 1, 0, 4;
    %store/vec4 v0x55a7e4f60170_0, 0, 4;
    %jmp T_4.6;
T_4.5 ;
    %pushi/vec4 15, 0, 4;
    %store/vec4 v0x55a7e4f60170_0, 0, 4;
    %jmp T_4.6;
T_4.6 ;
    %pop/vec4 1;
    %jmp T_4.3;
T_4.2 ;
    %load/vec4 v0x55a7e4f603d0_0;
    %dup/vec4;
    %pushi/vec4 0, 0, 3;
    %cmp/u;
    %jmp/1 T_4.7, 6;
    %dup/vec4;
    %pushi/vec4 1, 0, 3;
    %cmp/u;
    %jmp/1 T_4.8, 6;
    %dup/vec4;
    %pushi/vec4 2, 0, 3;
    %cmp/u;
    %jmp/1 T_4.9, 6;
    %dup/vec4;
    %pushi/vec4 3, 0, 3;
    %cmp/u;
    %jmp/1 T_4.10, 6;
    %dup/vec4;
    %pushi/vec4 4, 0, 3;
    %cmp/u;
    %jmp/1 T_4.11, 6;
    %dup/vec4;
    %pushi/vec4 5, 0, 3;
    %cmp/u;
    %jmp/1 T_4.12, 6;
    %dup/vec4;
    %pushi/vec4 6, 0, 3;
    %cmp/u;
    %jmp/1 T_4.13, 6;
    %dup/vec4;
    %pushi/vec4 7, 0, 3;
    %cmp/u;
    %jmp/1 T_4.14, 6;
    %jmp T_4.15;
T_4.7 ;
    %pushi/vec4 0, 0, 4;
    %store/vec4 v0x55a7e4f60170_0, 0, 4;
    %jmp T_4.15;
T_4.8 ;
    %pushi/vec4 10, 0, 4;
    %store/vec4 v0x55a7e4f60170_0, 0, 4;
    %jmp T_4.15;
T_4.9 ;
    %pushi/vec4 11, 0, 4;
    %store/vec4 v0x55a7e4f60170_0, 0, 4;
    %jmp T_4.15;
T_4.10 ;
    %pushi/vec4 4, 0, 4;
    %store/vec4 v0x55a7e4f60170_0, 0, 4;
    %jmp T_4.15;
T_4.11 ;
    %pushi/vec4 5, 0, 4;
    %store/vec4 v0x55a7e4f60170_0, 0, 4;
    %jmp T_4.15;
T_4.12 ;
    %pushi/vec4 14, 0, 4;
    %store/vec4 v0x55a7e4f60170_0, 0, 4;
    %jmp T_4.15;
T_4.13 ;
    %pushi/vec4 8, 0, 4;
    %store/vec4 v0x55a7e4f60170_0, 0, 4;
    %jmp T_4.15;
T_4.14 ;
    %pushi/vec4 9, 0, 4;
    %store/vec4 v0x55a7e4f60170_0, 0, 4;
    %jmp T_4.15;
T_4.15 ;
    %pop/vec4 1;
T_4.3 ;
    %load/vec4 v0x55a7e4f60570_0;
    %flag_set/vec4 8;
    %jmp/0xz  T_4.16, 8;
    %pushi/vec4 0, 0, 3;
    %store/vec4 v0x55a7e4f60630_0, 0, 3;
T_4.16 ;
    %pushi/vec4 0, 0, 2;
    %store/vec4 v0x55a7e4f60b90_0, 0, 2;
    %load/vec4 v0x55a7e4f604b0_0;
    %flag_set/vec4 8;
    %jmp/0xz  T_4.18, 8;
    %load/vec4 v0x55a7e4f603d0_0;
    %dup/vec4;
    %pushi/vec4 5, 0, 3;
    %cmp/u;
    %jmp/1 T_4.20, 6;
    %jmp T_4.21;
T_4.20 ;
    %pushi/vec4 15, 0, 4;
    %store/vec4 v0x55a7e4f60170_0, 0, 4;
    %jmp T_4.21;
T_4.21 ;
    %pop/vec4 1;
    %jmp T_4.19;
T_4.18 ;
    %load/vec4 v0x55a7e4f603d0_0;
    %dup/vec4;
    %pushi/vec4 0, 0, 3;
    %cmp/u;
    %jmp/1 T_4.22, 6;
    %dup/vec4;
    %pushi/vec4 1, 0, 3;
    %cmp/u;
    %jmp/1 T_4.23, 6;
    %dup/vec4;
    %pushi/vec4 2, 0, 3;
    %cmp/u;
    %jmp/1 T_4.24, 6;
    %dup/vec4;
    %pushi/vec4 3, 0, 3;
    %cmp/u;
    %jmp/1 T_4.25, 6;
    %dup/vec4;
    %pushi/vec4 4, 0, 3;
    %cmp/u;
    %jmp/1 T_4.26, 6;
    %dup/vec4;
    %pushi/vec4 5, 0, 3;
    %cmp/u;
    %jmp/1 T_4.27, 6;
    %dup/vec4;
    %pushi/vec4 6, 0, 3;
    %cmp/u;
    %jmp/1 T_4.28, 6;
    %dup/vec4;
    %pushi/vec4 7, 0, 3;
    %cmp/u;
    %jmp/1 T_4.29, 6;
    %jmp T_4.30;
T_4.22 ;
    %pushi/vec4 0, 0, 4;
    %store/vec4 v0x55a7e4f60170_0, 0, 4;
    %jmp T_4.30;
T_4.23 ;
    %pushi/vec4 10, 0, 4;
    %store/vec4 v0x55a7e4f60170_0, 0, 4;
    %jmp T_4.30;
T_4.24 ;
    %pushi/vec4 11, 0, 4;
    %store/vec4 v0x55a7e4f60170_0, 0, 4;
    %jmp T_4.30;
T_4.25 ;
    %pushi/vec4 4, 0, 4;
    %store/vec4 v0x55a7e4f60170_0, 0, 4;
    %jmp T_4.30;
T_4.26 ;
    %pushi/vec4 5, 0, 4;
    %store/vec4 v0x55a7e4f60170_0, 0, 4;
    %jmp T_4.30;
T_4.27 ;
    %pushi/vec4 14, 0, 4;
    %store/vec4 v0x55a7e4f60170_0, 0, 4;
    %jmp T_4.30;
T_4.28 ;
    %pushi/vec4 8, 0, 4;
    %store/vec4 v0x55a7e4f60170_0, 0, 4;
    %jmp T_4.30;
T_4.29 ;
    %pushi/vec4 9, 0, 4;
    %store/vec4 v0x55a7e4f60170_0, 0, 4;
    %jmp T_4.30;
T_4.30 ;
    %pop/vec4 1;
T_4.19 ;
    %load/vec4 v0x55a7e4f610f0_0;
    %flag_set/vec4 8;
    %jmp/0xz  T_4.31, 8;
    %pushi/vec4 1, 0, 3;
    %store/vec4 v0x55a7e4f60630_0, 0, 3;
    %pushi/vec4 0, 0, 2;
    %store/vec4 v0x55a7e4f60b90_0, 0, 2;
    %load/vec4 v0x55a7e4f603d0_0;
    %dup/vec4;
    %pushi/vec4 0, 0, 3;
    %cmp/u;
    %jmp/1 T_4.33, 6;
    %dup/vec4;
    %pushi/vec4 1, 0, 3;
    %cmp/u;
    %jmp/1 T_4.34, 6;
    %dup/vec4;
    %pushi/vec4 2, 0, 3;
    %cmp/u;
    %jmp/1 T_4.35, 6;
    %jmp T_4.36;
T_4.33 ;
    %pushi/vec4 0, 0, 4;
    %store/vec4 v0x55a7e4f60170_0, 0, 4;
    %jmp T_4.36;
T_4.34 ;
    %pushi/vec4 0, 0, 4;
    %store/vec4 v0x55a7e4f60170_0, 0, 4;
    %jmp T_4.36;
T_4.35 ;
    %pushi/vec4 0, 0, 4;
    %store/vec4 v0x55a7e4f60170_0, 0, 4;
    %jmp T_4.36;
T_4.36 ;
    %pop/vec4 1;
T_4.31 ;
    %load/vec4 v0x55a7e4f60890_0;
    %flag_set/vec4 8;
    %jmp/0xz  T_4.37, 8;
    %pushi/vec4 0, 0, 3;
    %store/vec4 v0x55a7e4f60630_0, 0, 3;
    %pushi/vec4 0, 0, 2;
    %store/vec4 v0x55a7e4f60b90_0, 0, 2;
    %load/vec4 v0x55a7e4f603d0_0;
    %dup/vec4;
    %pushi/vec4 0, 0, 3;
    %cmp/u;
    %jmp/1 T_4.39, 6;
    %dup/vec4;
    %pushi/vec4 1, 0, 3;
    %cmp/u;
    %jmp/1 T_4.40, 6;
    %dup/vec4;
    %pushi/vec4 2, 0, 3;
    %cmp/u;
    %jmp/1 T_4.41, 6;
    %dup/vec4;
    %pushi/vec4 4, 0, 3;
    %cmp/u;
    %jmp/1 T_4.42, 6;
    %dup/vec4;
    %pushi/vec4 5, 0, 3;
    %cmp/u;
    %jmp/1 T_4.43, 6;
    %jmp T_4.44;
T_4.39 ;
    %pushi/vec4 0, 0, 4;
    %store/vec4 v0x55a7e4f60170_0, 0, 4;
    %jmp T_4.44;
T_4.40 ;
    %pushi/vec4 0, 0, 4;
    %store/vec4 v0x55a7e4f60170_0, 0, 4;
    %jmp T_4.44;
T_4.41 ;
    %pushi/vec4 0, 0, 4;
    %store/vec4 v0x55a7e4f60170_0, 0, 4;
    %jmp T_4.44;
T_4.42 ;
    %pushi/vec4 0, 0, 4;
    %store/vec4 v0x55a7e4f60170_0, 0, 4;
    %jmp T_4.44;
T_4.43 ;
    %pushi/vec4 0, 0, 4;
    %store/vec4 v0x55a7e4f60170_0, 0, 4;
    %jmp T_4.44;
T_4.44 ;
    %pop/vec4 1;
T_4.37 ;
    %load/vec4 v0x55a7e4f60310_0;
    %flag_set/vec4 8;
    %jmp/0xz  T_4.45, 8;
    %pushi/vec4 0, 0, 4;
    %store/vec4 v0x55a7e4f60170_0, 0, 4;
    %pushi/vec4 2, 0, 3;
    %store/vec4 v0x55a7e4f60630_0, 0, 3;
T_4.45 ;
    %load/vec4 v0x55a7e4f60710_0;
    %flag_set/vec4 8;
    %jmp/0xz  T_4.47, 8;
    %pushi/vec4 2, 0, 2;
    %store/vec4 v0x55a7e4f60b90_0, 0, 2;
    %load/vec4 v0x55a7e4f60710_0;
    %store/vec4 v0x55a7e4f5ff00_0, 0, 1;
    %pushi/vec4 0, 0, 4;
    %store/vec4 v0x55a7e4f60170_0, 0, 4;
    %pushi/vec4 3, 0, 3;
    %store/vec4 v0x55a7e4f60630_0, 0, 3;
T_4.47 ;
    %load/vec4 v0x55a7e4f607d0_0;
    %flag_set/vec4 8;
    %jmp/0xz  T_4.49, 8;
    %load/vec4 v0x55a7e4f607d0_0;
    %store/vec4 v0x55a7e4f5ffa0_0, 0, 1;
    %pushi/vec4 0, 0, 2;
    %store/vec4 v0x55a7e4f60b90_0, 0, 2;
    %pushi/vec4 0, 0, 4;
    %store/vec4 v0x55a7e4f60170_0, 0, 4;
    %pushi/vec4 0, 0, 3;
    %store/vec4 v0x55a7e4f60630_0, 0, 3;
    %jmp T_4.50;
T_4.49 ;
    %load/vec4 v0x55a7e4f60a10_0;
    %flag_set/vec4 8;
    %jmp/0xz  T_4.51, 8;
    %pushi/vec4 0, 0, 2;
    %store/vec4 v0x55a7e4f60b90_0, 0, 2;
    %load/vec4 v0x55a7e4f60a10_0;
    %store/vec4 v0x55a7e4f60060_0, 0, 1;
    %pushi/vec4 4, 0, 3;
    %store/vec4 v0x55a7e4f60630_0, 0, 3;
    %jmp T_4.52;
T_4.51 ;
    %load/vec4 v0x55a7e4f60250_0;
    %flag_set/vec4 8;
    %jmp/0xz  T_4.53, 8;
    %pushi/vec4 0, 0, 2;
    %store/vec4 v0x55a7e4f60b90_0, 0, 2;
    %load/vec4 v0x55a7e4f60250_0;
    %store/vec4 v0x55a7e4f20e40_0, 0, 1;
    %pushi/vec4 0, 0, 4;
    %store/vec4 v0x55a7e4f60170_0, 0, 4;
    %pushi/vec4 4, 0, 3;
    %store/vec4 v0x55a7e4f60630_0, 0, 3;
T_4.53 ;
T_4.52 ;
T_4.50 ;
    %jmp T_4;
    .thread T_4, $push;
    .scope S_0x55a7e4f658c0;
T_5 ;
    %wait E_0x55a7e4f65ae0;
    %pushi/vec4 0, 0, 32;
    %ix/load 3, 0, 0;
    %flag_set/imm 4, 0;
    %ix/load 4, 0, 0; Constant delay
    %assign/vec4/a/d v0x55a7e4f66710, 0, 4;
    %load/vec4 v0x55a7e4f66990_0;
    %nor/r;
    %flag_set/vec4 8;
    %jmp/0xz  T_5.0, 8;
    %pushi/vec4 1, 0, 32;
    %store/vec4 v0x55a7e4f662a0_0, 0, 32;
T_5.2 ;
    %load/vec4 v0x55a7e4f662a0_0;
    %cmpi/s 31, 0, 32;
    %flag_or 5, 4;
    %jmp/0xz T_5.3, 5;
    %pushi/vec4 0, 0, 32;
    %ix/getv/s 3, v0x55a7e4f662a0_0;
    %ix/load 4, 0, 0; Constant delay
    %assign/vec4/a/d v0x55a7e4f66710, 0, 4;
    %load/vec4 v0x55a7e4f662a0_0;
    %pushi/vec4 1, 0, 32;
    %add;
    %store/vec4 v0x55a7e4f662a0_0, 0, 32;
    %jmp T_5.2;
T_5.3 ;
    %jmp T_5.1;
T_5.0 ;
    %load/vec4 v0x55a7e4f661b0_0;
    %flag_set/vec4 8;
    %jmp/0xz  T_5.4, 8;
    %load/vec4 v0x55a7e4f66380_0;
    %load/vec4 v0x55a7e4f66630_0;
    %pad/u 7;
    %ix/vec4 3;
    %ix/load 4, 0, 0; Constant delay
    %assign/vec4/a/d v0x55a7e4f66710, 0, 4;
T_5.4 ;
T_5.1 ;
    %jmp T_5;
    .thread T_5;
    .scope S_0x55a7e4f634f0;
T_6 ;
    %wait E_0x55a7e4f4d7c0;
    %load/vec4 v0x55a7e4f63960_0;
    %parti/s 5, 7, 4;
    %ix/load 4, 0, 0;
    %flag_set/imm 4, 0;
    %store/vec4 v0x55a7e4f63a50_0, 4, 5;
    %load/vec4 v0x55a7e4f63960_0;
    %parti/s 7, 25, 6;
    %ix/load 4, 5, 0;
    %flag_set/imm 4, 0;
    %store/vec4 v0x55a7e4f63a50_0, 4, 7;
    %load/vec4 v0x55a7e4f63960_0;
    %parti/s 12, 20, 6;
    %store/vec4 v0x55a7e4f63780_0, 0, 12;
    %load/vec4 v0x55a7e4f63780_0;
    %parti/s 1, 11, 5;
    %replicate 20;
    %load/vec4 v0x55a7e4f63780_0;
    %concat/vec4; draw_concat_vec4
    %store/vec4 v0x55a7e4f63880_0, 0, 32;
    %load/vec4 v0x55a7e4f63a50_0;
    %parti/s 1, 11, 5;
    %replicate 20;
    %load/vec4 v0x55a7e4f63a50_0;
    %concat/vec4; draw_concat_vec4
    %store/vec4 v0x55a7e4f63b30_0, 0, 32;
    %load/vec4 v0x55a7e4f63960_0;
    %parti/s 1, 31, 6;
    %replicate 19;
    %load/vec4 v0x55a7e4f63960_0;
    %parti/s 1, 31, 6;
    %concat/vec4; draw_concat_vec4
    %load/vec4 v0x55a7e4f63960_0;
    %parti/s 1, 7, 4;
    %concat/vec4; draw_concat_vec4
    %load/vec4 v0x55a7e4f63960_0;
    %parti/s 6, 25, 6;
    %concat/vec4; draw_concat_vec4
    %load/vec4 v0x55a7e4f63960_0;
    %parti/s 4, 8, 5;
    %concat/vec4; draw_concat_vec4
    %concati/vec4 0, 0, 1;
    %store/vec4 v0x55a7e4f63c60_0, 0, 32;
    %load/vec4 v0x55a7e4f63960_0;
    %parti/s 1, 31, 6;
    %replicate 11;
    %load/vec4 v0x55a7e4f63960_0;
    %parti/s 1, 31, 6;
    %concat/vec4; draw_concat_vec4
    %load/vec4 v0x55a7e4f63960_0;
    %parti/s 8, 12, 5;
    %concat/vec4; draw_concat_vec4
    %load/vec4 v0x55a7e4f63960_0;
    %parti/s 1, 20, 6;
    %concat/vec4; draw_concat_vec4
    %load/vec4 v0x55a7e4f63960_0;
    %parti/s 10, 21, 6;
    %concat/vec4; draw_concat_vec4
    %concati/vec4 0, 0, 1;
    %store/vec4 v0x55a7e4f63e20_0, 0, 32;
    %load/vec4 v0x55a7e4f63960_0;
    %parti/s 20, 12, 5;
    %concati/vec4 0, 0, 12;
    %store/vec4 v0x55a7e4f63d40_0, 0, 32;
    %jmp T_6;
    .thread T_6, $push;
    .scope S_0x55a7e4e69e00;
T_7 ;
    %wait E_0x55a7e4ecbd50;
    %load/vec4 v0x55a7e4f4bb40_0;
    %pad/u 32;
    %cmpi/e 1, 0, 32;
    %jmp/0xz  T_7.0, 4;
    %load/vec4 v0x55a7e4f49460_0;
    %dup/vec4;
    %pushi/vec4 0, 0, 3;
    %cmp/u;
    %jmp/1 T_7.2, 6;
    %dup/vec4;
    %pushi/vec4 1, 0, 3;
    %cmp/u;
    %jmp/1 T_7.3, 6;
    %dup/vec4;
    %pushi/vec4 2, 0, 3;
    %cmp/u;
    %jmp/1 T_7.4, 6;
    %dup/vec4;
    %pushi/vec4 3, 0, 3;
    %cmp/u;
    %jmp/1 T_7.5, 6;
    %dup/vec4;
    %pushi/vec4 4, 0, 3;
    %cmp/u;
    %jmp/1 T_7.6, 6;
    %dup/vec4;
    %pushi/vec4 5, 0, 3;
    %cmp/u;
    %jmp/1 T_7.7, 6;
    %pushi/vec4 0, 0, 32;
    %store/vec4 v0x55a7e4f4c350_0, 0, 32;
    %jmp T_7.9;
T_7.2 ;
    %load/vec4 v0x55a7e4f49530_0;
    %load/vec4 v0x55a7e4f48d20_0;
    %cmp/e;
    %flag_mov 8, 4;
    %jmp/0 T_7.10, 8;
    %pushi/vec4 1, 0, 32;
    %jmp/1 T_7.11, 8;
T_7.10 ; End of true expr.
    %pushi/vec4 0, 0, 32;
    %jmp/0 T_7.11, 8;
 ; End of false expr.
    %blend;
T_7.11;
    %store/vec4 v0x55a7e4f4c350_0, 0, 32;
    %jmp T_7.9;
T_7.3 ;
    %load/vec4 v0x55a7e4f49530_0;
    %load/vec4 v0x55a7e4f48d20_0;
    %cmp/ne;
    %flag_mov 8, 4;
    %jmp/0 T_7.12, 8;
    %pushi/vec4 1, 0, 32;
    %jmp/1 T_7.13, 8;
T_7.12 ; End of true expr.
    %pushi/vec4 0, 0, 32;
    %jmp/0 T_7.13, 8;
 ; End of false expr.
    %blend;
T_7.13;
    %store/vec4 v0x55a7e4f4c350_0, 0, 32;
    %jmp T_7.9;
T_7.4 ;
    %load/vec4 v0x55a7e4f49530_0;
    %load/vec4 v0x55a7e4f48d20_0;
    %cmp/s;
    %flag_mov 8, 5;
    %jmp/0 T_7.14, 8;
    %pushi/vec4 1, 0, 32;
    %jmp/1 T_7.15, 8;
T_7.14 ; End of true expr.
    %pushi/vec4 0, 0, 32;
    %jmp/0 T_7.15, 8;
 ; End of false expr.
    %blend;
T_7.15;
    %store/vec4 v0x55a7e4f4c350_0, 0, 32;
    %jmp T_7.9;
T_7.5 ;
    %load/vec4 v0x55a7e4f48d20_0;
    %load/vec4 v0x55a7e4f49530_0;
    %cmp/s;
    %flag_or 5, 4;
    %flag_mov 8, 5;
    %jmp/0 T_7.16, 8;
    %pushi/vec4 1, 0, 32;
    %jmp/1 T_7.17, 8;
T_7.16 ; End of true expr.
    %pushi/vec4 0, 0, 32;
    %jmp/0 T_7.17, 8;
 ; End of false expr.
    %blend;
T_7.17;
    %store/vec4 v0x55a7e4f4c350_0, 0, 32;
    %jmp T_7.9;
T_7.6 ;
    %load/vec4 v0x55a7e4f49530_0;
    %load/vec4 v0x55a7e4f48d20_0;
    %cmp/u;
    %flag_mov 8, 5;
    %jmp/0 T_7.18, 8;
    %pushi/vec4 1, 0, 32;
    %jmp/1 T_7.19, 8;
T_7.18 ; End of true expr.
    %pushi/vec4 0, 0, 32;
    %jmp/0 T_7.19, 8;
 ; End of false expr.
    %blend;
T_7.19;
    %store/vec4 v0x55a7e4f4c350_0, 0, 32;
    %jmp T_7.9;
T_7.7 ;
    %load/vec4 v0x55a7e4f48d20_0;
    %load/vec4 v0x55a7e4f49530_0;
    %cmp/u;
    %flag_or 5, 4;
    %flag_mov 8, 5;
    %jmp/0 T_7.20, 8;
    %pushi/vec4 1, 0, 32;
    %jmp/1 T_7.21, 8;
T_7.20 ; End of true expr.
    %pushi/vec4 0, 0, 32;
    %jmp/0 T_7.21, 8;
 ; End of false expr.
    %blend;
T_7.21;
    %store/vec4 v0x55a7e4f4c350_0, 0, 32;
    %jmp T_7.9;
T_7.9 ;
    %pop/vec4 1;
T_7.0 ;
    %jmp T_7;
    .thread T_7, $push;
    .scope S_0x55a7e4f63fc0;
T_8 ;
    %wait E_0x55a7e4eca780;
    %load/vec4 v0x55a7e4f64ab0_0;
    %dup/vec4;
    %pushi/vec4 0, 0, 3;
    %cmp/u;
    %jmp/1 T_8.0, 6;
    %dup/vec4;
    %pushi/vec4 1, 0, 3;
    %cmp/u;
    %jmp/1 T_8.1, 6;
    %dup/vec4;
    %pushi/vec4 2, 0, 3;
    %cmp/u;
    %jmp/1 T_8.2, 6;
    %dup/vec4;
    %pushi/vec4 3, 0, 3;
    %cmp/u;
    %jmp/1 T_8.3, 6;
    %dup/vec4;
    %pushi/vec4 4, 0, 3;
    %cmp/u;
    %jmp/1 T_8.4, 6;
    %dup/vec4;
    %pushi/vec4 5, 0, 3;
    %cmp/u;
    %jmp/1 T_8.5, 6;
    %dup/vec4;
    %pushi/vec4 6, 0, 3;
    %cmp/u;
    %jmp/1 T_8.6, 6;
    %dup/vec4;
    %pushi/vec4 7, 0, 3;
    %cmp/u;
    %jmp/1 T_8.7, 6;
    %jmp T_8.8;
T_8.0 ;
    %load/vec4 v0x55a7e4f64300_0;
    %store/vec4 v0x55a7e4f649d0_0, 0, 32;
    %jmp T_8.8;
T_8.1 ;
    %load/vec4 v0x55a7e4f643e0_0;
    %store/vec4 v0x55a7e4f649d0_0, 0, 32;
    %jmp T_8.8;
T_8.2 ;
    %load/vec4 v0x55a7e4f644b0_0;
    %store/vec4 v0x55a7e4f649d0_0, 0, 32;
    %jmp T_8.8;
T_8.3 ;
    %load/vec4 v0x55a7e4f645b0_0;
    %store/vec4 v0x55a7e4f649d0_0, 0, 32;
    %jmp T_8.8;
T_8.4 ;
    %load/vec4 v0x55a7e4f64680_0;
    %store/vec4 v0x55a7e4f649d0_0, 0, 32;
    %jmp T_8.8;
T_8.5 ;
    %load/vec4 v0x55a7e4f64770_0;
    %store/vec4 v0x55a7e4f649d0_0, 0, 32;
    %jmp T_8.8;
T_8.6 ;
    %load/vec4 v0x55a7e4f64810_0;
    %store/vec4 v0x55a7e4f649d0_0, 0, 32;
    %jmp T_8.8;
T_8.7 ;
    %load/vec4 v0x55a7e4f648f0_0;
    %store/vec4 v0x55a7e4f649d0_0, 0, 32;
    %jmp T_8.8;
T_8.8 ;
    %pop/vec4 1;
    %jmp T_8;
    .thread T_8, $push;
    .scope S_0x55a7e4f691a0;
T_9 ;
    %wait E_0x55a7e4f69370;
    %load/vec4 v0x55a7e4f69610_0;
    %dup/vec4;
    %pushi/vec4 0, 0, 4;
    %cmp/u;
    %jmp/1 T_9.0, 6;
    %dup/vec4;
    %pushi/vec4 1, 0, 4;
    %cmp/u;
    %jmp/1 T_9.1, 6;
    %dup/vec4;
    %pushi/vec4 2, 0, 4;
    %cmp/u;
    %jmp/1 T_9.2, 6;
    %dup/vec4;
    %pushi/vec4 3, 0, 4;
    %cmp/u;
    %jmp/1 T_9.3, 6;
    %dup/vec4;
    %pushi/vec4 4, 0, 4;
    %cmp/u;
    %jmp/1 T_9.4, 6;
    %dup/vec4;
    %pushi/vec4 5, 0, 4;
    %cmp/u;
    %jmp/1 T_9.5, 6;
    %dup/vec4;
    %pushi/vec4 6, 0, 4;
    %cmp/u;
    %jmp/1 T_9.6, 6;
    %dup/vec4;
    %pushi/vec4 7, 0, 4;
    %cmp/u;
    %jmp/1 T_9.7, 6;
    %dup/vec4;
    %pushi/vec4 8, 0, 4;
    %cmp/u;
    %jmp/1 T_9.8, 6;
    %dup/vec4;
    %pushi/vec4 9, 0, 4;
    %cmp/u;
    %jmp/1 T_9.9, 6;
    %load/vec4 v0x55a7e4f693d0_0;
    %ix/getv 4, v0x55a7e4f69500_0;
    %shiftr 4;
    %store/vec4 v0x55a7e4f696b0_0, 0, 32;
    %jmp T_9.11;
T_9.0 ;
    %load/vec4 v0x55a7e4f693d0_0;
    %load/vec4 v0x55a7e4f69500_0;
    %add;
    %store/vec4 v0x55a7e4f696b0_0, 0, 32;
    %jmp T_9.11;
T_9.1 ;
    %load/vec4 v0x55a7e4f693d0_0;
    %load/vec4 v0x55a7e4f69500_0;
    %sub;
    %store/vec4 v0x55a7e4f696b0_0, 0, 32;
    %jmp T_9.11;
T_9.2 ;
    %load/vec4 v0x55a7e4f693d0_0;
    %load/vec4 v0x55a7e4f69500_0;
    %and;
    %store/vec4 v0x55a7e4f696b0_0, 0, 32;
    %jmp T_9.11;
T_9.3 ;
    %load/vec4 v0x55a7e4f693d0_0;
    %load/vec4 v0x55a7e4f69500_0;
    %or;
    %store/vec4 v0x55a7e4f696b0_0, 0, 32;
    %jmp T_9.11;
T_9.4 ;
    %load/vec4 v0x55a7e4f693d0_0;
    %load/vec4 v0x55a7e4f69500_0;
    %xor;
    %store/vec4 v0x55a7e4f696b0_0, 0, 32;
    %jmp T_9.11;
T_9.5 ;
    %load/vec4 v0x55a7e4f693d0_0;
    %ix/getv 4, v0x55a7e4f69500_0;
    %shiftl 4;
    %store/vec4 v0x55a7e4f696b0_0, 0, 32;
    %jmp T_9.11;
T_9.6 ;
    %load/vec4 v0x55a7e4f693d0_0;
    %ix/getv 4, v0x55a7e4f69500_0;
    %shiftr 4;
    %store/vec4 v0x55a7e4f696b0_0, 0, 32;
    %jmp T_9.11;
T_9.7 ;
    %load/vec4 v0x55a7e4f693d0_0;
    %ix/getv 4, v0x55a7e4f69500_0;
    %shiftr 4;
    %store/vec4 v0x55a7e4f696b0_0, 0, 32;
    %jmp T_9.11;
T_9.8 ;
    %load/vec4 v0x55a7e4f693d0_0;
    %load/vec4 v0x55a7e4f69500_0;
    %cmp/s;
    %flag_get/vec4 5;
    %pad/u 32;
    %store/vec4 v0x55a7e4f696b0_0, 0, 32;
    %jmp T_9.11;
T_9.9 ;
    %load/vec4 v0x55a7e4f693d0_0;
    %load/vec4 v0x55a7e4f69500_0;
    %cmp/u;
    %flag_get/vec4 5;
    %pad/u 32;
    %store/vec4 v0x55a7e4f696b0_0, 0, 32;
    %jmp T_9.11;
T_9.11 ;
    %pop/vec4 1;
    %jmp T_9;
    .thread T_9, $push;
    .scope S_0x55a7e4f68c80;
T_10 ;
    %wait E_0x55a7e4f68eb0;
    %load/vec4 v0x55a7e4f69030_0;
    %addi 4, 0, 32;
    %store/vec4 v0x55a7e4f68f30_0, 0, 32;
    %jmp T_10;
    .thread T_10, $push;
    .scope S_0x55a7e4f6ce00;
T_11 ;
    %wait E_0x55a7e4f6d120;
    %load/vec4 v0x55a7e4f6d2c0_0;
    %flag_set/vec4 8;
    %jmp/0xz  T_11.0, 8;
    %pushi/vec4 0, 0, 4;
    %store/vec4 v0x55a7e4f6d550_0, 0, 4;
    %load/vec4 v0x55a7e4f6d380_0;
    %cmpi/e 0, 0, 3;
    %jmp/0xz  T_11.2, 4;
    %load/vec4 v0x55a7e4f6d1c0_0;
    %pad/u 4;
    %dup/vec4;
    %pushi/vec4 0, 0, 4;
    %cmp/u;
    %jmp/1 T_11.4, 6;
    %dup/vec4;
    %pushi/vec4 1, 0, 4;
    %cmp/u;
    %jmp/1 T_11.5, 6;
    %dup/vec4;
    %pushi/vec4 10, 0, 4;
    %cmp/u;
    %jmp/1 T_11.6, 6;
    %dup/vec4;
    %pushi/vec4 11, 0, 4;
    %cmp/u;
    %jmp/1 T_11.7, 6;
    %jmp T_11.8;
T_11.4 ;
    %pushi/vec4 1, 0, 4;
    %store/vec4 v0x55a7e4f6d550_0, 0, 4;
    %load/vec4 v0x55a7e4f6d630_0;
    %store/vec4 v0x55a7e4f6d890_0, 0, 32;
    %jmp T_11.8;
T_11.5 ;
    %pushi/vec4 2, 0, 4;
    %store/vec4 v0x55a7e4f6d550_0, 0, 4;
    %load/vec4 v0x55a7e4f6d630_0;
    %parti/s 16, 16, 6;
    %load/vec4 v0x55a7e4f6d630_0;
    %parti/s 8, 0, 2;
    %concat/vec4; draw_concat_vec4
    %load/vec4 v0x55a7e4f6d630_0;
    %parti/s 8, 0, 2;
    %concat/vec4; draw_concat_vec4
    %store/vec4 v0x55a7e4f6d890_0, 0, 32;
    %jmp T_11.8;
T_11.6 ;
    %pushi/vec4 4, 0, 4;
    %store/vec4 v0x55a7e4f6d550_0, 0, 4;
    %load/vec4 v0x55a7e4f6d630_0;
    %parti/s 8, 24, 6;
    %load/vec4 v0x55a7e4f6d630_0;
    %parti/s 8, 0, 2;
    %concat/vec4; draw_concat_vec4
    %load/vec4 v0x55a7e4f6d630_0;
    %parti/s 16, 0, 2;
    %concat/vec4; draw_concat_vec4
    %store/vec4 v0x55a7e4f6d890_0, 0, 32;
    %jmp T_11.8;
T_11.7 ;
    %pushi/vec4 8, 0, 4;
    %store/vec4 v0x55a7e4f6d550_0, 0, 4;
    %load/vec4 v0x55a7e4f6d630_0;
    %parti/s 8, 0, 2;
    %load/vec4 v0x55a7e4f6d630_0;
    %parti/s 24, 0, 2;
    %concat/vec4; draw_concat_vec4
    %store/vec4 v0x55a7e4f6d890_0, 0, 32;
    %jmp T_11.8;
T_11.8 ;
    %pop/vec4 1;
T_11.2 ;
    %load/vec4 v0x55a7e4f6d380_0;
    %cmpi/e 1, 0, 3;
    %jmp/0xz  T_11.9, 4;
    %load/vec4 v0x55a7e4f6d1c0_0;
    %pad/u 4;
    %dup/vec4;
    %pushi/vec4 0, 0, 4;
    %cmp/u;
    %jmp/1 T_11.11, 6;
    %dup/vec4;
    %pushi/vec4 1, 0, 4;
    %cmp/u;
    %jmp/1 T_11.12, 6;
    %dup/vec4;
    %pushi/vec4 10, 0, 4;
    %cmp/u;
    %jmp/1 T_11.13, 6;
    %jmp T_11.14;
T_11.11 ;
    %pushi/vec4 3, 0, 4;
    %store/vec4 v0x55a7e4f6d550_0, 0, 4;
    %load/vec4 v0x55a7e4f6d630_0;
    %store/vec4 v0x55a7e4f6d890_0, 0, 32;
    %jmp T_11.14;
T_11.12 ;
    %pushi/vec4 6, 0, 4;
    %store/vec4 v0x55a7e4f6d550_0, 0, 4;
    %load/vec4 v0x55a7e4f6d630_0;
    %parti/s 8, 24, 6;
    %load/vec4 v0x55a7e4f6d630_0;
    %parti/s 16, 0, 2;
    %concat/vec4; draw_concat_vec4
    %load/vec4 v0x55a7e4f6d630_0;
    %parti/s 8, 0, 2;
    %concat/vec4; draw_concat_vec4
    %store/vec4 v0x55a7e4f6d890_0, 0, 32;
    %jmp T_11.14;
T_11.13 ;
    %pushi/vec4 12, 0, 4;
    %store/vec4 v0x55a7e4f6d550_0, 0, 4;
    %load/vec4 v0x55a7e4f6d630_0;
    %parti/s 16, 0, 2;
    %load/vec4 v0x55a7e4f6d630_0;
    %parti/s 16, 0, 2;
    %concat/vec4; draw_concat_vec4
    %store/vec4 v0x55a7e4f6d890_0, 0, 32;
    %jmp T_11.14;
T_11.14 ;
    %pop/vec4 1;
T_11.9 ;
    %load/vec4 v0x55a7e4f6d380_0;
    %cmpi/e 2, 0, 3;
    %jmp/0xz  T_11.15, 4;
    %pushi/vec4 15, 0, 4;
    %store/vec4 v0x55a7e4f6d550_0, 0, 4;
    %load/vec4 v0x55a7e4f6d630_0;
    %store/vec4 v0x55a7e4f6d890_0, 0, 32;
T_11.15 ;
T_11.0 ;
    %load/vec4 v0x55a7e4f6d420_0;
    %flag_set/vec4 8;
    %jmp/0xz  T_11.17, 8;
    %load/vec4 v0x55a7e4f6d380_0;
    %cmpi/e 0, 0, 3;
    %jmp/0xz  T_11.19, 4;
    %load/vec4 v0x55a7e4f6d1c0_0;
    %pad/u 4;
    %dup/vec4;
    %pushi/vec4 0, 0, 4;
    %cmp/u;
    %jmp/1 T_11.21, 6;
    %dup/vec4;
    %pushi/vec4 1, 0, 4;
    %cmp/u;
    %jmp/1 T_11.22, 6;
    %dup/vec4;
    %pushi/vec4 10, 0, 4;
    %cmp/u;
    %jmp/1 T_11.23, 6;
    %dup/vec4;
    %pushi/vec4 11, 0, 4;
    %cmp/u;
    %jmp/1 T_11.24, 6;
    %jmp T_11.25;
T_11.21 ;
    %load/vec4 v0x55a7e4f6d6f0_0;
    %parti/s 1, 7, 4;
    %replicate 24;
    %load/vec4 v0x55a7e4f6d6f0_0;
    %parti/s 8, 0, 2;
    %concat/vec4; draw_concat_vec4
    %store/vec4 v0x55a7e4f6d7b0_0, 0, 32;
    %jmp T_11.25;
T_11.22 ;
    %load/vec4 v0x55a7e4f6d6f0_0;
    %parti/s 1, 15, 5;
    %replicate 24;
    %load/vec4 v0x55a7e4f6d6f0_0;
    %parti/s 8, 8, 5;
    %concat/vec4; draw_concat_vec4
    %store/vec4 v0x55a7e4f6d7b0_0, 0, 32;
    %jmp T_11.25;
T_11.23 ;
    %load/vec4 v0x55a7e4f6d6f0_0;
    %parti/s 1, 23, 6;
    %replicate 24;
    %load/vec4 v0x55a7e4f6d6f0_0;
    %parti/s 8, 16, 6;
    %concat/vec4; draw_concat_vec4
    %store/vec4 v0x55a7e4f6d7b0_0, 0, 32;
    %jmp T_11.25;
T_11.24 ;
    %load/vec4 v0x55a7e4f6d6f0_0;
    %parti/s 1, 31, 6;
    %replicate 24;
    %load/vec4 v0x55a7e4f6d6f0_0;
    %parti/s 8, 24, 6;
    %concat/vec4; draw_concat_vec4
    %store/vec4 v0x55a7e4f6d7b0_0, 0, 32;
    %jmp T_11.25;
T_11.25 ;
    %pop/vec4 1;
T_11.19 ;
    %load/vec4 v0x55a7e4f6d380_0;
    %cmpi/e 1, 0, 3;
    %jmp/0xz  T_11.26, 4;
    %load/vec4 v0x55a7e4f6d1c0_0;
    %pad/u 4;
    %dup/vec4;
    %pushi/vec4 0, 0, 4;
    %cmp/u;
    %jmp/1 T_11.28, 6;
    %dup/vec4;
    %pushi/vec4 1, 0, 4;
    %cmp/u;
    %jmp/1 T_11.29, 6;
    %dup/vec4;
    %pushi/vec4 10, 0, 4;
    %cmp/u;
    %jmp/1 T_11.30, 6;
    %jmp T_11.31;
T_11.28 ;
    %load/vec4 v0x55a7e4f6d6f0_0;
    %parti/s 1, 15, 5;
    %replicate 16;
    %load/vec4 v0x55a7e4f6d6f0_0;
    %parti/s 16, 0, 2;
    %concat/vec4; draw_concat_vec4
    %store/vec4 v0x55a7e4f6d7b0_0, 0, 32;
    %jmp T_11.31;
T_11.29 ;
    %load/vec4 v0x55a7e4f6d6f0_0;
    %parti/s 1, 23, 6;
    %replicate 16;
    %load/vec4 v0x55a7e4f6d6f0_0;
    %parti/s 16, 8, 5;
    %concat/vec4; draw_concat_vec4
    %store/vec4 v0x55a7e4f6d7b0_0, 0, 32;
    %jmp T_11.31;
T_11.30 ;
    %load/vec4 v0x55a7e4f6d6f0_0;
    %parti/s 1, 31, 6;
    %replicate 16;
    %load/vec4 v0x55a7e4f6d6f0_0;
    %parti/s 16, 16, 6;
    %concat/vec4; draw_concat_vec4
    %store/vec4 v0x55a7e4f6d7b0_0, 0, 32;
    %jmp T_11.31;
T_11.31 ;
    %pop/vec4 1;
T_11.26 ;
    %load/vec4 v0x55a7e4f6d380_0;
    %cmpi/e 2, 0, 3;
    %jmp/0xz  T_11.32, 4;
    %load/vec4 v0x55a7e4f6d6f0_0;
    %store/vec4 v0x55a7e4f6d7b0_0, 0, 32;
T_11.32 ;
    %load/vec4 v0x55a7e4f6d380_0;
    %cmpi/e 4, 0, 3;
    %jmp/0xz  T_11.34, 4;
    %load/vec4 v0x55a7e4f6d1c0_0;
    %pad/u 4;
    %dup/vec4;
    %pushi/vec4 0, 0, 4;
    %cmp/u;
    %jmp/1 T_11.36, 6;
    %dup/vec4;
    %pushi/vec4 1, 0, 4;
    %cmp/u;
    %jmp/1 T_11.37, 6;
    %dup/vec4;
    %pushi/vec4 10, 0, 4;
    %cmp/u;
    %jmp/1 T_11.38, 6;
    %dup/vec4;
    %pushi/vec4 11, 0, 4;
    %cmp/u;
    %jmp/1 T_11.39, 6;
    %jmp T_11.40;
T_11.36 ;
    %pushi/vec4 0, 0, 24;
    %load/vec4 v0x55a7e4f6d6f0_0;
    %parti/s 8, 0, 2;
    %concat/vec4; draw_concat_vec4
    %store/vec4 v0x55a7e4f6d7b0_0, 0, 32;
    %jmp T_11.40;
T_11.37 ;
    %pushi/vec4 0, 0, 24;
    %load/vec4 v0x55a7e4f6d6f0_0;
    %parti/s 8, 8, 5;
    %concat/vec4; draw_concat_vec4
    %store/vec4 v0x55a7e4f6d7b0_0, 0, 32;
    %jmp T_11.40;
T_11.38 ;
    %pushi/vec4 0, 0, 24;
    %load/vec4 v0x55a7e4f6d6f0_0;
    %parti/s 8, 16, 6;
    %concat/vec4; draw_concat_vec4
    %store/vec4 v0x55a7e4f6d7b0_0, 0, 32;
    %jmp T_11.40;
T_11.39 ;
    %pushi/vec4 0, 0, 24;
    %load/vec4 v0x55a7e4f6d6f0_0;
    %parti/s 8, 24, 6;
    %concat/vec4; draw_concat_vec4
    %store/vec4 v0x55a7e4f6d7b0_0, 0, 32;
    %jmp T_11.40;
T_11.40 ;
    %pop/vec4 1;
T_11.34 ;
    %load/vec4 v0x55a7e4f6d380_0;
    %cmpi/e 5, 0, 3;
    %jmp/0xz  T_11.41, 4;
    %load/vec4 v0x55a7e4f6d1c0_0;
    %pad/u 4;
    %dup/vec4;
    %pushi/vec4 0, 0, 4;
    %cmp/u;
    %jmp/1 T_11.43, 6;
    %dup/vec4;
    %pushi/vec4 1, 0, 4;
    %cmp/u;
    %jmp/1 T_11.44, 6;
    %dup/vec4;
    %pushi/vec4 10, 0, 4;
    %cmp/u;
    %jmp/1 T_11.45, 6;
    %jmp T_11.46;
T_11.43 ;
    %pushi/vec4 0, 0, 16;
    %load/vec4 v0x55a7e4f6d6f0_0;
    %parti/s 16, 0, 2;
    %concat/vec4; draw_concat_vec4
    %store/vec4 v0x55a7e4f6d7b0_0, 0, 32;
    %jmp T_11.46;
T_11.44 ;
    %pushi/vec4 0, 0, 16;
    %load/vec4 v0x55a7e4f6d6f0_0;
    %parti/s 16, 8, 5;
    %concat/vec4; draw_concat_vec4
    %store/vec4 v0x55a7e4f6d7b0_0, 0, 32;
    %jmp T_11.46;
T_11.45 ;
    %pushi/vec4 0, 0, 16;
    %load/vec4 v0x55a7e4f6d6f0_0;
    %parti/s 16, 16, 6;
    %concat/vec4; draw_concat_vec4
    %store/vec4 v0x55a7e4f6d7b0_0, 0, 32;
    %jmp T_11.46;
T_11.46 ;
    %pop/vec4 1;
T_11.41 ;
    %load/vec4 v0x55a7e4f6d380_0;
    %cmpi/e 6, 0, 3;
    %jmp/0xz  T_11.47, 4;
    %load/vec4 v0x55a7e4f6d6f0_0;
    %store/vec4 v0x55a7e4f6d7b0_0, 0, 32;
T_11.47 ;
T_11.17 ;
    %jmp T_11;
    .thread T_11, $push;
    .scope S_0x55a7e4f6cad0;
T_12 ;
    %wait E_0x55a7e4f6cd80;
    %load/vec4 v0x55a7e4f6dfd0_0;
    %nor/r;
    %flag_set/vec4 8;
    %jmp/0xz  T_12.0, 8;
    %pushi/vec4 0, 0, 1;
    %store/vec4 v0x55a7e4f6de70_0, 0, 1;
    %pushi/vec4 0, 0, 1;
    %store/vec4 v0x55a7e4f6e090_0, 0, 1;
    %jmp T_12.1;
T_12.0 ;
    %load/vec4 v0x55a7e4f6dd30_0;
    %load/vec4 v0x55a7e4f6db20_0;
    %or;
    %store/vec4 v0x55a7e4f6de70_0, 0, 1;
    %load/vec4 v0x55a7e4f6db20_0;
    %store/vec4 v0x55a7e4f6e090_0, 0, 1;
T_12.1 ;
    %jmp T_12;
    .thread T_12, $push;
    .scope S_0x55a7e4f6e840;
T_13 ;
    %wait E_0x55a7e4f6eb10;
    %load/vec4 v0x55a7e4f6f0c0_0;
    %dup/vec4;
    %pushi/vec4 0, 0, 2;
    %cmp/u;
    %jmp/1 T_13.0, 6;
    %dup/vec4;
    %pushi/vec4 1, 0, 2;
    %cmp/u;
    %jmp/1 T_13.1, 6;
    %dup/vec4;
    %pushi/vec4 2, 0, 2;
    %cmp/u;
    %jmp/1 T_13.2, 6;
    %dup/vec4;
    %pushi/vec4 3, 0, 2;
    %cmp/u;
    %jmp/1 T_13.3, 6;
    %jmp T_13.4;
T_13.0 ;
    %load/vec4 v0x55a7e4f6eba0_0;
    %store/vec4 v0x55a7e4f6ef60_0, 0, 32;
    %jmp T_13.4;
T_13.1 ;
    %load/vec4 v0x55a7e4f6ec80_0;
    %store/vec4 v0x55a7e4f6ef60_0, 0, 32;
    %jmp T_13.4;
T_13.2 ;
    %load/vec4 v0x55a7e4f6ed90_0;
    %store/vec4 v0x55a7e4f6ef60_0, 0, 32;
    %jmp T_13.4;
T_13.3 ;
    %load/vec4 v0x55a7e4f6ee80_0;
    %store/vec4 v0x55a7e4f6ef60_0, 0, 32;
    %jmp T_13.4;
T_13.4 ;
    %pop/vec4 1;
    %jmp T_13;
    .thread T_13, $push;
    .scope S_0x55a7e4f6c260;
T_14 ;
    %wait E_0x55a7e4f6c3e0;
    %load/vec4 v0x55a7e4f6c740_0;
    %assign/vec4 v0x55a7e4f6c950_0, 0;
    %load/vec4 v0x55a7e4f6c5e0_0;
    %assign/vec4 v0x55a7e4f6c680_0, 0;
    %jmp T_14;
    .thread T_14;
    .scope S_0x55a7e4f71fd0;
T_15 ;
    %end;
    .thread T_15;
    .scope S_0x55a7e4f71fd0;
T_16 ;
    %wait E_0x55a7e4f6c3e0;
    %load/vec4 v0x55a7e4f72770_0;
    %load/vec4 v0x55a7e4f72860_0;
    %and;
    %flag_set/vec4 8;
    %jmp/0xz  T_16.0, 8;
    %load/vec4 v0x55a7e4f725a0_0;
    %parti/s 1, 0, 2;
    %flag_set/vec4 8;
    %jmp/0xz  T_16.2, 8;
    %load/vec4 v0x55a7e4f72460_0;
    %parti/s 8, 0, 2;
    %load/vec4 v0x55a7e4f722a0_0;
    %pad/u 14;
    %ix/vec4 3;
    %ix/load 4, 0, 0; Constant delay
    %assign/vec4/a/d v0x55a7e4f726b0, 0, 4;
T_16.2 ;
    %load/vec4 v0x55a7e4f725a0_0;
    %parti/s 1, 1, 2;
    %flag_set/vec4 8;
    %jmp/0xz  T_16.4, 8;
    %load/vec4 v0x55a7e4f72460_0;
    %parti/s 8, 8, 5;
    %load/vec4 v0x55a7e4f722a0_0;
    %pad/u 14;
    %ix/vec4 3;
    %ix/load 4, 8, 0; part off
    %ix/load 5, 0, 0; Constant delay
    %assign/vec4/a/d v0x55a7e4f726b0, 4, 5;
T_16.4 ;
    %load/vec4 v0x55a7e4f725a0_0;
    %parti/s 1, 2, 3;
    %flag_set/vec4 8;
    %jmp/0xz  T_16.6, 8;
    %load/vec4 v0x55a7e4f72460_0;
    %parti/s 8, 16, 6;
    %load/vec4 v0x55a7e4f722a0_0;
    %pad/u 14;
    %ix/vec4 3;
    %ix/load 4, 16, 0; part off
    %ix/load 5, 0, 0; Constant delay
    %assign/vec4/a/d v0x55a7e4f726b0, 4, 5;
T_16.6 ;
    %load/vec4 v0x55a7e4f725a0_0;
    %parti/s 1, 3, 3;
    %flag_set/vec4 8;
    %jmp/0xz  T_16.8, 8;
    %load/vec4 v0x55a7e4f72460_0;
    %parti/s 8, 24, 6;
    %load/vec4 v0x55a7e4f722a0_0;
    %pad/u 14;
    %ix/vec4 3;
    %ix/load 4, 24, 0; part off
    %ix/load 5, 0, 0; Constant delay
    %assign/vec4/a/d v0x55a7e4f726b0, 4, 5;
T_16.8 ;
    %jmp T_16.1;
T_16.0 ;
    %load/vec4 v0x55a7e4f72770_0;
    %load/vec4 v0x55a7e4f72860_0;
    %nor/r;
    %and;
    %flag_set/vec4 8;
    %jmp/0xz  T_16.10, 8;
    %load/vec4 v0x55a7e4f722a0_0;
    %pad/u 14;
    %ix/vec4 4;
    %load/vec4a v0x55a7e4f726b0, 4;
    %assign/vec4 v0x55a7e4f72500_0, 0;
T_16.10 ;
T_16.1 ;
    %jmp T_16;
    .thread T_16;
    .scope S_0x55a7e4f71ce0;
T_17 ;
    %wait E_0x55a7e4f65ae0;
    %load/vec4 v0x55a7e4f73030_0;
    %nor/r;
    %flag_set/vec4 8;
    %jmp/0xz  T_17.0, 8;
    %pushi/vec4 0, 0, 1;
    %assign/vec4 v0x55a7e4f730d0_0, 0;
    %jmp T_17.1;
T_17.0 ;
    %load/vec4 v0x55a7e4f72dc0_0;
    %assign/vec4 v0x55a7e4f730d0_0, 0;
T_17.1 ;
    %jmp T_17;
    .thread T_17;
    .scope S_0x55a7e4f73720;
T_18 ;
    %vpi_call 25 17 "$readmemh", "tb/instruc.mem", v0x55a7e4f73f10 {0 0 0};
    %end;
    .thread T_18;
    .scope S_0x55a7e4f73720;
T_19 ;
    %wait E_0x55a7e4f6c3e0;
    %load/vec4 v0x55a7e4f73fd0_0;
    %load/vec4 v0x55a7e4f74070_0;
    %and;
    %flag_set/vec4 8;
    %jmp/0xz  T_19.0, 8;
    %load/vec4 v0x55a7e4f73db0_0;
    %parti/s 1, 0, 2;
    %flag_set/vec4 8;
    %jmp/0xz  T_19.2, 8;
    %load/vec4 v0x55a7e4f73c00_0;
    %parti/s 8, 0, 2;
    %load/vec4 v0x55a7e4f73a40_0;
    %pad/u 14;
    %ix/vec4 3;
    %ix/load 4, 0, 0; Constant delay
    %assign/vec4/a/d v0x55a7e4f73f10, 0, 4;
T_19.2 ;
    %load/vec4 v0x55a7e4f73db0_0;
    %parti/s 1, 1, 2;
    %flag_set/vec4 8;
    %jmp/0xz  T_19.4, 8;
    %load/vec4 v0x55a7e4f73c00_0;
    %parti/s 8, 8, 5;
    %load/vec4 v0x55a7e4f73a40_0;
    %pad/u 14;
    %ix/vec4 3;
    %ix/load 4, 8, 0; part off
    %ix/load 5, 0, 0; Constant delay
    %assign/vec4/a/d v0x55a7e4f73f10, 4, 5;
T_19.4 ;
    %load/vec4 v0x55a7e4f73db0_0;
    %parti/s 1, 2, 3;
    %flag_set/vec4 8;
    %jmp/0xz  T_19.6, 8;
    %load/vec4 v0x55a7e4f73c00_0;
    %parti/s 8, 16, 6;
    %load/vec4 v0x55a7e4f73a40_0;
    %pad/u 14;
    %ix/vec4 3;
    %ix/load 4, 16, 0; part off
    %ix/load 5, 0, 0; Constant delay
    %assign/vec4/a/d v0x55a7e4f73f10, 4, 5;
T_19.6 ;
    %load/vec4 v0x55a7e4f73db0_0;
    %parti/s 1, 3, 3;
    %flag_set/vec4 8;
    %jmp/0xz  T_19.8, 8;
    %load/vec4 v0x55a7e4f73c00_0;
    %parti/s 8, 24, 6;
    %load/vec4 v0x55a7e4f73a40_0;
    %pad/u 14;
    %ix/vec4 3;
    %ix/load 4, 24, 0; part off
    %ix/load 5, 0, 0; Constant delay
    %assign/vec4/a/d v0x55a7e4f73f10, 4, 5;
T_19.8 ;
    %jmp T_19.1;
T_19.0 ;
    %load/vec4 v0x55a7e4f73fd0_0;
    %load/vec4 v0x55a7e4f74070_0;
    %nor/r;
    %and;
    %flag_set/vec4 8;
    %jmp/0xz  T_19.10, 8;
    %load/vec4 v0x55a7e4f73a40_0;
    %pad/u 14;
    %ix/vec4 4;
    %load/vec4a v0x55a7e4f73f10, 4;
    %assign/vec4 v0x55a7e4f73ca0_0, 0;
T_19.10 ;
T_19.1 ;
    %jmp T_19;
    .thread T_19;
    .scope S_0x55a7e4f733e0;
T_20 ;
    %wait E_0x55a7e4f65ae0;
    %load/vec4 v0x55a7e4f74700_0;
    %nor/r;
    %flag_set/vec4 8;
    %jmp/0xz  T_20.0, 8;
    %pushi/vec4 0, 0, 1;
    %assign/vec4 v0x55a7e4f747a0_0, 0;
    %jmp T_20.1;
T_20.0 ;
    %load/vec4 v0x55a7e4f74610_0;
    %assign/vec4 v0x55a7e4f747a0_0, 0;
T_20.1 ;
    %jmp T_20;
    .thread T_20;
    .scope S_0x55a7e4e674c0;
T_21 ;
    %pushi/vec4 0, 0, 1;
    %store/vec4 v0x55a7e4f75c00_0, 0, 1;
    %pushi/vec4 1, 0, 1;
    %store/vec4 v0x55a7e4f75d80_0, 0, 1;
    %pushi/vec4 0, 0, 1;
    %store/vec4 v0x55a7e4f75cc0_0, 0, 1;
    %delay 10000, 0;
    %pushi/vec4 0, 0, 1;
    %store/vec4 v0x55a7e4f75d80_0, 0, 1;
    %delay 10000, 0;
    %pushi/vec4 1, 0, 1;
    %store/vec4 v0x55a7e4f75d80_0, 0, 1;
    %delay 140000, 0;
    %vpi_call 2 27 "$finish" {0 0 0};
    %end;
    .thread T_21;
    .scope S_0x55a7e4e674c0;
T_22 ;
    %vpi_call 2 30 "$dumpfile", "temp/microprocessor.vcd" {0 0 0};
    %vpi_call 2 31 "$dumpvars", 32'sb00000000000000000000000000000000, S_0x55a7e4e674c0 {0 0 0};
    %end;
    .thread T_22;
    .scope S_0x55a7e4e674c0;
T_23 ;
    %delay 5000, 0;
    %load/vec4 v0x55a7e4f75c00_0;
    %inv;
    %store/vec4 v0x55a7e4f75c00_0, 0, 1;
    %jmp T_23;
    .thread T_23;
# The file index is used to find the file name in the following table.
:file_names 27;
    "N/A";
    "<interactive>";
    "/home/hajra/RISCV_RV32I/fetch_pipeline/tb/microprocessor_tb.v";
    "/home/hajra/RISCV_RV32I/fetch_pipeline/src/Microprocessor.v";
    "/home/hajra/RISCV_RV32I/fetch_pipeline/src/core.v";
    "/home/hajra/RISCV_RV32I/fetch_pipeline/src/decode.v";
    "/home/hajra/RISCV_RV32I/fetch_pipeline/src/branch.v";
    "/home/hajra/RISCV_RV32I/fetch_pipeline/src/control_unit.v";
    "/home/hajra/RISCV_RV32I/fetch_pipeline/src/controldecode.v";
    "/home/hajra/RISCV_RV32I/fetch_pipeline/src/typedec.v";
    "/home/hajra/RISCV_RV32I/fetch_pipeline/src/imm_gen.v";
    "/home/hajra/RISCV_RV32I/fetch_pipeline/src/mux3_8.v";
    "/home/hajra/RISCV_RV32I/fetch_pipeline/src/mux.v";
    "/home/hajra/RISCV_RV32I/fetch_pipeline/src/regfile.v";
    "/home/hajra/RISCV_RV32I/fetch_pipeline/src/execute.v";
    "/home/hajra/RISCV_RV32I/fetch_pipeline/src/adder.v";
    "/home/hajra/RISCV_RV32I/fetch_pipeline/src/alu.v";
    "/home/hajra/RISCV_RV32I/fetch_pipeline/src/fetch.v";
    "/home/hajra/RISCV_RV32I/fetch_pipeline/src/program_counter.v";
    "/home/hajra/RISCV_RV32I/fetch_pipeline/src/fetch_pipeline.v";
    "/home/hajra/RISCV_RV32I/fetch_pipeline/src/mem_stage.v";
    "/home/hajra/RISCV_RV32I/fetch_pipeline/src/wrapmem.v";
    "/home/hajra/RISCV_RV32I/fetch_pipeline/src/write_back.v";
    "/home/hajra/RISCV_RV32I/fetch_pipeline/src/mux2.v";
    "/home/hajra/RISCV_RV32I/fetch_pipeline/src/datamem_top.v";
    "/home/hajra/RISCV_RV32I/fetch_pipeline/src/memory.v";
    "/home/hajra/RISCV_RV32I/fetch_pipeline/src/instruc_mem_top.v";
